*** Using Compiler 'V5.06 update 7 (build 960)', folder: 'C:\Keil_v5\ARM\Ac506u7\Bin'
Build target 'standard_robot'
compiling pid.c...
compiling chassis_power_control.c...
compiling INS_task.c...
compiling gimbal_behaviour.c...
compiling vision_task.c...
compiling vision_usart.c...
compiling gimbal_task.c...
..\application\gimbal_task.c(207): warning:  #550-D: variable "yaw_can_set_current"  was set but never used
      int16_t yaw_can_set_current = 0;
..\application\gimbal_task.c(208): warning:  #550-D: variable "pitch_can_set_current"  was set but never used
      int16_t pitch_can_set_current = 0;
..\application\gimbal_task.c: 2 warnings, 0 errors
compiling main.c...
compiling chassis_behaviour.c...
compiling chassis_task.c...
compiling freertos.c...
compiling calibrate_task.c...
compiling shoot_task.c...
linking...
Program Size: Code=113808 RO-data=13936 RW-data=1280 ZI-data=60632  
FromELF: creating hex file...
"standard_tpye_c\standard_tpye_c.axf" - 0 Error(s), 2 Warning(s).
Build Time Elapsed:  00:00:12
