-- Found ament_cmake: 1.3.3 (/opt/ros/humble/share/ament_cmake/cmake)
-- Found rclcpp: 16.0.2 (/opt/ros/humble/share/rclcpp/cmake)
-- Found rosidl_generator_c: 3.1.4 (/opt/ros/humble/share/rosidl_generator_c/cmake)
-- Found rosidl_adapter: 3.1.4 (/opt/ros/humble/share/rosidl_adapter/cmake)
-- Found rosidl_generator_cpp: 3.1.4 (/opt/ros/humble/share/rosidl_generator_cpp/cmake)
-- Using all available rosidl_typesupport_c: rosidl_typesupport_fastrtps_c;rosidl_typesupport_introspection_c
-- Using all available rosidl_typesupport_cpp: rosidl_typesupport_fastrtps_cpp;rosidl_typesupport_introspection_cpp
-- Found rmw_implementation_cmake: 6.1.1 (/opt/ros/humble/share/rmw_implementation_cmake/cmake)
-- Found rmw_fastrtps_cpp: 6.2.2 (/opt/ros/humble/share/rmw_fastrtps_cpp/cmake)
-- Using RMW implementation 'rmw_fastrtps_cpp' as default
-- Found ament_lint_auto: 0.12.4 (/opt/ros/humble/share/ament_lint_auto/cmake)
-- Added test 'cppcheck' to perform static code analysis on C / C++ code
-- Configured cppcheck include dirs: $<BUILD_INTERFACE:/home/yuanluochen/code/RobotMaster/guard/src/serial/include>
-- Configured cppcheck exclude dirs and/or files: 
-- Added test 'lint_cmake' to check CMake code style
-- Added test 'uncrustify' to check C / C++ code style
-- Configured uncrustify additional arguments: 
-- Added test 'xmllint' to check XML markup files
-- Configuring done
-- Generating done
-- Build files have been written to: /home/yuanluochen/code/RobotMaster/guard/build/serial
[ 33%] [32mBuilding CXX object CMakeFiles/serial.dir/src/serial/serial.cpp.o[0m
[ 66%] [32mBuilding CXX object CMakeFiles/serial.dir/src/main.cpp.o[0m
[100%] [32m[1mLinking CXX executable serial[0m
[100%] Built target serial
-- Install configuration: ""
-- Installing: /home/yuanluochen/code/RobotMaster/guard/install/serial/lib/serial/serial
-- Set runtime path of "/home/yuanluochen/code/RobotMaster/guard/install/serial/lib/serial/serial" to ""
-- Up-to-date: /home/yuanluochen/code/RobotMaster/guard/install/serial/share/ament_index/resource_index/package_run_dependencies/serial
-- Up-to-date: /home/yuanluochen/code/RobotMaster/guard/install/serial/share/ament_index/resource_index/parent_prefix_path/serial
-- Up-to-date: /home/yuanluochen/code/RobotMaster/guard/install/serial/share/serial/environment/ament_prefix_path.sh
-- Installing: /home/yuanluochen/code/RobotMaster/guard/install/serial/share/serial/environment/ament_prefix_path.dsv
-- Up-to-date: /home/yuanluochen/code/RobotMaster/guard/install/serial/share/serial/environment/path.sh
-- Installing: /home/yuanluochen/code/RobotMaster/guard/install/serial/share/serial/environment/path.dsv
-- Up-to-date: /home/yuanluochen/code/RobotMaster/guard/install/serial/share/serial/local_setup.bash
-- Up-to-date: /home/yuanluochen/code/RobotMaster/guard/install/serial/share/serial/local_setup.sh
-- Up-to-date: /home/yuanluochen/code/RobotMaster/guard/install/serial/share/serial/local_setup.zsh
-- Installing: /home/yuanluochen/code/RobotMaster/guard/install/serial/share/serial/local_setup.dsv
-- Installing: /home/yuanluochen/code/RobotMaster/guard/install/serial/share/serial/package.dsv
-- Up-to-date: /home/yuanluochen/code/RobotMaster/guard/install/serial/share/ament_index/resource_index/packages/serial
-- Up-to-date: /home/yuanluochen/code/RobotMaster/guard/install/serial/share/serial/cmake/serialConfig.cmake
-- Up-to-date: /home/yuanluochen/code/RobotMaster/guard/install/serial/share/serial/cmake/serialConfig-version.cmake
-- Up-to-date: /home/yuanluochen/code/RobotMaster/guard/install/serial/share/serial/package.xml
