[0.008s] Invoking command in '/home/yuanluochen/code/RobotMaster/guard/build/serial': CMAKE_PREFIX_PATH=/opt/ros/humble /usr/bin/cmake --build /home/yuanluochen/code/RobotMaster/guard/build/serial -- -j16 -l16
[0.022s] -- Found ament_cmake: 1.3.3 (/opt/ros/humble/share/ament_cmake/cmake)
[0.106s] -- Found rclcpp: 16.0.2 (/opt/ros/humble/share/rclcpp/cmake)
[0.126s] -- Found rosidl_generator_c: 3.1.4 (/opt/ros/humble/share/rosidl_generator_c/cmake)
[0.127s] -- Found rosidl_adapter: 3.1.4 (/opt/ros/humble/share/rosidl_adapter/cmake)
[0.131s] -- Found rosidl_generator_cpp: 3.1.4 (/opt/ros/humble/share/rosidl_generator_cpp/cmake)
[0.137s] -- Using all available rosidl_typesupport_c: rosidl_typesupport_fastrtps_c;rosidl_typesupport_introspection_c
[0.146s] -- Using all available rosidl_typesupport_cpp: rosidl_typesupport_fastrtps_cpp;rosidl_typesupport_introspection_cpp
[0.180s] -- Found rmw_implementation_cmake: 6.1.1 (/opt/ros/humble/share/rmw_implementation_cmake/cmake)
[0.181s] -- Found rmw_fastrtps_cpp: 6.2.2 (/opt/ros/humble/share/rmw_fastrtps_cpp/cmake)
[0.254s] -- Using RMW implementation 'rmw_fastrtps_cpp' as default
[0.350s] -- Found ament_lint_auto: 0.12.4 (/opt/ros/humble/share/ament_lint_auto/cmake)
[0.389s] -- Added test 'cppcheck' to perform static code analysis on C / C++ code
[0.389s] -- Configured cppcheck include dirs: $<BUILD_INTERFACE:/home/yuanluochen/code/RobotMaster/guard/src/serial/include>
[0.389s] -- Configured cppcheck exclude dirs and/or files: 
[0.389s] -- Added test 'lint_cmake' to check CMake code style
[0.390s] -- Added test 'uncrustify' to check C / C++ code style
[0.390s] -- Configured uncrustify additional arguments: 
[0.390s] -- Added test 'xmllint' to check XML markup files
[0.390s] -- Configuring done
[0.395s] -- Generating done
[0.396s] -- Build files have been written to: /home/yuanluochen/code/RobotMaster/guard/build/serial
[0.417s] [ 33%] [32mBuilding CXX object CMakeFiles/serial.dir/src/serial/serial.cpp.o[0m
[0.417s] [ 66%] [32mBuilding CXX object CMakeFiles/serial.dir/src/main.cpp.o[0m
[0.564s] [01m[K/home/yuanluochen/code/RobotMaster/guard/src/serial/src/serial/serial.cpp:[m[K In member function ‘[01m[Kvoid SerialSpace::Serial::sendMessage(std::string, int)[m[K’:
[0.564s] [01m[K/home/yuanluochen/code/RobotMaster/guard/src/serial/src/serial/serial.cpp:198:17:[m[K [01;35m[Kwarning: [m[Ksuggest parentheses around assignment used as truth value [[01;35m[K]8;;https://gcc.gnu.org/onlinedocs/gcc/Warning-Options.html#index-Wparentheses-Wparentheses]8;;[m[K]
[0.564s]   198 |     if ([01;35m[KdataLen = len[m[K)
[0.564s]       |         [01;35m[K~~~~~~~~^~~~~[m[K
[5.542s] [100%] [32m[1mLinking CXX executable serial[0m
[5.771s] [100%] Built target serial
[5.777s] Invoked command in '/home/yuanluochen/code/RobotMaster/guard/build/serial' returned '0': CMAKE_PREFIX_PATH=/opt/ros/humble /usr/bin/cmake --build /home/yuanluochen/code/RobotMaster/guard/build/serial -- -j16 -l16
[5.795s] Invoking command in '/home/yuanluochen/code/RobotMaster/guard/build/serial': CMAKE_PREFIX_PATH=/opt/ros/humble /usr/bin/cmake --install /home/yuanluochen/code/RobotMaster/guard/build/serial
[5.798s] -- Install configuration: ""
[5.798s] -- Installing: /home/yuanluochen/code/RobotMaster/guard/install/serial/lib/serial/serial
[5.801s] -- Set runtime path of "/home/yuanluochen/code/RobotMaster/guard/install/serial/lib/serial/serial" to ""
[5.801s] -- Up-to-date: /home/yuanluochen/code/RobotMaster/guard/install/serial/share/ament_index/resource_index/package_run_dependencies/serial
[5.801s] -- Up-to-date: /home/yuanluochen/code/RobotMaster/guard/install/serial/share/ament_index/resource_index/parent_prefix_path/serial
[5.801s] -- Up-to-date: /home/yuanluochen/code/RobotMaster/guard/install/serial/share/serial/environment/ament_prefix_path.sh
[5.801s] -- Installing: /home/yuanluochen/code/RobotMaster/guard/install/serial/share/serial/environment/ament_prefix_path.dsv
[5.801s] -- Up-to-date: /home/yuanluochen/code/RobotMaster/guard/install/serial/share/serial/environment/path.sh
[5.801s] -- Installing: /home/yuanluochen/code/RobotMaster/guard/install/serial/share/serial/environment/path.dsv
[5.801s] -- Up-to-date: /home/yuanluochen/code/RobotMaster/guard/install/serial/share/serial/local_setup.bash
[5.801s] -- Up-to-date: /home/yuanluochen/code/RobotMaster/guard/install/serial/share/serial/local_setup.sh
[5.801s] -- Up-to-date: /home/yuanluochen/code/RobotMaster/guard/install/serial/share/serial/local_setup.zsh
[5.801s] -- Installing: /home/yuanluochen/code/RobotMaster/guard/install/serial/share/serial/local_setup.dsv
[5.801s] -- Installing: /home/yuanluochen/code/RobotMaster/guard/install/serial/share/serial/package.dsv
[5.801s] -- Up-to-date: /home/yuanluochen/code/RobotMaster/guard/install/serial/share/ament_index/resource_index/packages/serial
[5.801s] -- Up-to-date: /home/yuanluochen/code/RobotMaster/guard/install/serial/share/serial/cmake/serialConfig.cmake
[5.801s] -- Up-to-date: /home/yuanluochen/code/RobotMaster/guard/install/serial/share/serial/cmake/serialConfig-version.cmake
[5.801s] -- Up-to-date: /home/yuanluochen/code/RobotMaster/guard/install/serial/share/serial/package.xml
[5.803s] Invoked command in '/home/yuanluochen/code/RobotMaster/guard/build/serial' returned '0': CMAKE_PREFIX_PATH=/opt/ros/humble /usr/bin/cmake --install /home/yuanluochen/code/RobotMaster/guard/build/serial
