[0.290s] DEBUG:colcon:Command line arguments: ['/usr/bin/colcon', 'build']
[0.291s] DEBUG:colcon:Parsed command line arguments: Namespace(log_base=None, log_level=None, verb_name='build', build_base='build', install_base='install', merge_install=False, symlink_install=False, test_result_base=None, continue_on_error=False, executor='parallel', parallel_workers=16, event_handlers=None, ignore_user_meta=False, metas=['./colcon.meta'], base_paths=['.'], packages_ignore=None, packages_ignore_regex=None, paths=None, packages_up_to=None, packages_up_to_regex=None, packages_above=None, packages_above_and_dependencies=None, packages_above_depth=None, packages_select_by_dep=None, packages_skip_by_dep=None, packages_skip_up_to=None, packages_select_build_failed=False, packages_skip_build_finished=False, packages_select_test_failures=False, packages_skip_test_passed=False, packages_select=None, packages_skip=None, packages_select_regex=None, packages_skip_regex=None, packages_start=None, packages_end=None, allow_overriding=[], cmake_args=None, cmake_target=None, cmake_target_skip_unavailable=False, cmake_clean_cache=False, cmake_clean_first=False, cmake_force_configure=False, ament_cmake_args=None, catkin_cmake_args=None, catkin_skip_building_tests=False, verb_parser=<colcon_defaults.argument_parser.defaults.DefaultArgumentsDecorator object at 0x7fe0d3306e00>, verb_extension=<colcon_core.verb.build.BuildVerb object at 0x7fe0d3d345e0>, main=<bound method BuildVerb.main of <colcon_core.verb.build.BuildVerb object at 0x7fe0d3d345e0>>)
[0.312s] Level 1:colcon.colcon_core.package_discovery:discover_packages(colcon_meta) check parameters
[0.313s] Level 1:colcon.colcon_core.package_discovery:discover_packages(recursive) check parameters
[0.313s] Level 1:colcon.colcon_core.package_discovery:discover_packages(ignore) check parameters
[0.313s] Level 1:colcon.colcon_core.package_discovery:discover_packages(path) check parameters
[0.313s] Level 1:colcon.colcon_core.package_discovery:discover_packages(colcon_meta) discover
[0.313s] Level 1:colcon.colcon_core.package_discovery:discover_packages(recursive) discover
[0.313s] INFO:colcon.colcon_core.package_discovery:Crawling recursively for packages in '/home/yuanluochen/code/guard/guard_ros'
[0.313s] Level 1:colcon.colcon_core.package_identification:_identify(.) by extensions ['ignore', 'ignore_ament_install']
[0.313s] Level 1:colcon.colcon_core.package_identification:_identify(.) by extension 'ignore'
[0.313s] Level 1:colcon.colcon_core.package_identification:_identify(.) by extension 'ignore_ament_install'
[0.313s] Level 1:colcon.colcon_core.package_identification:_identify(.) by extensions ['colcon_pkg']
[0.313s] Level 1:colcon.colcon_core.package_identification:_identify(.) by extension 'colcon_pkg'
[0.313s] Level 1:colcon.colcon_core.package_identification:_identify(.) by extensions ['colcon_meta']
[0.313s] Level 1:colcon.colcon_core.package_identification:_identify(.) by extension 'colcon_meta'
[0.313s] Level 1:colcon.colcon_core.package_identification:_identify(.) by extensions ['ros']
[0.313s] Level 1:colcon.colcon_core.package_identification:_identify(.) by extension 'ros'
[0.322s] Level 1:colcon.colcon_core.package_identification:_identify(.) by extensions ['cmake', 'python']
[0.322s] Level 1:colcon.colcon_core.package_identification:_identify(.) by extension 'cmake'
[0.322s] Level 1:colcon.colcon_core.package_identification:_identify(.) by extension 'python'
[0.322s] Level 1:colcon.colcon_core.package_identification:_identify(.) by extensions ['python_setup_py']
[0.322s] Level 1:colcon.colcon_core.package_identification:_identify(.) by extension 'python_setup_py'
[0.322s] Level 1:colcon.colcon_core.package_identification:_identify(build) by extensions ['ignore', 'ignore_ament_install']
[0.322s] Level 1:colcon.colcon_core.package_identification:_identify(build) by extension 'ignore'
[0.322s] Level 1:colcon.colcon_core.package_identification:_identify(build) ignored
[0.322s] Level 1:colcon.colcon_core.package_identification:_identify(install) by extensions ['ignore', 'ignore_ament_install']
[0.322s] Level 1:colcon.colcon_core.package_identification:_identify(install) by extension 'ignore'
[0.322s] Level 1:colcon.colcon_core.package_identification:_identify(install) ignored
[0.322s] Level 1:colcon.colcon_core.package_identification:_identify(log) by extensions ['ignore', 'ignore_ament_install']
[0.322s] Level 1:colcon.colcon_core.package_identification:_identify(log) by extension 'ignore'
[0.322s] Level 1:colcon.colcon_core.package_identification:_identify(log) ignored
[0.323s] Level 1:colcon.colcon_core.package_identification:_identify(src) by extensions ['ignore', 'ignore_ament_install']
[0.323s] Level 1:colcon.colcon_core.package_identification:_identify(src) by extension 'ignore'
[0.323s] Level 1:colcon.colcon_core.package_identification:_identify(src) by extension 'ignore_ament_install'
[0.323s] Level 1:colcon.colcon_core.package_identification:_identify(src) by extensions ['colcon_pkg']
[0.323s] Level 1:colcon.colcon_core.package_identification:_identify(src) by extension 'colcon_pkg'
[0.323s] Level 1:colcon.colcon_core.package_identification:_identify(src) by extensions ['colcon_meta']
[0.323s] Level 1:colcon.colcon_core.package_identification:_identify(src) by extension 'colcon_meta'
[0.323s] Level 1:colcon.colcon_core.package_identification:_identify(src) by extensions ['ros']
[0.323s] Level 1:colcon.colcon_core.package_identification:_identify(src) by extension 'ros'
[0.323s] Level 1:colcon.colcon_core.package_identification:_identify(src) by extensions ['cmake', 'python']
[0.323s] Level 1:colcon.colcon_core.package_identification:_identify(src) by extension 'cmake'
[0.323s] Level 1:colcon.colcon_core.package_identification:_identify(src) by extension 'python'
[0.323s] Level 1:colcon.colcon_core.package_identification:_identify(src) by extensions ['python_setup_py']
[0.323s] Level 1:colcon.colcon_core.package_identification:_identify(src) by extension 'python_setup_py'
[0.323s] Level 1:colcon.colcon_core.package_identification:_identify(src/FAST_LIO) by extensions ['ignore', 'ignore_ament_install']
[0.323s] Level 1:colcon.colcon_core.package_identification:_identify(src/FAST_LIO) by extension 'ignore'
[0.323s] Level 1:colcon.colcon_core.package_identification:_identify(src/FAST_LIO) by extension 'ignore_ament_install'
[0.323s] Level 1:colcon.colcon_core.package_identification:_identify(src/FAST_LIO) by extensions ['colcon_pkg']
[0.323s] Level 1:colcon.colcon_core.package_identification:_identify(src/FAST_LIO) by extension 'colcon_pkg'
[0.323s] Level 1:colcon.colcon_core.package_identification:_identify(src/FAST_LIO) by extensions ['colcon_meta']
[0.323s] Level 1:colcon.colcon_core.package_identification:_identify(src/FAST_LIO) by extension 'colcon_meta'
[0.323s] Level 1:colcon.colcon_core.package_identification:_identify(src/FAST_LIO) by extensions ['ros']
[0.323s] Level 1:colcon.colcon_core.package_identification:_identify(src/FAST_LIO) by extension 'ros'
[0.327s] DEBUG:colcon.colcon_core.package_identification:Package 'src/FAST_LIO' with type 'ros.ament_cmake' and name 'fast_lio'
[0.327s] Level 1:colcon.colcon_core.package_identification:_identify(src/livox_ros_driver2) by extensions ['ignore', 'ignore_ament_install']
[0.327s] Level 1:colcon.colcon_core.package_identification:_identify(src/livox_ros_driver2) by extension 'ignore'
[0.327s] Level 1:colcon.colcon_core.package_identification:_identify(src/livox_ros_driver2) by extension 'ignore_ament_install'
[0.327s] Level 1:colcon.colcon_core.package_identification:_identify(src/livox_ros_driver2) by extensions ['colcon_pkg']
[0.327s] Level 1:colcon.colcon_core.package_identification:_identify(src/livox_ros_driver2) by extension 'colcon_pkg'
[0.327s] Level 1:colcon.colcon_core.package_identification:_identify(src/livox_ros_driver2) by extensions ['colcon_meta']
[0.327s] Level 1:colcon.colcon_core.package_identification:_identify(src/livox_ros_driver2) by extension 'colcon_meta'
[0.327s] Level 1:colcon.colcon_core.package_identification:_identify(src/livox_ros_driver2) by extensions ['ros']
[0.327s] Level 1:colcon.colcon_core.package_identification:_identify(src/livox_ros_driver2) by extension 'ros'
[0.328s] DEBUG:colcon.colcon_core.package_identification:Package 'src/livox_ros_driver2' with type 'ros.ament_cmake' and name 'livox_ros_driver2'
[0.328s] Level 1:colcon.colcon_core.package_discovery:discover_packages(recursive) using defaults
[0.328s] Level 1:colcon.colcon_core.package_discovery:discover_packages(ignore) discover
[0.328s] Level 1:colcon.colcon_core.package_discovery:discover_packages(ignore) using defaults
[0.328s] Level 1:colcon.colcon_core.package_discovery:discover_packages(path) discover
[0.328s] Level 1:colcon.colcon_core.package_discovery:discover_packages(path) using defaults
[0.354s] Level 1:colcon.colcon_core.package_discovery:discover_packages(prefix_path) check parameters
[0.354s] Level 1:colcon.colcon_core.package_discovery:discover_packages(prefix_path) discover
[0.356s] DEBUG:colcon.colcon_installed_package_information.package_discovery:Found 2 installed packages in /home/yuanluochen/code/guard/guard_ros/install
[0.358s] DEBUG:colcon.colcon_installed_package_information.package_discovery:Found 333 installed packages in /opt/ros/humble
[0.359s] Level 1:colcon.colcon_core.package_discovery:discover_packages(prefix_path) using defaults
[0.411s] Level 5:colcon.colcon_core.verb:set package 'livox_ros_driver2' build argument 'cmake_args' from command line to 'None'
[0.411s] Level 5:colcon.colcon_core.verb:set package 'livox_ros_driver2' build argument 'cmake_target' from command line to 'None'
[0.411s] Level 5:colcon.colcon_core.verb:set package 'livox_ros_driver2' build argument 'cmake_target_skip_unavailable' from command line to 'False'
[0.411s] Level 5:colcon.colcon_core.verb:set package 'livox_ros_driver2' build argument 'cmake_clean_cache' from command line to 'False'
[0.411s] Level 5:colcon.colcon_core.verb:set package 'livox_ros_driver2' build argument 'cmake_clean_first' from command line to 'False'
[0.411s] Level 5:colcon.colcon_core.verb:set package 'livox_ros_driver2' build argument 'cmake_force_configure' from command line to 'False'
[0.411s] Level 5:colcon.colcon_core.verb:set package 'livox_ros_driver2' build argument 'ament_cmake_args' from command line to 'None'
[0.411s] Level 5:colcon.colcon_core.verb:set package 'livox_ros_driver2' build argument 'catkin_cmake_args' from command line to 'None'
[0.411s] Level 5:colcon.colcon_core.verb:set package 'livox_ros_driver2' build argument 'catkin_skip_building_tests' from command line to 'False'
[0.411s] DEBUG:colcon.colcon_core.verb:Building package 'livox_ros_driver2' with the following arguments: {'ament_cmake_args': None, 'build_base': '/home/yuanluochen/code/guard/guard_ros/build/livox_ros_driver2', 'catkin_cmake_args': None, 'catkin_skip_building_tests': False, 'cmake_args': None, 'cmake_clean_cache': False, 'cmake_clean_first': False, 'cmake_force_configure': False, 'cmake_target': None, 'cmake_target_skip_unavailable': False, 'install_base': '/home/yuanluochen/code/guard/guard_ros/install/livox_ros_driver2', 'merge_install': False, 'path': '/home/yuanluochen/code/guard/guard_ros/src/livox_ros_driver2', 'symlink_install': False, 'test_result_base': None}
[0.412s] Level 5:colcon.colcon_core.verb:set package 'fast_lio' build argument 'cmake_args' from command line to 'None'
[0.412s] Level 5:colcon.colcon_core.verb:set package 'fast_lio' build argument 'cmake_target' from command line to 'None'
[0.412s] Level 5:colcon.colcon_core.verb:set package 'fast_lio' build argument 'cmake_target_skip_unavailable' from command line to 'False'
[0.412s] Level 5:colcon.colcon_core.verb:set package 'fast_lio' build argument 'cmake_clean_cache' from command line to 'False'
[0.412s] Level 5:colcon.colcon_core.verb:set package 'fast_lio' build argument 'cmake_clean_first' from command line to 'False'
[0.412s] Level 5:colcon.colcon_core.verb:set package 'fast_lio' build argument 'cmake_force_configure' from command line to 'False'
[0.412s] Level 5:colcon.colcon_core.verb:set package 'fast_lio' build argument 'ament_cmake_args' from command line to 'None'
[0.412s] Level 5:colcon.colcon_core.verb:set package 'fast_lio' build argument 'catkin_cmake_args' from command line to 'None'
[0.412s] Level 5:colcon.colcon_core.verb:set package 'fast_lio' build argument 'catkin_skip_building_tests' from command line to 'False'
[0.412s] DEBUG:colcon.colcon_core.verb:Building package 'fast_lio' with the following arguments: {'ament_cmake_args': None, 'build_base': '/home/yuanluochen/code/guard/guard_ros/build/fast_lio', 'catkin_cmake_args': None, 'catkin_skip_building_tests': False, 'cmake_args': None, 'cmake_clean_cache': False, 'cmake_clean_first': False, 'cmake_force_configure': False, 'cmake_target': None, 'cmake_target_skip_unavailable': False, 'install_base': '/home/yuanluochen/code/guard/guard_ros/install/fast_lio', 'merge_install': False, 'path': '/home/yuanluochen/code/guard/guard_ros/src/FAST_LIO', 'symlink_install': False, 'test_result_base': None}
[0.413s] INFO:colcon.colcon_core.executor:Executing jobs using 'parallel' executor
[0.416s] DEBUG:colcon.colcon_parallel_executor.executor.parallel:run_until_complete
[0.416s] INFO:colcon.colcon_ros.task.ament_cmake.build:Building ROS package in '/home/yuanluochen/code/guard/guard_ros/src/livox_ros_driver2' with build type 'ament_cmake'
[0.416s] INFO:colcon.colcon_cmake.task.cmake.build:Building CMake package in '/home/yuanluochen/code/guard/guard_ros/src/livox_ros_driver2'
[0.422s] INFO:colcon.colcon_core.plugin_system:Skipping extension 'colcon_core.shell.bat': Not used on non-Windows systems
[0.422s] INFO:colcon.colcon_core.shell:Skip shell extension 'powershell' for command environment: Not usable outside of PowerShell
[0.422s] DEBUG:colcon.colcon_core.shell:Skip shell extension 'dsv' for command environment
[0.432s] DEBUG:colcon.colcon_core.event_handler.log_command:Invoking command in '/home/yuanluochen/code/guard/guard_ros/build/livox_ros_driver2': CMAKE_PREFIX_PATH=${CMAKE_PREFIX_PATH}:/opt/ros/humble /usr/bin/cmake /home/yuanluochen/code/guard/guard_ros/src/livox_ros_driver2 -DCMAKE_INSTALL_PREFIX=/home/yuanluochen/code/guard/guard_ros/install/livox_ros_driver2
[2.620s] DEBUG:colcon.colcon_core.event_handler.log_command:Invoked command in '/home/yuanluochen/code/guard/guard_ros/build/livox_ros_driver2' returned '0': CMAKE_PREFIX_PATH=${CMAKE_PREFIX_PATH}:/opt/ros/humble /usr/bin/cmake /home/yuanluochen/code/guard/guard_ros/src/livox_ros_driver2 -DCMAKE_INSTALL_PREFIX=/home/yuanluochen/code/guard/guard_ros/install/livox_ros_driver2
[2.623s] DEBUG:colcon.colcon_core.event_handler.log_command:Invoking command in '/home/yuanluochen/code/guard/guard_ros/build/livox_ros_driver2': CMAKE_PREFIX_PATH=${CMAKE_PREFIX_PATH}:/opt/ros/humble /usr/bin/cmake --build /home/yuanluochen/code/guard/guard_ros/build/livox_ros_driver2 -- -j16 -l16
[2.951s] DEBUG:colcon.colcon_core.event_handler.log_command:Invoked command in '/home/yuanluochen/code/guard/guard_ros/build/livox_ros_driver2' returned '0': CMAKE_PREFIX_PATH=${CMAKE_PREFIX_PATH}:/opt/ros/humble /usr/bin/cmake --build /home/yuanluochen/code/guard/guard_ros/build/livox_ros_driver2 -- -j16 -l16
[3.072s] DEBUG:colcon.colcon_core.event_handler.log_command:Invoking command in '/home/yuanluochen/code/guard/guard_ros/build/livox_ros_driver2': CMAKE_PREFIX_PATH=${CMAKE_PREFIX_PATH}:/opt/ros/humble /usr/bin/cmake --install /home/yuanluochen/code/guard/guard_ros/build/livox_ros_driver2
[3.122s] Level 1:colcon.colcon_core.environment:create_environment_scripts_only(livox_ros_driver2)
[3.123s] DEBUG:colcon.colcon_core.event_handler.log_command:Invoked command in '/home/yuanluochen/code/guard/guard_ros/build/livox_ros_driver2' returned '0': CMAKE_PREFIX_PATH=${CMAKE_PREFIX_PATH}:/opt/ros/humble /usr/bin/cmake --install /home/yuanluochen/code/guard/guard_ros/build/livox_ros_driver2
[3.127s] Level 1:colcon.colcon_core.environment:checking '/home/yuanluochen/code/guard/guard_ros/install/livox_ros_driver2' for CMake module files
[3.127s] Level 1:colcon.colcon_core.environment:checking '/home/yuanluochen/code/guard/guard_ros/install/livox_ros_driver2' for CMake config files
[3.127s] Level 1:colcon.colcon_core.shell:create_environment_hook('livox_ros_driver2', 'cmake_prefix_path')
[3.129s] INFO:colcon.colcon_core.shell:Creating environment hook '/home/yuanluochen/code/guard/guard_ros/install/livox_ros_driver2/share/livox_ros_driver2/hook/cmake_prefix_path.ps1'
[3.129s] INFO:colcon.colcon_core.shell:Creating environment descriptor '/home/yuanluochen/code/guard/guard_ros/install/livox_ros_driver2/share/livox_ros_driver2/hook/cmake_prefix_path.dsv'
[3.130s] INFO:colcon.colcon_core.shell:Creating environment hook '/home/yuanluochen/code/guard/guard_ros/install/livox_ros_driver2/share/livox_ros_driver2/hook/cmake_prefix_path.sh'
[3.130s] Level 1:colcon.colcon_core.environment:checking '/home/yuanluochen/code/guard/guard_ros/install/livox_ros_driver2/lib'
[3.130s] Level 1:colcon.colcon_core.shell:create_environment_hook('livox_ros_driver2', 'ld_library_path_lib')
[3.132s] INFO:colcon.colcon_core.shell:Creating environment hook '/home/yuanluochen/code/guard/guard_ros/install/livox_ros_driver2/share/livox_ros_driver2/hook/ld_library_path_lib.ps1'
[3.132s] INFO:colcon.colcon_core.shell:Creating environment descriptor '/home/yuanluochen/code/guard/guard_ros/install/livox_ros_driver2/share/livox_ros_driver2/hook/ld_library_path_lib.dsv'
[3.132s] INFO:colcon.colcon_core.shell:Creating environment hook '/home/yuanluochen/code/guard/guard_ros/install/livox_ros_driver2/share/livox_ros_driver2/hook/ld_library_path_lib.sh'
[3.132s] Level 1:colcon.colcon_core.environment:checking '/home/yuanluochen/code/guard/guard_ros/install/livox_ros_driver2/bin'
[3.132s] Level 1:colcon.colcon_core.environment:checking '/home/yuanluochen/code/guard/guard_ros/install/livox_ros_driver2/lib/pkgconfig/livox_ros_driver2.pc'
[3.133s] Level 1:colcon.colcon_core.environment:checking '/home/yuanluochen/code/guard/guard_ros/install/livox_ros_driver2/lib/python3.10/site-packages'
[3.133s] Level 1:colcon.colcon_core.environment:checking '/home/yuanluochen/code/guard/guard_ros/install/livox_ros_driver2/bin'
[3.134s] INFO:colcon.colcon_core.shell:Creating package script '/home/yuanluochen/code/guard/guard_ros/install/livox_ros_driver2/share/livox_ros_driver2/package.ps1'
[3.135s] INFO:colcon.colcon_core.shell:Creating package descriptor '/home/yuanluochen/code/guard/guard_ros/install/livox_ros_driver2/share/livox_ros_driver2/package.dsv'
[3.135s] INFO:colcon.colcon_core.shell:Creating package script '/home/yuanluochen/code/guard/guard_ros/install/livox_ros_driver2/share/livox_ros_driver2/package.sh'
[3.136s] INFO:colcon.colcon_core.shell:Creating package script '/home/yuanluochen/code/guard/guard_ros/install/livox_ros_driver2/share/livox_ros_driver2/package.bash'
[3.137s] INFO:colcon.colcon_core.shell:Creating package script '/home/yuanluochen/code/guard/guard_ros/install/livox_ros_driver2/share/livox_ros_driver2/package.zsh'
[3.137s] Level 1:colcon.colcon_core.environment:create_file_with_runtime_dependencies(/home/yuanluochen/code/guard/guard_ros/install/livox_ros_driver2/share/colcon-core/packages/livox_ros_driver2)
[3.248s] Level 1:colcon.colcon_core.environment:create_environment_scripts_only(livox_ros_driver2)
[3.250s] Level 1:colcon.colcon_core.environment:checking '/home/yuanluochen/code/guard/guard_ros/install/livox_ros_driver2' for CMake module files
[3.250s] Level 1:colcon.colcon_core.environment:checking '/home/yuanluochen/code/guard/guard_ros/install/livox_ros_driver2' for CMake config files
[3.251s] Level 1:colcon.colcon_core.shell:create_environment_hook('livox_ros_driver2', 'cmake_prefix_path')
[3.252s] INFO:colcon.colcon_core.shell:Creating environment hook '/home/yuanluochen/code/guard/guard_ros/install/livox_ros_driver2/share/livox_ros_driver2/hook/cmake_prefix_path.ps1'
[3.252s] INFO:colcon.colcon_core.shell:Creating environment descriptor '/home/yuanluochen/code/guard/guard_ros/install/livox_ros_driver2/share/livox_ros_driver2/hook/cmake_prefix_path.dsv'
[3.253s] INFO:colcon.colcon_core.shell:Creating environment hook '/home/yuanluochen/code/guard/guard_ros/install/livox_ros_driver2/share/livox_ros_driver2/hook/cmake_prefix_path.sh'
[3.253s] Level 1:colcon.colcon_core.environment:checking '/home/yuanluochen/code/guard/guard_ros/install/livox_ros_driver2/lib'
[3.253s] Level 1:colcon.colcon_core.shell:create_environment_hook('livox_ros_driver2', 'ld_library_path_lib')
[3.254s] INFO:colcon.colcon_core.shell:Creating environment hook '/home/yuanluochen/code/guard/guard_ros/install/livox_ros_driver2/share/livox_ros_driver2/hook/ld_library_path_lib.ps1'
[3.255s] INFO:colcon.colcon_core.shell:Creating environment descriptor '/home/yuanluochen/code/guard/guard_ros/install/livox_ros_driver2/share/livox_ros_driver2/hook/ld_library_path_lib.dsv'
[3.255s] INFO:colcon.colcon_core.shell:Creating environment hook '/home/yuanluochen/code/guard/guard_ros/install/livox_ros_driver2/share/livox_ros_driver2/hook/ld_library_path_lib.sh'
[3.255s] Level 1:colcon.colcon_core.environment:checking '/home/yuanluochen/code/guard/guard_ros/install/livox_ros_driver2/bin'
[3.255s] Level 1:colcon.colcon_core.environment:checking '/home/yuanluochen/code/guard/guard_ros/install/livox_ros_driver2/lib/pkgconfig/livox_ros_driver2.pc'
[3.255s] Level 1:colcon.colcon_core.environment:checking '/home/yuanluochen/code/guard/guard_ros/install/livox_ros_driver2/lib/python3.10/site-packages'
[3.256s] Level 1:colcon.colcon_core.environment:checking '/home/yuanluochen/code/guard/guard_ros/install/livox_ros_driver2/bin'
[3.257s] INFO:colcon.colcon_core.shell:Creating package script '/home/yuanluochen/code/guard/guard_ros/install/livox_ros_driver2/share/livox_ros_driver2/package.ps1'
[3.257s] INFO:colcon.colcon_core.shell:Creating package descriptor '/home/yuanluochen/code/guard/guard_ros/install/livox_ros_driver2/share/livox_ros_driver2/package.dsv'
[3.258s] INFO:colcon.colcon_core.shell:Creating package script '/home/yuanluochen/code/guard/guard_ros/install/livox_ros_driver2/share/livox_ros_driver2/package.sh'
[3.258s] INFO:colcon.colcon_core.shell:Creating package script '/home/yuanluochen/code/guard/guard_ros/install/livox_ros_driver2/share/livox_ros_driver2/package.bash'
[3.259s] INFO:colcon.colcon_core.shell:Creating package script '/home/yuanluochen/code/guard/guard_ros/install/livox_ros_driver2/share/livox_ros_driver2/package.zsh'
[3.259s] Level 1:colcon.colcon_core.environment:create_file_with_runtime_dependencies(/home/yuanluochen/code/guard/guard_ros/install/livox_ros_driver2/share/colcon-core/packages/livox_ros_driver2)
[3.259s] INFO:colcon.colcon_ros.task.ament_cmake.build:Building ROS package in '/home/yuanluochen/code/guard/guard_ros/src/FAST_LIO' with build type 'ament_cmake'
[3.259s] INFO:colcon.colcon_cmake.task.cmake.build:Building CMake package in '/home/yuanluochen/code/guard/guard_ros/src/FAST_LIO'
[3.261s] INFO:colcon.colcon_core.shell:Skip shell extension 'powershell' for command environment: Not usable outside of PowerShell
[3.261s] DEBUG:colcon.colcon_core.shell:Skip shell extension 'dsv' for command environment
[3.272s] DEBUG:colcon.colcon_core.event_handler.log_command:Invoking command in '/home/yuanluochen/code/guard/guard_ros/build/fast_lio': CMAKE_PREFIX_PATH=/home/yuanluochen/code/guard/guard_ros/install/livox_ros_driver2:/home/yuanluochen/code/guard/guard_ros/install/fast_lio:/opt/ros/humble LD_LIBRARY_PATH=/home/yuanluochen/code/guard/guard_ros/install/livox_ros_driver2/lib:/home/yuanluochen/code/guard/guard_ros/install/fast_lio/lib:/opt/ros/humble/opt/rviz_ogre_vendor/lib:/opt/ros/humble/lib/x86_64-linux-gnu:/opt/ros/humble/lib:/usr/local/lib/ /usr/bin/cmake /home/yuanluochen/code/guard/guard_ros/src/FAST_LIO -DCMAKE_INSTALL_PREFIX=/home/yuanluochen/code/guard/guard_ros/install/fast_lio
[6.030s] DEBUG:colcon.colcon_core.event_handler.log_command:Invoked command in '/home/yuanluochen/code/guard/guard_ros/build/fast_lio' returned '0': CMAKE_PREFIX_PATH=/home/yuanluochen/code/guard/guard_ros/install/livox_ros_driver2:/home/yuanluochen/code/guard/guard_ros/install/fast_lio:/opt/ros/humble LD_LIBRARY_PATH=/home/yuanluochen/code/guard/guard_ros/install/livox_ros_driver2/lib:/home/yuanluochen/code/guard/guard_ros/install/fast_lio/lib:/opt/ros/humble/opt/rviz_ogre_vendor/lib:/opt/ros/humble/lib/x86_64-linux-gnu:/opt/ros/humble/lib:/usr/local/lib/ /usr/bin/cmake /home/yuanluochen/code/guard/guard_ros/src/FAST_LIO -DCMAKE_INSTALL_PREFIX=/home/yuanluochen/code/guard/guard_ros/install/fast_lio
[6.032s] DEBUG:colcon.colcon_core.event_handler.log_command:Invoking command in '/home/yuanluochen/code/guard/guard_ros/build/fast_lio': CMAKE_PREFIX_PATH=/home/yuanluochen/code/guard/guard_ros/install/livox_ros_driver2:/home/yuanluochen/code/guard/guard_ros/install/fast_lio:/opt/ros/humble LD_LIBRARY_PATH=/home/yuanluochen/code/guard/guard_ros/install/livox_ros_driver2/lib:/home/yuanluochen/code/guard/guard_ros/install/fast_lio/lib:/opt/ros/humble/opt/rviz_ogre_vendor/lib:/opt/ros/humble/lib/x86_64-linux-gnu:/opt/ros/humble/lib:/usr/local/lib/ /usr/bin/cmake --build /home/yuanluochen/code/guard/guard_ros/build/fast_lio -- -j16 -l16
[6.356s] DEBUG:colcon.colcon_core.event_handler.log_command:Invoked command in '/home/yuanluochen/code/guard/guard_ros/build/fast_lio' returned '0': CMAKE_PREFIX_PATH=/home/yuanluochen/code/guard/guard_ros/install/livox_ros_driver2:/home/yuanluochen/code/guard/guard_ros/install/fast_lio:/opt/ros/humble LD_LIBRARY_PATH=/home/yuanluochen/code/guard/guard_ros/install/livox_ros_driver2/lib:/home/yuanluochen/code/guard/guard_ros/install/fast_lio/lib:/opt/ros/humble/opt/rviz_ogre_vendor/lib:/opt/ros/humble/lib/x86_64-linux-gnu:/opt/ros/humble/lib:/usr/local/lib/ /usr/bin/cmake --build /home/yuanluochen/code/guard/guard_ros/build/fast_lio -- -j16 -l16
[6.421s] DEBUG:colcon.colcon_core.event_handler.log_command:Invoking command in '/home/yuanluochen/code/guard/guard_ros/build/fast_lio': CMAKE_PREFIX_PATH=/home/yuanluochen/code/guard/guard_ros/install/livox_ros_driver2:/home/yuanluochen/code/guard/guard_ros/install/fast_lio:/opt/ros/humble LD_LIBRARY_PATH=/home/yuanluochen/code/guard/guard_ros/install/livox_ros_driver2/lib:/home/yuanluochen/code/guard/guard_ros/install/fast_lio/lib:/opt/ros/humble/opt/rviz_ogre_vendor/lib:/opt/ros/humble/lib/x86_64-linux-gnu:/opt/ros/humble/lib:/usr/local/lib/ /usr/bin/cmake --install /home/yuanluochen/code/guard/guard_ros/build/fast_lio
[6.470s] Level 1:colcon.colcon_core.environment:create_environment_scripts_only(fast_lio)
[6.472s] Level 1:colcon.colcon_core.environment:checking '/home/yuanluochen/code/guard/guard_ros/install/fast_lio' for CMake module files
[6.473s] Level 1:colcon.colcon_core.environment:checking '/home/yuanluochen/code/guard/guard_ros/install/fast_lio' for CMake config files
[6.474s] Level 1:colcon.colcon_core.shell:create_environment_hook('fast_lio', 'cmake_prefix_path')
[6.475s] INFO:colcon.colcon_core.shell:Creating environment hook '/home/yuanluochen/code/guard/guard_ros/install/fast_lio/share/fast_lio/hook/cmake_prefix_path.ps1'
[6.476s] DEBUG:colcon.colcon_core.event_handler.log_command:Invoked command in '/home/yuanluochen/code/guard/guard_ros/build/fast_lio' returned '0': CMAKE_PREFIX_PATH=/home/yuanluochen/code/guard/guard_ros/install/livox_ros_driver2:/home/yuanluochen/code/guard/guard_ros/install/fast_lio:/opt/ros/humble LD_LIBRARY_PATH=/home/yuanluochen/code/guard/guard_ros/install/livox_ros_driver2/lib:/home/yuanluochen/code/guard/guard_ros/install/fast_lio/lib:/opt/ros/humble/opt/rviz_ogre_vendor/lib:/opt/ros/humble/lib/x86_64-linux-gnu:/opt/ros/humble/lib:/usr/local/lib/ /usr/bin/cmake --install /home/yuanluochen/code/guard/guard_ros/build/fast_lio
[6.477s] INFO:colcon.colcon_core.shell:Creating environment descriptor '/home/yuanluochen/code/guard/guard_ros/install/fast_lio/share/fast_lio/hook/cmake_prefix_path.dsv'
[6.477s] INFO:colcon.colcon_core.shell:Creating environment hook '/home/yuanluochen/code/guard/guard_ros/install/fast_lio/share/fast_lio/hook/cmake_prefix_path.sh'
[6.477s] Level 1:colcon.colcon_core.environment:checking '/home/yuanluochen/code/guard/guard_ros/install/fast_lio/lib'
[6.477s] Level 1:colcon.colcon_core.shell:create_environment_hook('fast_lio', 'ld_library_path_lib')
[6.479s] INFO:colcon.colcon_core.shell:Creating environment hook '/home/yuanluochen/code/guard/guard_ros/install/fast_lio/share/fast_lio/hook/ld_library_path_lib.ps1'
[6.479s] INFO:colcon.colcon_core.shell:Creating environment descriptor '/home/yuanluochen/code/guard/guard_ros/install/fast_lio/share/fast_lio/hook/ld_library_path_lib.dsv'
[6.479s] INFO:colcon.colcon_core.shell:Creating environment hook '/home/yuanluochen/code/guard/guard_ros/install/fast_lio/share/fast_lio/hook/ld_library_path_lib.sh'
[6.479s] Level 1:colcon.colcon_core.environment:checking '/home/yuanluochen/code/guard/guard_ros/install/fast_lio/bin'
[6.479s] Level 1:colcon.colcon_core.environment:checking '/home/yuanluochen/code/guard/guard_ros/install/fast_lio/lib/pkgconfig/fast_lio.pc'
[6.480s] Level 1:colcon.colcon_core.environment:checking '/home/yuanluochen/code/guard/guard_ros/install/fast_lio/lib/python3.10/site-packages'
[6.480s] Level 1:colcon.colcon_core.environment:checking '/home/yuanluochen/code/guard/guard_ros/install/fast_lio/bin'
[6.481s] INFO:colcon.colcon_core.shell:Creating package script '/home/yuanluochen/code/guard/guard_ros/install/fast_lio/share/fast_lio/package.ps1'
[6.481s] INFO:colcon.colcon_core.shell:Creating package descriptor '/home/yuanluochen/code/guard/guard_ros/install/fast_lio/share/fast_lio/package.dsv'
[6.482s] INFO:colcon.colcon_core.shell:Creating package script '/home/yuanluochen/code/guard/guard_ros/install/fast_lio/share/fast_lio/package.sh'
[6.482s] INFO:colcon.colcon_core.shell:Creating package script '/home/yuanluochen/code/guard/guard_ros/install/fast_lio/share/fast_lio/package.bash'
[6.482s] INFO:colcon.colcon_core.shell:Creating package script '/home/yuanluochen/code/guard/guard_ros/install/fast_lio/share/fast_lio/package.zsh'
[6.483s] Level 1:colcon.colcon_core.environment:create_file_with_runtime_dependencies(/home/yuanluochen/code/guard/guard_ros/install/fast_lio/share/colcon-core/packages/fast_lio)
[6.548s] Level 1:colcon.colcon_core.environment:create_environment_scripts_only(fast_lio)
[6.550s] Level 1:colcon.colcon_core.environment:checking '/home/yuanluochen/code/guard/guard_ros/install/fast_lio' for CMake module files
[6.551s] Level 1:colcon.colcon_core.environment:checking '/home/yuanluochen/code/guard/guard_ros/install/fast_lio' for CMake config files
[6.551s] Level 1:colcon.colcon_core.shell:create_environment_hook('fast_lio', 'cmake_prefix_path')
[6.552s] INFO:colcon.colcon_core.shell:Creating environment hook '/home/yuanluochen/code/guard/guard_ros/install/fast_lio/share/fast_lio/hook/cmake_prefix_path.ps1'
[6.552s] INFO:colcon.colcon_core.shell:Creating environment descriptor '/home/yuanluochen/code/guard/guard_ros/install/fast_lio/share/fast_lio/hook/cmake_prefix_path.dsv'
[6.553s] INFO:colcon.colcon_core.shell:Creating environment hook '/home/yuanluochen/code/guard/guard_ros/install/fast_lio/share/fast_lio/hook/cmake_prefix_path.sh'
[6.553s] Level 1:colcon.colcon_core.environment:checking '/home/yuanluochen/code/guard/guard_ros/install/fast_lio/lib'
[6.553s] Level 1:colcon.colcon_core.shell:create_environment_hook('fast_lio', 'ld_library_path_lib')
[6.554s] INFO:colcon.colcon_core.shell:Creating environment hook '/home/yuanluochen/code/guard/guard_ros/install/fast_lio/share/fast_lio/hook/ld_library_path_lib.ps1'
[6.555s] INFO:colcon.colcon_core.shell:Creating environment descriptor '/home/yuanluochen/code/guard/guard_ros/install/fast_lio/share/fast_lio/hook/ld_library_path_lib.dsv'
[6.555s] INFO:colcon.colcon_core.shell:Creating environment hook '/home/yuanluochen/code/guard/guard_ros/install/fast_lio/share/fast_lio/hook/ld_library_path_lib.sh'
[6.555s] Level 1:colcon.colcon_core.environment:checking '/home/yuanluochen/code/guard/guard_ros/install/fast_lio/bin'
[6.555s] Level 1:colcon.colcon_core.environment:checking '/home/yuanluochen/code/guard/guard_ros/install/fast_lio/lib/pkgconfig/fast_lio.pc'
[6.556s] Level 1:colcon.colcon_core.environment:checking '/home/yuanluochen/code/guard/guard_ros/install/fast_lio/lib/python3.10/site-packages'
[6.556s] Level 1:colcon.colcon_core.environment:checking '/home/yuanluochen/code/guard/guard_ros/install/fast_lio/bin'
[6.557s] INFO:colcon.colcon_core.shell:Creating package script '/home/yuanluochen/code/guard/guard_ros/install/fast_lio/share/fast_lio/package.ps1'
[6.558s] INFO:colcon.colcon_core.shell:Creating package descriptor '/home/yuanluochen/code/guard/guard_ros/install/fast_lio/share/fast_lio/package.dsv'
[6.558s] INFO:colcon.colcon_core.shell:Creating package script '/home/yuanluochen/code/guard/guard_ros/install/fast_lio/share/fast_lio/package.sh'
[6.558s] INFO:colcon.colcon_core.shell:Creating package script '/home/yuanluochen/code/guard/guard_ros/install/fast_lio/share/fast_lio/package.bash'
[6.559s] INFO:colcon.colcon_core.shell:Creating package script '/home/yuanluochen/code/guard/guard_ros/install/fast_lio/share/fast_lio/package.zsh'
[6.559s] Level 1:colcon.colcon_core.environment:create_file_with_runtime_dependencies(/home/yuanluochen/code/guard/guard_ros/install/fast_lio/share/colcon-core/packages/fast_lio)
[6.559s] DEBUG:colcon.colcon_parallel_executor.executor.parallel:closing loop
[6.559s] DEBUG:colcon.colcon_parallel_executor.executor.parallel:loop closed
[6.559s] DEBUG:colcon.colcon_parallel_executor.executor.parallel:run_until_complete finished with '0'
[6.559s] DEBUG:colcon.colcon_core.event_reactor:joining thread
[6.566s] INFO:colcon.colcon_core.plugin_system:Skipping extension 'colcon_notification.desktop_notification.terminal_notifier': Not used on non-Darwin systems
[6.566s] INFO:colcon.colcon_core.plugin_system:Skipping extension 'colcon_notification.desktop_notification.win32': Not used on non-Windows systems
[6.566s] INFO:colcon.colcon_notification.desktop_notification:Sending desktop notification using 'notify2'
[6.580s] DEBUG:colcon.colcon_core.event_reactor:joined thread
[6.582s] INFO:colcon.colcon_core.shell:Creating prefix script '/home/yuanluochen/code/guard/guard_ros/install/local_setup.ps1'
[6.583s] INFO:colcon.colcon_core.shell:Creating prefix util module '/home/yuanluochen/code/guard/guard_ros/install/_local_setup_util_ps1.py'
[6.584s] INFO:colcon.colcon_core.shell:Creating prefix chain script '/home/yuanluochen/code/guard/guard_ros/install/setup.ps1'
[6.585s] INFO:colcon.colcon_core.shell:Creating prefix script '/home/yuanluochen/code/guard/guard_ros/install/local_setup.sh'
[6.586s] INFO:colcon.colcon_core.shell:Creating prefix util module '/home/yuanluochen/code/guard/guard_ros/install/_local_setup_util_sh.py'
[6.586s] INFO:colcon.colcon_core.shell:Creating prefix chain script '/home/yuanluochen/code/guard/guard_ros/install/setup.sh'
[6.587s] INFO:colcon.colcon_core.shell:Creating prefix script '/home/yuanluochen/code/guard/guard_ros/install/local_setup.bash'
[6.588s] INFO:colcon.colcon_core.shell:Creating prefix chain script '/home/yuanluochen/code/guard/guard_ros/install/setup.bash'
[6.589s] INFO:colcon.colcon_core.shell:Creating prefix script '/home/yuanluochen/code/guard/guard_ros/install/local_setup.zsh'
[6.589s] INFO:colcon.colcon_core.shell:Creating prefix chain script '/home/yuanluochen/code/guard/guard_ros/install/setup.zsh'
