[0.266s] DEBUG:colcon:Command line arguments: ['/usr/bin/colcon', 'build']
[0.266s] DEBUG:colcon:Parsed command line arguments: Namespace(log_base=None, log_level=None, verb_name='build', build_base='build', install_base='install', merge_install=False, symlink_install=False, test_result_base=None, continue_on_error=False, executor='parallel', parallel_workers=16, event_handlers=None, ignore_user_meta=False, metas=['./colcon.meta'], base_paths=['.'], packages_ignore=None, packages_ignore_regex=None, paths=None, packages_up_to=None, packages_up_to_regex=None, packages_above=None, packages_above_and_dependencies=None, packages_above_depth=None, packages_select_by_dep=None, packages_skip_by_dep=None, packages_skip_up_to=None, packages_select_build_failed=False, packages_skip_build_finished=False, packages_select_test_failures=False, packages_skip_test_passed=False, packages_select=None, packages_skip=None, packages_select_regex=None, packages_skip_regex=None, packages_start=None, packages_end=None, allow_overriding=[], cmake_args=None, cmake_target=None, cmake_target_skip_unavailable=False, cmake_clean_cache=False, cmake_clean_first=False, cmake_force_configure=False, ament_cmake_args=None, catkin_cmake_args=None, catkin_skip_building_tests=False, verb_parser=<colcon_defaults.argument_parser.defaults.DefaultArgumentsDecorator object at 0x7f6b83eff070>, verb_extension=<colcon_core.verb.build.BuildVerb object at 0x7f6b8470c7f0>, main=<bound method BuildVerb.main of <colcon_core.verb.build.BuildVerb object at 0x7f6b8470c7f0>>)
[0.285s] Level 1:colcon.colcon_core.package_discovery:discover_packages(colcon_meta) check parameters
[0.285s] Level 1:colcon.colcon_core.package_discovery:discover_packages(recursive) check parameters
[0.285s] Level 1:colcon.colcon_core.package_discovery:discover_packages(ignore) check parameters
[0.285s] Level 1:colcon.colcon_core.package_discovery:discover_packages(path) check parameters
[0.285s] Level 1:colcon.colcon_core.package_discovery:discover_packages(colcon_meta) discover
[0.286s] Level 1:colcon.colcon_core.package_discovery:discover_packages(recursive) discover
[0.286s] INFO:colcon.colcon_core.package_discovery:Crawling recursively for packages in '/home/yuanluochen/code/guard/guard_ros'
[0.286s] Level 1:colcon.colcon_core.package_identification:_identify(.) by extensions ['ignore', 'ignore_ament_install']
[0.286s] Level 1:colcon.colcon_core.package_identification:_identify(.) by extension 'ignore'
[0.286s] Level 1:colcon.colcon_core.package_identification:_identify(.) by extension 'ignore_ament_install'
[0.286s] Level 1:colcon.colcon_core.package_identification:_identify(.) by extensions ['colcon_pkg']
[0.286s] Level 1:colcon.colcon_core.package_identification:_identify(.) by extension 'colcon_pkg'
[0.286s] Level 1:colcon.colcon_core.package_identification:_identify(.) by extensions ['colcon_meta']
[0.286s] Level 1:colcon.colcon_core.package_identification:_identify(.) by extension 'colcon_meta'
[0.286s] Level 1:colcon.colcon_core.package_identification:_identify(.) by extensions ['ros']
[0.286s] Level 1:colcon.colcon_core.package_identification:_identify(.) by extension 'ros'
[0.294s] Level 1:colcon.colcon_core.package_identification:_identify(.) by extensions ['cmake', 'python']
[0.294s] Level 1:colcon.colcon_core.package_identification:_identify(.) by extension 'cmake'
[0.294s] Level 1:colcon.colcon_core.package_identification:_identify(.) by extension 'python'
[0.294s] Level 1:colcon.colcon_core.package_identification:_identify(.) by extensions ['python_setup_py']
[0.294s] Level 1:colcon.colcon_core.package_identification:_identify(.) by extension 'python_setup_py'
[0.294s] Level 1:colcon.colcon_core.package_identification:_identify(build) by extensions ['ignore', 'ignore_ament_install']
[0.294s] Level 1:colcon.colcon_core.package_identification:_identify(build) by extension 'ignore'
[0.294s] Level 1:colcon.colcon_core.package_identification:_identify(build) ignored
[0.295s] Level 1:colcon.colcon_core.package_identification:_identify(install) by extensions ['ignore', 'ignore_ament_install']
[0.295s] Level 1:colcon.colcon_core.package_identification:_identify(install) by extension 'ignore'
[0.295s] Level 1:colcon.colcon_core.package_identification:_identify(install) ignored
[0.295s] Level 1:colcon.colcon_core.package_identification:_identify(log) by extensions ['ignore', 'ignore_ament_install']
[0.295s] Level 1:colcon.colcon_core.package_identification:_identify(log) by extension 'ignore'
[0.295s] Level 1:colcon.colcon_core.package_identification:_identify(log) ignored
[0.295s] Level 1:colcon.colcon_core.package_identification:_identify(src) by extensions ['ignore', 'ignore_ament_install']
[0.295s] Level 1:colcon.colcon_core.package_identification:_identify(src) by extension 'ignore'
[0.295s] Level 1:colcon.colcon_core.package_identification:_identify(src) by extension 'ignore_ament_install'
[0.295s] Level 1:colcon.colcon_core.package_identification:_identify(src) by extensions ['colcon_pkg']
[0.295s] Level 1:colcon.colcon_core.package_identification:_identify(src) by extension 'colcon_pkg'
[0.295s] Level 1:colcon.colcon_core.package_identification:_identify(src) by extensions ['colcon_meta']
[0.295s] Level 1:colcon.colcon_core.package_identification:_identify(src) by extension 'colcon_meta'
[0.295s] Level 1:colcon.colcon_core.package_identification:_identify(src) by extensions ['ros']
[0.295s] Level 1:colcon.colcon_core.package_identification:_identify(src) by extension 'ros'
[0.295s] Level 1:colcon.colcon_core.package_identification:_identify(src) by extensions ['cmake', 'python']
[0.295s] Level 1:colcon.colcon_core.package_identification:_identify(src) by extension 'cmake'
[0.295s] Level 1:colcon.colcon_core.package_identification:_identify(src) by extension 'python'
[0.295s] Level 1:colcon.colcon_core.package_identification:_identify(src) by extensions ['python_setup_py']
[0.295s] Level 1:colcon.colcon_core.package_identification:_identify(src) by extension 'python_setup_py'
[0.295s] Level 1:colcon.colcon_core.package_identification:_identify(src/FAST_LIO) by extensions ['ignore', 'ignore_ament_install']
[0.295s] Level 1:colcon.colcon_core.package_identification:_identify(src/FAST_LIO) by extension 'ignore'
[0.295s] Level 1:colcon.colcon_core.package_identification:_identify(src/FAST_LIO) by extension 'ignore_ament_install'
[0.295s] Level 1:colcon.colcon_core.package_identification:_identify(src/FAST_LIO) by extensions ['colcon_pkg']
[0.295s] Level 1:colcon.colcon_core.package_identification:_identify(src/FAST_LIO) by extension 'colcon_pkg'
[0.295s] Level 1:colcon.colcon_core.package_identification:_identify(src/FAST_LIO) by extensions ['colcon_meta']
[0.296s] Level 1:colcon.colcon_core.package_identification:_identify(src/FAST_LIO) by extension 'colcon_meta'
[0.296s] Level 1:colcon.colcon_core.package_identification:_identify(src/FAST_LIO) by extensions ['ros']
[0.296s] Level 1:colcon.colcon_core.package_identification:_identify(src/FAST_LIO) by extension 'ros'
[0.299s] DEBUG:colcon.colcon_core.package_identification:Package 'src/FAST_LIO' with type 'ros.ament_cmake' and name 'fast_lio'
[0.299s] Level 1:colcon.colcon_core.package_identification:_identify(src/livox_ros_driver2) by extensions ['ignore', 'ignore_ament_install']
[0.299s] Level 1:colcon.colcon_core.package_identification:_identify(src/livox_ros_driver2) by extension 'ignore'
[0.299s] Level 1:colcon.colcon_core.package_identification:_identify(src/livox_ros_driver2) by extension 'ignore_ament_install'
[0.299s] Level 1:colcon.colcon_core.package_identification:_identify(src/livox_ros_driver2) by extensions ['colcon_pkg']
[0.299s] Level 1:colcon.colcon_core.package_identification:_identify(src/livox_ros_driver2) by extension 'colcon_pkg'
[0.299s] Level 1:colcon.colcon_core.package_identification:_identify(src/livox_ros_driver2) by extensions ['colcon_meta']
[0.299s] Level 1:colcon.colcon_core.package_identification:_identify(src/livox_ros_driver2) by extension 'colcon_meta'
[0.299s] Level 1:colcon.colcon_core.package_identification:_identify(src/livox_ros_driver2) by extensions ['ros']
[0.299s] Level 1:colcon.colcon_core.package_identification:_identify(src/livox_ros_driver2) by extension 'ros'
[0.300s] DEBUG:colcon.colcon_core.package_identification:Package 'src/livox_ros_driver2' with type 'ros.ament_cmake' and name 'livox_ros_driver2'
[0.300s] Level 1:colcon.colcon_core.package_discovery:discover_packages(recursive) using defaults
[0.300s] Level 1:colcon.colcon_core.package_discovery:discover_packages(ignore) discover
[0.300s] Level 1:colcon.colcon_core.package_discovery:discover_packages(ignore) using defaults
[0.300s] Level 1:colcon.colcon_core.package_discovery:discover_packages(path) discover
[0.300s] Level 1:colcon.colcon_core.package_discovery:discover_packages(path) using defaults
[0.318s] Level 1:colcon.colcon_core.package_discovery:discover_packages(prefix_path) check parameters
[0.318s] Level 1:colcon.colcon_core.package_discovery:discover_packages(prefix_path) discover
[0.320s] DEBUG:colcon.colcon_installed_package_information.package_discovery:Found 2 installed packages in /home/yuanluochen/code/guard/guard_ros/install
[0.321s] DEBUG:colcon.colcon_installed_package_information.package_discovery:Found 333 installed packages in /opt/ros/humble
[0.322s] Level 1:colcon.colcon_core.package_discovery:discover_packages(prefix_path) using defaults
[0.372s] Level 5:colcon.colcon_core.verb:set package 'livox_ros_driver2' build argument 'cmake_args' from command line to 'None'
[0.372s] Level 5:colcon.colcon_core.verb:set package 'livox_ros_driver2' build argument 'cmake_target' from command line to 'None'
[0.372s] Level 5:colcon.colcon_core.verb:set package 'livox_ros_driver2' build argument 'cmake_target_skip_unavailable' from command line to 'False'
[0.372s] Level 5:colcon.colcon_core.verb:set package 'livox_ros_driver2' build argument 'cmake_clean_cache' from command line to 'False'
[0.372s] Level 5:colcon.colcon_core.verb:set package 'livox_ros_driver2' build argument 'cmake_clean_first' from command line to 'False'
[0.372s] Level 5:colcon.colcon_core.verb:set package 'livox_ros_driver2' build argument 'cmake_force_configure' from command line to 'False'
[0.372s] Level 5:colcon.colcon_core.verb:set package 'livox_ros_driver2' build argument 'ament_cmake_args' from command line to 'None'
[0.372s] Level 5:colcon.colcon_core.verb:set package 'livox_ros_driver2' build argument 'catkin_cmake_args' from command line to 'None'
[0.372s] Level 5:colcon.colcon_core.verb:set package 'livox_ros_driver2' build argument 'catkin_skip_building_tests' from command line to 'False'
[0.372s] DEBUG:colcon.colcon_core.verb:Building package 'livox_ros_driver2' with the following arguments: {'ament_cmake_args': None, 'build_base': '/home/yuanluochen/code/guard/guard_ros/build/livox_ros_driver2', 'catkin_cmake_args': None, 'catkin_skip_building_tests': False, 'cmake_args': None, 'cmake_clean_cache': False, 'cmake_clean_first': False, 'cmake_force_configure': False, 'cmake_target': None, 'cmake_target_skip_unavailable': False, 'install_base': '/home/yuanluochen/code/guard/guard_ros/install/livox_ros_driver2', 'merge_install': False, 'path': '/home/yuanluochen/code/guard/guard_ros/src/livox_ros_driver2', 'symlink_install': False, 'test_result_base': None}
[0.373s] Level 5:colcon.colcon_core.verb:set package 'fast_lio' build argument 'cmake_args' from command line to 'None'
[0.373s] Level 5:colcon.colcon_core.verb:set package 'fast_lio' build argument 'cmake_target' from command line to 'None'
[0.373s] Level 5:colcon.colcon_core.verb:set package 'fast_lio' build argument 'cmake_target_skip_unavailable' from command line to 'False'
[0.373s] Level 5:colcon.colcon_core.verb:set package 'fast_lio' build argument 'cmake_clean_cache' from command line to 'False'
[0.373s] Level 5:colcon.colcon_core.verb:set package 'fast_lio' build argument 'cmake_clean_first' from command line to 'False'
[0.373s] Level 5:colcon.colcon_core.verb:set package 'fast_lio' build argument 'cmake_force_configure' from command line to 'False'
[0.373s] Level 5:colcon.colcon_core.verb:set package 'fast_lio' build argument 'ament_cmake_args' from command line to 'None'
[0.373s] Level 5:colcon.colcon_core.verb:set package 'fast_lio' build argument 'catkin_cmake_args' from command line to 'None'
[0.373s] Level 5:colcon.colcon_core.verb:set package 'fast_lio' build argument 'catkin_skip_building_tests' from command line to 'False'
[0.373s] DEBUG:colcon.colcon_core.verb:Building package 'fast_lio' with the following arguments: {'ament_cmake_args': None, 'build_base': '/home/yuanluochen/code/guard/guard_ros/build/fast_lio', 'catkin_cmake_args': None, 'catkin_skip_building_tests': False, 'cmake_args': None, 'cmake_clean_cache': False, 'cmake_clean_first': False, 'cmake_force_configure': False, 'cmake_target': None, 'cmake_target_skip_unavailable': False, 'install_base': '/home/yuanluochen/code/guard/guard_ros/install/fast_lio', 'merge_install': False, 'path': '/home/yuanluochen/code/guard/guard_ros/src/FAST_LIO', 'symlink_install': False, 'test_result_base': None}
[0.374s] INFO:colcon.colcon_core.executor:Executing jobs using 'parallel' executor
[0.377s] DEBUG:colcon.colcon_parallel_executor.executor.parallel:run_until_complete
[0.377s] INFO:colcon.colcon_ros.task.ament_cmake.build:Building ROS package in '/home/yuanluochen/code/guard/guard_ros/src/livox_ros_driver2' with build type 'ament_cmake'
[0.377s] INFO:colcon.colcon_cmake.task.cmake.build:Building CMake package in '/home/yuanluochen/code/guard/guard_ros/src/livox_ros_driver2'
[0.380s] INFO:colcon.colcon_core.plugin_system:Skipping extension 'colcon_core.shell.bat': Not used on non-Windows systems
[0.380s] INFO:colcon.colcon_core.shell:Skip shell extension 'powershell' for command environment: Not usable outside of PowerShell
[0.380s] DEBUG:colcon.colcon_core.shell:Skip shell extension 'dsv' for command environment
[0.389s] DEBUG:colcon.colcon_core.event_handler.log_command:Invoking command in '/home/yuanluochen/code/guard/guard_ros/build/livox_ros_driver2': CMAKE_PREFIX_PATH=${CMAKE_PREFIX_PATH}:/opt/ros/humble /usr/bin/cmake --build /home/yuanluochen/code/guard/guard_ros/build/livox_ros_driver2 -- -j16 -l16
[0.649s] DEBUG:colcon.colcon_core.event_handler.log_command:Invoked command in '/home/yuanluochen/code/guard/guard_ros/build/livox_ros_driver2' returned '0': CMAKE_PREFIX_PATH=${CMAKE_PREFIX_PATH}:/opt/ros/humble /usr/bin/cmake --build /home/yuanluochen/code/guard/guard_ros/build/livox_ros_driver2 -- -j16 -l16
[0.748s] DEBUG:colcon.colcon_core.event_handler.log_command:Invoking command in '/home/yuanluochen/code/guard/guard_ros/build/livox_ros_driver2': CMAKE_PREFIX_PATH=${CMAKE_PREFIX_PATH}:/opt/ros/humble /usr/bin/cmake --install /home/yuanluochen/code/guard/guard_ros/build/livox_ros_driver2
[0.789s] Level 1:colcon.colcon_core.environment:create_environment_scripts_only(livox_ros_driver2)
[0.790s] DEBUG:colcon.colcon_core.event_handler.log_command:Invoked command in '/home/yuanluochen/code/guard/guard_ros/build/livox_ros_driver2' returned '0': CMAKE_PREFIX_PATH=${CMAKE_PREFIX_PATH}:/opt/ros/humble /usr/bin/cmake --install /home/yuanluochen/code/guard/guard_ros/build/livox_ros_driver2
[0.795s] Level 1:colcon.colcon_core.environment:checking '/home/yuanluochen/code/guard/guard_ros/install/livox_ros_driver2' for CMake module files
[0.796s] Level 1:colcon.colcon_core.environment:checking '/home/yuanluochen/code/guard/guard_ros/install/livox_ros_driver2' for CMake config files
[0.797s] Level 1:colcon.colcon_core.shell:create_environment_hook('livox_ros_driver2', 'cmake_prefix_path')
[0.798s] INFO:colcon.colcon_core.shell:Creating environment hook '/home/yuanluochen/code/guard/guard_ros/install/livox_ros_driver2/share/livox_ros_driver2/hook/cmake_prefix_path.ps1'
[0.799s] INFO:colcon.colcon_core.shell:Creating environment descriptor '/home/yuanluochen/code/guard/guard_ros/install/livox_ros_driver2/share/livox_ros_driver2/hook/cmake_prefix_path.dsv'
[0.800s] INFO:colcon.colcon_core.shell:Creating environment hook '/home/yuanluochen/code/guard/guard_ros/install/livox_ros_driver2/share/livox_ros_driver2/hook/cmake_prefix_path.sh'
[0.801s] Level 1:colcon.colcon_core.environment:checking '/home/yuanluochen/code/guard/guard_ros/install/livox_ros_driver2/lib'
[0.801s] Level 1:colcon.colcon_core.shell:create_environment_hook('livox_ros_driver2', 'ld_library_path_lib')
[0.803s] INFO:colcon.colcon_core.shell:Creating environment hook '/home/yuanluochen/code/guard/guard_ros/install/livox_ros_driver2/share/livox_ros_driver2/hook/ld_library_path_lib.ps1'
[0.803s] INFO:colcon.colcon_core.shell:Creating environment descriptor '/home/yuanluochen/code/guard/guard_ros/install/livox_ros_driver2/share/livox_ros_driver2/hook/ld_library_path_lib.dsv'
[0.803s] INFO:colcon.colcon_core.shell:Creating environment hook '/home/yuanluochen/code/guard/guard_ros/install/livox_ros_driver2/share/livox_ros_driver2/hook/ld_library_path_lib.sh'
[0.804s] Level 1:colcon.colcon_core.environment:checking '/home/yuanluochen/code/guard/guard_ros/install/livox_ros_driver2/bin'
[0.804s] Level 1:colcon.colcon_core.environment:checking '/home/yuanluochen/code/guard/guard_ros/install/livox_ros_driver2/lib/pkgconfig/livox_ros_driver2.pc'
[0.804s] Level 1:colcon.colcon_core.environment:checking '/home/yuanluochen/code/guard/guard_ros/install/livox_ros_driver2/lib/python3.10/site-packages'
[0.804s] Level 1:colcon.colcon_core.environment:checking '/home/yuanluochen/code/guard/guard_ros/install/livox_ros_driver2/bin'
[0.806s] INFO:colcon.colcon_core.shell:Creating package script '/home/yuanluochen/code/guard/guard_ros/install/livox_ros_driver2/share/livox_ros_driver2/package.ps1'
[0.807s] INFO:colcon.colcon_core.shell:Creating package descriptor '/home/yuanluochen/code/guard/guard_ros/install/livox_ros_driver2/share/livox_ros_driver2/package.dsv'
[0.808s] INFO:colcon.colcon_core.shell:Creating package script '/home/yuanluochen/code/guard/guard_ros/install/livox_ros_driver2/share/livox_ros_driver2/package.sh'
[0.809s] INFO:colcon.colcon_core.shell:Creating package script '/home/yuanluochen/code/guard/guard_ros/install/livox_ros_driver2/share/livox_ros_driver2/package.bash'
[0.809s] INFO:colcon.colcon_core.shell:Creating package script '/home/yuanluochen/code/guard/guard_ros/install/livox_ros_driver2/share/livox_ros_driver2/package.zsh'
[0.810s] Level 1:colcon.colcon_core.environment:create_file_with_runtime_dependencies(/home/yuanluochen/code/guard/guard_ros/install/livox_ros_driver2/share/colcon-core/packages/livox_ros_driver2)
[0.913s] Level 1:colcon.colcon_core.environment:create_environment_scripts_only(livox_ros_driver2)
[0.915s] Level 1:colcon.colcon_core.environment:checking '/home/yuanluochen/code/guard/guard_ros/install/livox_ros_driver2' for CMake module files
[0.916s] Level 1:colcon.colcon_core.environment:checking '/home/yuanluochen/code/guard/guard_ros/install/livox_ros_driver2' for CMake config files
[0.916s] Level 1:colcon.colcon_core.shell:create_environment_hook('livox_ros_driver2', 'cmake_prefix_path')
[0.918s] INFO:colcon.colcon_core.shell:Creating environment hook '/home/yuanluochen/code/guard/guard_ros/install/livox_ros_driver2/share/livox_ros_driver2/hook/cmake_prefix_path.ps1'
[0.918s] INFO:colcon.colcon_core.shell:Creating environment descriptor '/home/yuanluochen/code/guard/guard_ros/install/livox_ros_driver2/share/livox_ros_driver2/hook/cmake_prefix_path.dsv'
[0.919s] INFO:colcon.colcon_core.shell:Creating environment hook '/home/yuanluochen/code/guard/guard_ros/install/livox_ros_driver2/share/livox_ros_driver2/hook/cmake_prefix_path.sh'
[0.919s] Level 1:colcon.colcon_core.environment:checking '/home/yuanluochen/code/guard/guard_ros/install/livox_ros_driver2/lib'
[0.919s] Level 1:colcon.colcon_core.shell:create_environment_hook('livox_ros_driver2', 'ld_library_path_lib')
[0.920s] INFO:colcon.colcon_core.shell:Creating environment hook '/home/yuanluochen/code/guard/guard_ros/install/livox_ros_driver2/share/livox_ros_driver2/hook/ld_library_path_lib.ps1'
[0.920s] INFO:colcon.colcon_core.shell:Creating environment descriptor '/home/yuanluochen/code/guard/guard_ros/install/livox_ros_driver2/share/livox_ros_driver2/hook/ld_library_path_lib.dsv'
[0.921s] INFO:colcon.colcon_core.shell:Creating environment hook '/home/yuanluochen/code/guard/guard_ros/install/livox_ros_driver2/share/livox_ros_driver2/hook/ld_library_path_lib.sh'
[0.921s] Level 1:colcon.colcon_core.environment:checking '/home/yuanluochen/code/guard/guard_ros/install/livox_ros_driver2/bin'
[0.921s] Level 1:colcon.colcon_core.environment:checking '/home/yuanluochen/code/guard/guard_ros/install/livox_ros_driver2/lib/pkgconfig/livox_ros_driver2.pc'
[0.921s] Level 1:colcon.colcon_core.environment:checking '/home/yuanluochen/code/guard/guard_ros/install/livox_ros_driver2/lib/python3.10/site-packages'
[0.921s] Level 1:colcon.colcon_core.environment:checking '/home/yuanluochen/code/guard/guard_ros/install/livox_ros_driver2/bin'
[0.923s] INFO:colcon.colcon_core.shell:Creating package script '/home/yuanluochen/code/guard/guard_ros/install/livox_ros_driver2/share/livox_ros_driver2/package.ps1'
[0.923s] INFO:colcon.colcon_core.shell:Creating package descriptor '/home/yuanluochen/code/guard/guard_ros/install/livox_ros_driver2/share/livox_ros_driver2/package.dsv'
[0.923s] INFO:colcon.colcon_core.shell:Creating package script '/home/yuanluochen/code/guard/guard_ros/install/livox_ros_driver2/share/livox_ros_driver2/package.sh'
[0.924s] INFO:colcon.colcon_core.shell:Creating package script '/home/yuanluochen/code/guard/guard_ros/install/livox_ros_driver2/share/livox_ros_driver2/package.bash'
[0.924s] INFO:colcon.colcon_core.shell:Creating package script '/home/yuanluochen/code/guard/guard_ros/install/livox_ros_driver2/share/livox_ros_driver2/package.zsh'
[0.924s] Level 1:colcon.colcon_core.environment:create_file_with_runtime_dependencies(/home/yuanluochen/code/guard/guard_ros/install/livox_ros_driver2/share/colcon-core/packages/livox_ros_driver2)
[0.924s] INFO:colcon.colcon_ros.task.ament_cmake.build:Building ROS package in '/home/yuanluochen/code/guard/guard_ros/src/FAST_LIO' with build type 'ament_cmake'
[0.925s] INFO:colcon.colcon_cmake.task.cmake.build:Building CMake package in '/home/yuanluochen/code/guard/guard_ros/src/FAST_LIO'
[0.926s] INFO:colcon.colcon_core.shell:Skip shell extension 'powershell' for command environment: Not usable outside of PowerShell
[0.926s] DEBUG:colcon.colcon_core.shell:Skip shell extension 'dsv' for command environment
[0.938s] DEBUG:colcon.colcon_core.event_handler.log_command:Invoking command in '/home/yuanluochen/code/guard/guard_ros/build/fast_lio': CMAKE_PREFIX_PATH=/home/yuanluochen/code/guard/guard_ros/install/livox_ros_driver2:/home/yuanluochen/code/guard/guard_ros/install/fast_lio:/opt/ros/humble LD_LIBRARY_PATH=/home/yuanluochen/code/guard/guard_ros/install/livox_ros_driver2/lib:/home/yuanluochen/code/guard/guard_ros/install/fast_lio/lib:/opt/ros/humble/opt/rviz_ogre_vendor/lib:/opt/ros/humble/lib/x86_64-linux-gnu:/opt/ros/humble/lib:/usr/local/lib/ /usr/bin/cmake --build /home/yuanluochen/code/guard/guard_ros/build/fast_lio -- -j16 -l16
[1.252s] DEBUG:colcon.colcon_core.event_handler.log_command:Invoked command in '/home/yuanluochen/code/guard/guard_ros/build/fast_lio' returned '0': CMAKE_PREFIX_PATH=/home/yuanluochen/code/guard/guard_ros/install/livox_ros_driver2:/home/yuanluochen/code/guard/guard_ros/install/fast_lio:/opt/ros/humble LD_LIBRARY_PATH=/home/yuanluochen/code/guard/guard_ros/install/livox_ros_driver2/lib:/home/yuanluochen/code/guard/guard_ros/install/fast_lio/lib:/opt/ros/humble/opt/rviz_ogre_vendor/lib:/opt/ros/humble/lib/x86_64-linux-gnu:/opt/ros/humble/lib:/usr/local/lib/ /usr/bin/cmake --build /home/yuanluochen/code/guard/guard_ros/build/fast_lio -- -j16 -l16
[1.313s] DEBUG:colcon.colcon_core.event_handler.log_command:Invoking command in '/home/yuanluochen/code/guard/guard_ros/build/fast_lio': CMAKE_PREFIX_PATH=/home/yuanluochen/code/guard/guard_ros/install/livox_ros_driver2:/home/yuanluochen/code/guard/guard_ros/install/fast_lio:/opt/ros/humble LD_LIBRARY_PATH=/home/yuanluochen/code/guard/guard_ros/install/livox_ros_driver2/lib:/home/yuanluochen/code/guard/guard_ros/install/fast_lio/lib:/opt/ros/humble/opt/rviz_ogre_vendor/lib:/opt/ros/humble/lib/x86_64-linux-gnu:/opt/ros/humble/lib:/usr/local/lib/ /usr/bin/cmake --install /home/yuanluochen/code/guard/guard_ros/build/fast_lio
[1.357s] Level 1:colcon.colcon_core.environment:create_environment_scripts_only(fast_lio)
[1.360s] Level 1:colcon.colcon_core.environment:checking '/home/yuanluochen/code/guard/guard_ros/install/fast_lio' for CMake module files
[1.362s] Level 1:colcon.colcon_core.environment:checking '/home/yuanluochen/code/guard/guard_ros/install/fast_lio' for CMake config files
[1.364s] Level 1:colcon.colcon_core.shell:create_environment_hook('fast_lio', 'cmake_prefix_path')
[1.364s] DEBUG:colcon.colcon_core.event_handler.log_command:Invoked command in '/home/yuanluochen/code/guard/guard_ros/build/fast_lio' returned '0': CMAKE_PREFIX_PATH=/home/yuanluochen/code/guard/guard_ros/install/livox_ros_driver2:/home/yuanluochen/code/guard/guard_ros/install/fast_lio:/opt/ros/humble LD_LIBRARY_PATH=/home/yuanluochen/code/guard/guard_ros/install/livox_ros_driver2/lib:/home/yuanluochen/code/guard/guard_ros/install/fast_lio/lib:/opt/ros/humble/opt/rviz_ogre_vendor/lib:/opt/ros/humble/lib/x86_64-linux-gnu:/opt/ros/humble/lib:/usr/local/lib/ /usr/bin/cmake --install /home/yuanluochen/code/guard/guard_ros/build/fast_lio
[1.365s] INFO:colcon.colcon_core.shell:Creating environment hook '/home/yuanluochen/code/guard/guard_ros/install/fast_lio/share/fast_lio/hook/cmake_prefix_path.ps1'
[1.366s] INFO:colcon.colcon_core.shell:Creating environment descriptor '/home/yuanluochen/code/guard/guard_ros/install/fast_lio/share/fast_lio/hook/cmake_prefix_path.dsv'
[1.366s] INFO:colcon.colcon_core.shell:Creating environment hook '/home/yuanluochen/code/guard/guard_ros/install/fast_lio/share/fast_lio/hook/cmake_prefix_path.sh'
[1.367s] Level 1:colcon.colcon_core.environment:checking '/home/yuanluochen/code/guard/guard_ros/install/fast_lio/lib'
[1.367s] Level 1:colcon.colcon_core.shell:create_environment_hook('fast_lio', 'ld_library_path_lib')
[1.369s] INFO:colcon.colcon_core.shell:Creating environment hook '/home/yuanluochen/code/guard/guard_ros/install/fast_lio/share/fast_lio/hook/ld_library_path_lib.ps1'
[1.369s] INFO:colcon.colcon_core.shell:Creating environment descriptor '/home/yuanluochen/code/guard/guard_ros/install/fast_lio/share/fast_lio/hook/ld_library_path_lib.dsv'
[1.369s] INFO:colcon.colcon_core.shell:Creating environment hook '/home/yuanluochen/code/guard/guard_ros/install/fast_lio/share/fast_lio/hook/ld_library_path_lib.sh'
[1.369s] Level 1:colcon.colcon_core.environment:checking '/home/yuanluochen/code/guard/guard_ros/install/fast_lio/bin'
[1.370s] Level 1:colcon.colcon_core.environment:checking '/home/yuanluochen/code/guard/guard_ros/install/fast_lio/lib/pkgconfig/fast_lio.pc'
[1.370s] Level 1:colcon.colcon_core.environment:checking '/home/yuanluochen/code/guard/guard_ros/install/fast_lio/lib/python3.10/site-packages'
[1.370s] Level 1:colcon.colcon_core.environment:checking '/home/yuanluochen/code/guard/guard_ros/install/fast_lio/bin'
[1.372s] INFO:colcon.colcon_core.shell:Creating package script '/home/yuanluochen/code/guard/guard_ros/install/fast_lio/share/fast_lio/package.ps1'
[1.372s] INFO:colcon.colcon_core.shell:Creating package descriptor '/home/yuanluochen/code/guard/guard_ros/install/fast_lio/share/fast_lio/package.dsv'
[1.373s] INFO:colcon.colcon_core.shell:Creating package script '/home/yuanluochen/code/guard/guard_ros/install/fast_lio/share/fast_lio/package.sh'
[1.373s] INFO:colcon.colcon_core.shell:Creating package script '/home/yuanluochen/code/guard/guard_ros/install/fast_lio/share/fast_lio/package.bash'
[1.373s] INFO:colcon.colcon_core.shell:Creating package script '/home/yuanluochen/code/guard/guard_ros/install/fast_lio/share/fast_lio/package.zsh'
[1.374s] Level 1:colcon.colcon_core.environment:create_file_with_runtime_dependencies(/home/yuanluochen/code/guard/guard_ros/install/fast_lio/share/colcon-core/packages/fast_lio)
[1.432s] Level 1:colcon.colcon_core.environment:create_environment_scripts_only(fast_lio)
[1.434s] Level 1:colcon.colcon_core.environment:checking '/home/yuanluochen/code/guard/guard_ros/install/fast_lio' for CMake module files
[1.435s] Level 1:colcon.colcon_core.environment:checking '/home/yuanluochen/code/guard/guard_ros/install/fast_lio' for CMake config files
[1.435s] Level 1:colcon.colcon_core.shell:create_environment_hook('fast_lio', 'cmake_prefix_path')
[1.436s] INFO:colcon.colcon_core.shell:Creating environment hook '/home/yuanluochen/code/guard/guard_ros/install/fast_lio/share/fast_lio/hook/cmake_prefix_path.ps1'
[1.436s] INFO:colcon.colcon_core.shell:Creating environment descriptor '/home/yuanluochen/code/guard/guard_ros/install/fast_lio/share/fast_lio/hook/cmake_prefix_path.dsv'
[1.436s] INFO:colcon.colcon_core.shell:Creating environment hook '/home/yuanluochen/code/guard/guard_ros/install/fast_lio/share/fast_lio/hook/cmake_prefix_path.sh'
[1.437s] Level 1:colcon.colcon_core.environment:checking '/home/yuanluochen/code/guard/guard_ros/install/fast_lio/lib'
[1.437s] Level 1:colcon.colcon_core.shell:create_environment_hook('fast_lio', 'ld_library_path_lib')
[1.438s] INFO:colcon.colcon_core.shell:Creating environment hook '/home/yuanluochen/code/guard/guard_ros/install/fast_lio/share/fast_lio/hook/ld_library_path_lib.ps1'
[1.438s] INFO:colcon.colcon_core.shell:Creating environment descriptor '/home/yuanluochen/code/guard/guard_ros/install/fast_lio/share/fast_lio/hook/ld_library_path_lib.dsv'
[1.438s] INFO:colcon.colcon_core.shell:Creating environment hook '/home/yuanluochen/code/guard/guard_ros/install/fast_lio/share/fast_lio/hook/ld_library_path_lib.sh'
[1.439s] Level 1:colcon.colcon_core.environment:checking '/home/yuanluochen/code/guard/guard_ros/install/fast_lio/bin'
[1.439s] Level 1:colcon.colcon_core.environment:checking '/home/yuanluochen/code/guard/guard_ros/install/fast_lio/lib/pkgconfig/fast_lio.pc'
[1.439s] Level 1:colcon.colcon_core.environment:checking '/home/yuanluochen/code/guard/guard_ros/install/fast_lio/lib/python3.10/site-packages'
[1.439s] Level 1:colcon.colcon_core.environment:checking '/home/yuanluochen/code/guard/guard_ros/install/fast_lio/bin'
[1.440s] INFO:colcon.colcon_core.shell:Creating package script '/home/yuanluochen/code/guard/guard_ros/install/fast_lio/share/fast_lio/package.ps1'
[1.440s] INFO:colcon.colcon_core.shell:Creating package descriptor '/home/yuanluochen/code/guard/guard_ros/install/fast_lio/share/fast_lio/package.dsv'
[1.441s] INFO:colcon.colcon_core.shell:Creating package script '/home/yuanluochen/code/guard/guard_ros/install/fast_lio/share/fast_lio/package.sh'
[1.441s] INFO:colcon.colcon_core.shell:Creating package script '/home/yuanluochen/code/guard/guard_ros/install/fast_lio/share/fast_lio/package.bash'
[1.441s] INFO:colcon.colcon_core.shell:Creating package script '/home/yuanluochen/code/guard/guard_ros/install/fast_lio/share/fast_lio/package.zsh'
[1.441s] Level 1:colcon.colcon_core.environment:create_file_with_runtime_dependencies(/home/yuanluochen/code/guard/guard_ros/install/fast_lio/share/colcon-core/packages/fast_lio)
[1.442s] DEBUG:colcon.colcon_parallel_executor.executor.parallel:closing loop
[1.442s] DEBUG:colcon.colcon_parallel_executor.executor.parallel:loop closed
[1.442s] DEBUG:colcon.colcon_parallel_executor.executor.parallel:run_until_complete finished with '0'
[1.442s] DEBUG:colcon.colcon_core.event_reactor:joining thread
[1.449s] INFO:colcon.colcon_core.plugin_system:Skipping extension 'colcon_notification.desktop_notification.terminal_notifier': Not used on non-Darwin systems
[1.449s] INFO:colcon.colcon_core.plugin_system:Skipping extension 'colcon_notification.desktop_notification.win32': Not used on non-Windows systems
[1.449s] INFO:colcon.colcon_notification.desktop_notification:Sending desktop notification using 'notify2'
[1.458s] DEBUG:colcon.colcon_core.event_reactor:joined thread
[1.460s] INFO:colcon.colcon_core.shell:Creating prefix script '/home/yuanluochen/code/guard/guard_ros/install/local_setup.ps1'
[1.461s] INFO:colcon.colcon_core.shell:Creating prefix util module '/home/yuanluochen/code/guard/guard_ros/install/_local_setup_util_ps1.py'
[1.462s] INFO:colcon.colcon_core.shell:Creating prefix chain script '/home/yuanluochen/code/guard/guard_ros/install/setup.ps1'
[1.463s] INFO:colcon.colcon_core.shell:Creating prefix script '/home/yuanluochen/code/guard/guard_ros/install/local_setup.sh'
[1.464s] INFO:colcon.colcon_core.shell:Creating prefix util module '/home/yuanluochen/code/guard/guard_ros/install/_local_setup_util_sh.py'
[1.464s] INFO:colcon.colcon_core.shell:Creating prefix chain script '/home/yuanluochen/code/guard/guard_ros/install/setup.sh'
[1.465s] INFO:colcon.colcon_core.shell:Creating prefix script '/home/yuanluochen/code/guard/guard_ros/install/local_setup.bash'
[1.466s] INFO:colcon.colcon_core.shell:Creating prefix chain script '/home/yuanluochen/code/guard/guard_ros/install/setup.bash'
[1.467s] INFO:colcon.colcon_core.shell:Creating prefix script '/home/yuanluochen/code/guard/guard_ros/install/local_setup.zsh'
[1.467s] INFO:colcon.colcon_core.shell:Creating prefix chain script '/home/yuanluochen/code/guard/guard_ros/install/setup.zsh'
