[0.013s] Invoking command in '/home/yuanluochen/code/RobotMaster/guard/build/serial': CMAKE_PREFIX_PATH=/opt/ros/humble /usr/bin/cmake /home/yuanluochen/code/RobotMaster/guard/src/serial -DCMAKE_INSTALL_PREFIX=/home/yuanluochen/code/RobotMaster/guard/install/serial
[0.058s] -- The C compiler identification is GNU 11.3.0
[0.103s] -- The CXX compiler identification is GNU 11.3.0
[0.113s] -- Detecting C compiler ABI info
[0.179s] -- Detecting C compiler ABI info - done
[0.184s] -- Check for working C compiler: /usr/bin/cc - skipped
[0.185s] -- Detecting C compile features
[0.186s] -- Detecting C compile features - done
[0.188s] -- Detecting CXX compiler ABI info
[0.254s] -- Detecting CXX compiler ABI info - done
[0.258s] -- Check for working CXX compiler: /usr/bin/c++ - skipped
[0.258s] -- Detecting CXX compile features
[0.259s] -- Detecting CXX compile features - done
[0.262s] -- Found ament_cmake: 1.3.3 (/opt/ros/humble/share/ament_cmake/cmake)
[0.381s] -- Found Python3: /usr/bin/python3.10 (found version "3.10.6") found components: Interpreter 
[0.440s] -- Found rclcpp: 16.0.2 (/opt/ros/humble/share/rclcpp/cmake)
[0.477s] -- Found rosidl_generator_c: 3.1.4 (/opt/ros/humble/share/rosidl_generator_c/cmake)
[0.480s] -- Found rosidl_adapter: 3.1.4 (/opt/ros/humble/share/rosidl_adapter/cmake)
[0.486s] -- Found rosidl_generator_cpp: 3.1.4 (/opt/ros/humble/share/rosidl_generator_cpp/cmake)
[0.499s] -- Using all available rosidl_typesupport_c: rosidl_typesupport_fastrtps_c;rosidl_typesupport_introspection_c
[0.513s] -- Using all available rosidl_typesupport_cpp: rosidl_typesupport_fastrtps_cpp;rosidl_typesupport_introspection_cpp
[0.558s] -- Found rmw_implementation_cmake: 6.1.1 (/opt/ros/humble/share/rmw_implementation_cmake/cmake)
[0.560s] -- Found rmw_fastrtps_cpp: 6.2.2 (/opt/ros/humble/share/rmw_fastrtps_cpp/cmake)
[0.621s] -- Found OpenSSL: /usr/lib/x86_64-linux-gnu/libcrypto.so (found version "3.0.2")  
[0.640s] -- Found FastRTPS: /opt/ros/humble/include  
[0.669s] -- Using RMW implementation 'rmw_fastrtps_cpp' as default
[0.680s] -- Looking for pthread.h
[0.721s] -- Looking for pthread.h - found
[0.721s] -- Performing Test CMAKE_HAVE_LIBC_PTHREAD
[0.763s] -- Performing Test CMAKE_HAVE_LIBC_PTHREAD - Success
[0.764s] -- Found Threads: TRUE  
[0.865s] -- Found ament_lint_auto: 0.12.4 (/opt/ros/humble/share/ament_lint_auto/cmake)
[0.916s] -- Added test 'cppcheck' to perform static code analysis on C / C++ code
[0.917s] -- Configured cppcheck include dirs: $<BUILD_INTERFACE:/home/yuanluochen/code/RobotMaster/guard/src/serial/include>
[0.917s] -- Configured cppcheck exclude dirs and/or files: 
[0.917s] -- Added test 'lint_cmake' to check CMake code style
[0.918s] -- Added test 'uncrustify' to check C / C++ code style
[0.918s] -- Configured uncrustify additional arguments: 
[0.918s] -- Added test 'xmllint' to check XML markup files
[0.919s] -- Configuring done
[0.925s] -- Generating done
[0.926s] -- Build files have been written to: /home/yuanluochen/code/RobotMaster/guard/build/serial
[0.933s] Invoked command in '/home/yuanluochen/code/RobotMaster/guard/build/serial' returned '0': CMAKE_PREFIX_PATH=/opt/ros/humble /usr/bin/cmake /home/yuanluochen/code/RobotMaster/guard/src/serial -DCMAKE_INSTALL_PREFIX=/home/yuanluochen/code/RobotMaster/guard/install/serial
[0.934s] Invoking command in '/home/yuanluochen/code/RobotMaster/guard/build/serial': CMAKE_PREFIX_PATH=/opt/ros/humble /usr/bin/cmake --build /home/yuanluochen/code/RobotMaster/guard/build/serial -- -j16 -l16
[0.960s] [ 50%] [32mBuilding CXX object CMakeFiles/serial.dir/src/serial.cpp.o[0m
[0.983s] [100%] [32m[1mLinking CXX executable serial[0m
[1.035s] [100%] Built target serial
[1.041s] Invoked command in '/home/yuanluochen/code/RobotMaster/guard/build/serial' returned '0': CMAKE_PREFIX_PATH=/opt/ros/humble /usr/bin/cmake --build /home/yuanluochen/code/RobotMaster/guard/build/serial -- -j16 -l16
[1.069s] Invoking command in '/home/yuanluochen/code/RobotMaster/guard/build/serial': CMAKE_PREFIX_PATH=/opt/ros/humble /usr/bin/cmake --install /home/yuanluochen/code/RobotMaster/guard/build/serial
[1.072s] -- Install configuration: ""
[1.072s] -- Installing: /home/yuanluochen/code/RobotMaster/guard/install/serial/lib/serial/serial
[1.072s] -- Set runtime path of "/home/yuanluochen/code/RobotMaster/guard/install/serial/lib/serial/serial" to ""
[1.072s] -- Installing: /home/yuanluochen/code/RobotMaster/guard/install/serial/share/ament_index/resource_index/package_run_dependencies/serial
[1.072s] -- Installing: /home/yuanluochen/code/RobotMaster/guard/install/serial/share/ament_index/resource_index/parent_prefix_path/serial
[1.072s] -- Installing: /home/yuanluochen/code/RobotMaster/guard/install/serial/share/serial/environment/ament_prefix_path.sh
[1.072s] -- Installing: /home/yuanluochen/code/RobotMaster/guard/install/serial/share/serial/environment/ament_prefix_path.dsv
[1.072s] -- Installing: /home/yuanluochen/code/RobotMaster/guard/install/serial/share/serial/environment/path.sh
[1.072s] -- Installing: /home/yuanluochen/code/RobotMaster/guard/install/serial/share/serial/environment/path.dsv
[1.073s] -- Installing: /home/yuanluochen/code/RobotMaster/guard/install/serial/share/serial/local_setup.bash
[1.073s] -- Installing: /home/yuanluochen/code/RobotMaster/guard/install/serial/share/serial/local_setup.sh
[1.073s] -- Installing: /home/yuanluochen/code/RobotMaster/guard/install/serial/share/serial/local_setup.zsh
[1.073s] -- Installing: /home/yuanluochen/code/RobotMaster/guard/install/serial/share/serial/local_setup.dsv
[1.073s] -- Installing: /home/yuanluochen/code/RobotMaster/guard/install/serial/share/serial/package.dsv
[1.073s] -- Installing: /home/yuanluochen/code/RobotMaster/guard/install/serial/share/ament_index/resource_index/packages/serial
[1.073s] -- Installing: /home/yuanluochen/code/RobotMaster/guard/install/serial/share/serial/cmake/serialConfig.cmake
[1.073s] -- Installing: /home/yuanluochen/code/RobotMaster/guard/install/serial/share/serial/cmake/serialConfig-version.cmake
[1.073s] -- Installing: /home/yuanluochen/code/RobotMaster/guard/install/serial/share/serial/package.xml
[1.075s] Invoked command in '/home/yuanluochen/code/RobotMaster/guard/build/serial' returned '0': CMAKE_PREFIX_PATH=/opt/ros/humble /usr/bin/cmake --install /home/yuanluochen/code/RobotMaster/guard/build/serial
