[35m[1mConsolidate compiler generated dependencies of target serial[0m
[ 33%] [32mBuilding CXX object CMakeFiles/serial.dir/src/serial/serial.cpp.o[0m
[ 66%] [32m[1mLinking CXX executable serial[0m
[100%] Built target serial
-- Install configuration: ""
-- Installing: /home/yuanluochen/code/RobotMaster/guard/install/serial/lib/serial/serial
-- Set runtime path of "/home/yuanluochen/code/RobotMaster/guard/install/serial/lib/serial/serial" to ""
-- Up-to-date: /home/yuanluochen/code/RobotMaster/guard/install/serial/share/ament_index/resource_index/package_run_dependencies/serial
-- Up-to-date: /home/yuanluochen/code/RobotMaster/guard/install/serial/share/ament_index/resource_index/parent_prefix_path/serial
-- Up-to-date: /home/yuanluochen/code/RobotMaster/guard/install/serial/share/serial/environment/ament_prefix_path.sh
-- Up-to-date: /home/yuanluochen/code/RobotMaster/guard/install/serial/share/serial/environment/ament_prefix_path.dsv
-- Up-to-date: /home/yuanluochen/code/RobotMaster/guard/install/serial/share/serial/environment/path.sh
-- Up-to-date: /home/yuanluochen/code/RobotMaster/guard/install/serial/share/serial/environment/path.dsv
-- Up-to-date: /home/yuanluochen/code/RobotMaster/guard/install/serial/share/serial/local_setup.bash
-- Up-to-date: /home/yuanluochen/code/RobotMaster/guard/install/serial/share/serial/local_setup.sh
-- Up-to-date: /home/yuanluochen/code/RobotMaster/guard/install/serial/share/serial/local_setup.zsh
-- Up-to-date: /home/yuanluochen/code/RobotMaster/guard/install/serial/share/serial/local_setup.dsv
-- Installing: /home/yuanluochen/code/RobotMaster/guard/install/serial/share/serial/package.dsv
-- Up-to-date: /home/yuanluochen/code/RobotMaster/guard/install/serial/share/ament_index/resource_index/packages/serial
-- Up-to-date: /home/yuanluochen/code/RobotMaster/guard/install/serial/share/serial/cmake/serialConfig.cmake
-- Up-to-date: /home/yuanluochen/code/RobotMaster/guard/install/serial/share/serial/cmake/serialConfig-version.cmake
-- Up-to-date: /home/yuanluochen/code/RobotMaster/guard/install/serial/share/serial/package.xml
