[0.008s] Invoking command in '/home/yuanluochen/code/guard/guard_ros/build/fast_lio': CMAKE_PREFIX_PATH=/home/yuanluochen/code/guard/guard_ros/install/livox_ros_driver2:/home/yuanluochen/code/guard/guard_ros/install/fast_lio:/opt/ros/humble LD_LIBRARY_PATH=/home/yuanluochen/code/guard/guard_ros/install/livox_ros_driver2/lib:/home/yuanluochen/code/guard/guard_ros/install/fast_lio/lib:/opt/ros/humble/opt/rviz_ogre_vendor/lib:/opt/ros/humble/lib/x86_64-linux-gnu:/opt/ros/humble/lib:/usr/local/lib/:/usr/local/lib/:/usr/local/lib/:/usr/local/lib/ /usr/bin/cmake /home/yuanluochen/code/guard/guard_ros/src/FAST_LIO -DROS_EDITION=ROS2 -DHUMBLE_ROS=humble -DCMAKE_INSTALL_PREFIX=/home/yuanluochen/code/guard/guard_ros/install/fast_lio
[0.072s] -- The C compiler identification is GNU 11.3.0
[0.109s] -- The CXX compiler identification is GNU 11.3.0
[0.115s] -- Detecting C compiler ABI info
[0.163s] -- Detecting C compiler ABI info - done
[0.167s] -- Check for working C compiler: /usr/bin/cc - skipped
[0.168s] -- Detecting C compile features
[0.168s] -- Detecting C compile features - done
[0.170s] -- Detecting CXX compiler ABI info
[0.222s] -- Detecting CXX compiler ABI info - done
[0.227s] -- Check for working CXX compiler: /usr/bin/c++ - skipped
[0.227s] -- Detecting CXX compile features
[0.227s] -- Detecting CXX compile features - done
[0.228s] [0mCurrent CPU archtecture: x86_64[0m
[0.232s] [0mProcesser number:  16[0m
[0.232s] [0mcore for MP: 3[0m
[0.482s] -- Found PythonLibs: /usr/lib/x86_64-linux-gnu/libpython3.10.so (found version "3.10.6") 
[0.486s] -- Found ament_cmake: 1.3.3 (/opt/ros/humble/share/ament_cmake/cmake)
[0.607s] -- Found Python3: /usr/bin/python3.10 (found version "3.10.6") found components: Interpreter 
[0.696s] -- Found rclcpp: 16.0.3 (/opt/ros/humble/share/rclcpp/cmake)
[0.733s] -- Found rosidl_generator_c: 3.1.4 (/opt/ros/humble/share/rosidl_generator_c/cmake)
[0.738s] -- Found rosidl_adapter: 3.1.4 (/opt/ros/humble/share/rosidl_adapter/cmake)
[0.747s] -- Found rosidl_generator_cpp: 3.1.4 (/opt/ros/humble/share/rosidl_generator_cpp/cmake)
[0.760s] -- Using all available rosidl_typesupport_c: rosidl_typesupport_fastrtps_c;rosidl_typesupport_introspection_c
[0.778s] -- Using all available rosidl_typesupport_cpp: rosidl_typesupport_fastrtps_cpp;rosidl_typesupport_introspection_cpp
[0.837s] -- Found rmw_implementation_cmake: 6.1.1 (/opt/ros/humble/share/rmw_implementation_cmake/cmake)
[0.839s] -- Found rmw_fastrtps_cpp: 6.2.2 (/opt/ros/humble/share/rmw_fastrtps_cpp/cmake)
[0.922s] -- Found OpenSSL: /usr/lib/x86_64-linux-gnu/libcrypto.so (found version "3.0.2")  
[0.946s] -- Found FastRTPS: /opt/ros/humble/include  
[0.985s] -- Using RMW implementation 'rmw_fastrtps_cpp' as default
[0.993s] -- Looking for pthread.h
[1.055s] -- Looking for pthread.h - found
[1.055s] -- Performing Test CMAKE_HAVE_LIBC_PTHREAD
[1.122s] -- Performing Test CMAKE_HAVE_LIBC_PTHREAD - Success
[1.123s] -- Found Threads: TRUE  
[1.247s] -- Found rclcpp_components: 16.0.3 (/opt/ros/humble/share/rclcpp_components/cmake)
[1.302s] -- Found geometry_msgs: 4.2.3 (/opt/ros/humble/share/geometry_msgs/cmake)
[1.339s] -- Found nav_msgs: 4.2.3 (/opt/ros/humble/share/nav_msgs/cmake)
[1.405s] -- Found sensor_msgs: 4.2.3 (/opt/ros/humble/share/sensor_msgs/cmake)
[1.473s] -- Found std_srvs: 4.2.3 (/opt/ros/humble/share/std_srvs/cmake)
[1.489s] -- Found visualization_msgs: 4.2.3 (/opt/ros/humble/share/visualization_msgs/cmake)
[1.583s] -- Found pcl_ros: 2.4.0 (/opt/ros/humble/share/pcl_ros/cmake)
[1.816s] -- Found eigen3_cmake_module: 0.1.1 (/opt/ros/humble/share/eigen3_cmake_module/cmake)
[1.817s] -- Found Eigen3: TRUE (found version "3.4.0") 
[1.817s] -- Ensuring Eigen3 include directory is part of orocos-kdl CMake target
[2.074s] [33mCMake Warning (dev) at /opt/ros/humble/share/pcl_ros/cmake/ament_cmake_export_dependencies-extras.cmake:21 (find_package):
[2.074s]   Policy CMP0074 is not set: find_package uses <PackageName>_ROOT variables.
[2.074s]   Run "cmake --help-policy CMP0074" for policy details.  Use the cmake_policy
[2.074s]   command to set the policy and suppress this warning.
[2.074s] 
[2.074s]   Environment variable PCL_ROOT is set to:
[2.074s] 
[2.074s]     {CUSTOM_PCL_PATH}
[2.074s] 
[2.074s]   For compatibility, CMake is ignoring the variable.
[2.074s] Call Stack (most recent call first):
[2.074s]   /opt/ros/humble/share/pcl_ros/cmake/pcl_rosConfig.cmake:41 (include)
[2.074s]   CMakeLists.txt:60 (find_package)
[2.074s] This warning is for project developers.  Use -Wno-dev to suppress it.
[2.074s] [0m
[2.085s] -- Checking for module 'eigen3'
[2.093s] --   Found eigen3, version 3.4.0
[2.113s] -- Found Eigen: /usr/include/eigen3 (Required is at least version "3.1") 
[2.113s] -- Eigen found (include: /usr/include/eigen3, version: 3.4.0)
[2.140s] -- Checking for module 'flann'
[2.151s] --   Found flann, version 1.9.1
[2.177s] -- Found FLANN: /usr/lib/x86_64-linux-gnu/libflann_cpp.so  
[2.178s] -- FLANN found (include: /usr/include, lib: /usr/lib/x86_64-linux-gnu/libflann_cpp.so)
[2.851s] -- Checking for module 'libusb-1.0'
[2.859s] --   Found libusb-1.0, version 1.0.25
[2.883s] -- Found libusb: /usr/lib/x86_64-linux-gnu/libusb-1.0.so  
[2.887s] -- OpenNI found (version: 1.5.4.0, include: /usr/include/ni, lib: /usr/lib/libOpenNI.so;libusb::libusb)
[2.923s] -- OpenNI2 found (version: 2.2.0.33, include: /usr/include/openni2, lib: /usr/lib/x86_64-linux-gnu/libOpenNI2.so;libusb::libusb)
[3.048s] -- Eigen found (include: /usr/include/eigen3, version: 3.4.0)
[3.053s] -- OpenNI found (version: 1.5.4.0, include: /usr/include/ni, lib: /usr/lib/libOpenNI.so;libusb::libusb)
[3.058s] -- OpenNI2 found (version: 2.2.0.33, include: /usr/include/openni2, lib: /usr/lib/x86_64-linux-gnu/libOpenNI2.so;libusb::libusb)
[3.181s] -- Found Qhull version 8.0.2
[3.301s] -- OpenNI found (version: 1.5.4.0, include: /usr/include/ni, lib: /usr/lib/libOpenNI.so;libusb::libusb)
[3.417s] -- Found PCL_COMMON: /usr/lib/x86_64-linux-gnu/libpcl_common.so  
[3.417s] -- Found PCL_KDTREE: /usr/lib/x86_64-linux-gnu/libpcl_kdtree.so  
[3.418s] -- Found PCL_OCTREE: /usr/lib/x86_64-linux-gnu/libpcl_octree.so  
[3.419s] -- Found PCL_SEARCH: /usr/lib/x86_64-linux-gnu/libpcl_search.so  
[3.419s] -- Found PCL_SAMPLE_CONSENSUS: /usr/lib/x86_64-linux-gnu/libpcl_sample_consensus.so  
[3.420s] -- Found PCL_FILTERS: /usr/lib/x86_64-linux-gnu/libpcl_filters.so  
[3.420s] -- Found PCL_2D: /usr/include/pcl-1.12  
[3.421s] -- Found PCL_GEOMETRY: /usr/include/pcl-1.12  
[3.422s] -- Found PCL_IO: /usr/lib/x86_64-linux-gnu/libpcl_io.so  
[3.423s] -- Found PCL_FEATURES: /usr/lib/x86_64-linux-gnu/libpcl_features.so  
[3.423s] -- Found PCL_ML: /usr/lib/x86_64-linux-gnu/libpcl_ml.so  
[3.424s] -- Found PCL_SEGMENTATION: /usr/lib/x86_64-linux-gnu/libpcl_segmentation.so  
[3.425s] -- Found PCL_VISUALIZATION: /usr/lib/x86_64-linux-gnu/libpcl_visualization.so  
[3.426s] -- Found PCL_SURFACE: /usr/lib/x86_64-linux-gnu/libpcl_surface.so  
[3.427s] -- Found PCL_REGISTRATION: /usr/lib/x86_64-linux-gnu/libpcl_registration.so  
[3.428s] -- Found PCL_KEYPOINTS: /usr/lib/x86_64-linux-gnu/libpcl_keypoints.so  
[3.429s] -- Found PCL_TRACKING: /usr/lib/x86_64-linux-gnu/libpcl_tracking.so  
[3.430s] -- Found PCL_RECOGNITION: /usr/lib/x86_64-linux-gnu/libpcl_recognition.so  
[3.431s] -- Found PCL_STEREO: /usr/lib/x86_64-linux-gnu/libpcl_stereo.so  
[3.432s] -- Found PCL_APPS: /usr/lib/x86_64-linux-gnu/libpcl_apps.so  
[3.432s] -- Found PCL_IN_HAND_SCANNER: /usr/include/pcl-1.12  
[3.433s] -- Found PCL_MODELER: /usr/include/pcl-1.12  
[3.433s] -- Found PCL_POINT_CLOUD_EDITOR: /usr/include/pcl-1.12  
[3.435s] -- Found PCL_OUTOFCORE: /usr/lib/x86_64-linux-gnu/libpcl_outofcore.so  
[3.436s] -- Found PCL_PEOPLE: /usr/lib/x86_64-linux-gnu/libpcl_people.so  
[3.451s] -- Found livox_ros_driver2: 1.0.0 (/home/yuanluochen/code/guard/guard_ros/install/livox_ros_driver2/share/livox_ros_driver2/cmake)
[3.600s] -- Found rosidl_default_generators: 1.2.0 (/opt/ros/humble/share/rosidl_default_generators/cmake)
[3.613s] [0mEigen:/usr/include/eigen3[0m
[3.613s] -- PCL: /usr/include/pcl-1.12
[3.792s] -- Found ament_cmake_ros: 0.10.0 (/opt/ros/humble/share/ament_cmake_ros/cmake)
[4.008s] -- Using all available rosidl_typesupport_c: rosidl_typesupport_fastrtps_c;rosidl_typesupport_introspection_c
[4.094s] -- Using all available rosidl_typesupport_cpp: rosidl_typesupport_fastrtps_cpp;rosidl_typesupport_introspection_cpp
[4.115s] -- Found PythonInterp: /usr/bin/python3 (found suitable version "3.10.6", minimum required is "3.6") 
[4.116s] -- Found python_cmake_module: 0.10.0 (/opt/ros/humble/share/python_cmake_module/cmake)
[4.131s] -- Found PythonLibs: /usr/lib/x86_64-linux-gnu/libpython3.10.so (found suitable version "3.10.6", minimum required is "3.5") 
[4.131s] -- Using PYTHON_EXECUTABLE: /usr/bin/python3
[4.131s] -- Using PYTHON_INCLUDE_DIRS: /usr/include/python3.10
[4.131s] -- Using PYTHON_LIBRARIES: /usr/lib/x86_64-linux-gnu/libpython3.10.so
[4.146s] -- Found PythonExtra: .so  
[4.226s] -- Configuring done
[4.275s] -- Generating done
[4.278s] [33mCMake Warning:
[4.278s]   Manually-specified variables were not used by the project:
[4.278s] 
[4.278s]     HUMBLE_ROS
[4.278s]     ROS_EDITION
[4.278s] 
[4.278s] [0m
[4.279s] -- Build files have been written to: /home/yuanluochen/code/guard/guard_ros/build/fast_lio
[4.296s] Invoked command in '/home/yuanluochen/code/guard/guard_ros/build/fast_lio' returned '0': CMAKE_PREFIX_PATH=/home/yuanluochen/code/guard/guard_ros/install/livox_ros_driver2:/home/yuanluochen/code/guard/guard_ros/install/fast_lio:/opt/ros/humble LD_LIBRARY_PATH=/home/yuanluochen/code/guard/guard_ros/install/livox_ros_driver2/lib:/home/yuanluochen/code/guard/guard_ros/install/fast_lio/lib:/opt/ros/humble/opt/rviz_ogre_vendor/lib:/opt/ros/humble/lib/x86_64-linux-gnu:/opt/ros/humble/lib:/usr/local/lib/:/usr/local/lib/:/usr/local/lib/:/usr/local/lib/ /usr/bin/cmake /home/yuanluochen/code/guard/guard_ros/src/FAST_LIO -DROS_EDITION=ROS2 -DHUMBLE_ROS=humble -DCMAKE_INSTALL_PREFIX=/home/yuanluochen/code/guard/guard_ros/install/fast_lio
[4.298s] Invoking command in '/home/yuanluochen/code/guard/guard_ros/build/fast_lio': CMAKE_PREFIX_PATH=/home/yuanluochen/code/guard/guard_ros/install/livox_ros_driver2:/home/yuanluochen/code/guard/guard_ros/install/fast_lio:/opt/ros/humble LD_LIBRARY_PATH=/home/yuanluochen/code/guard/guard_ros/install/livox_ros_driver2/lib:/home/yuanluochen/code/guard/guard_ros/install/fast_lio/lib:/opt/ros/humble/opt/rviz_ogre_vendor/lib:/opt/ros/humble/lib/x86_64-linux-gnu:/opt/ros/humble/lib:/usr/local/lib/:/usr/local/lib/:/usr/local/lib/:/usr/local/lib/ /usr/bin/cmake --build /home/yuanluochen/code/guard/guard_ros/build/fast_lio -- -j16 -l16
[4.327s] [  2%] [34m[1mGenerating C code for ROS interfaces[0m
[4.332s] [  5%] [34m[1mGenerating C++ code for ROS interfaces[0m
[4.338s] [  5%] Built target ament_cmake_python_copy_fast_lio
[4.599s] [  5%] Built target fast_lio__cpp
[4.607s] [  8%] [34m[1mGenerating C++ introspection for ROS interfaces[0m
[4.607s] [ 11%] [34m[1mGenerating C++ type support dispatch for ROS interfaces[0m
[4.608s] [ 14%] [34m[1mGenerating C++ type support for eProsima Fast-RTPS[0m
[4.617s] [ 17%] [32mBuilding C object CMakeFiles/fast_lio__rosidl_generator_c.dir/rosidl_generator_c/fast_lio/msg/detail/pose6_d__functions.c.o[0m
[4.705s] running egg_info
[4.705s] creating fast_lio.egg-info
[4.706s] writing fast_lio.egg-info/PKG-INFO
[4.706s] writing dependency_links to fast_lio.egg-info/dependency_links.txt
[4.706s] writing top-level names to fast_lio.egg-info/top_level.txt
[4.706s] writing manifest file 'fast_lio.egg-info/SOURCES.txt'
[4.709s] reading manifest file 'fast_lio.egg-info/SOURCES.txt'
[4.709s] writing manifest file 'fast_lio.egg-info/SOURCES.txt'
[4.731s] [ 20%] [32m[1mLinking C shared library libfast_lio__rosidl_generator_c.so[0m
[4.740s] [ 20%] Built target ament_cmake_python_build_fast_lio_egg
[4.773s] [ 20%] Built target fast_lio__rosidl_generator_c
[4.785s] [ 22%] [34m[1mGenerating C type support dispatch for ROS interfaces[0m
[4.785s] [ 28%] [34m[1mGenerating C type support for eProsima Fast-RTPS[0m
[4.785s] [ 28%] [34m[1mGenerating C introspection for ROS interfaces[0m
[4.951s] [ 31%] [32mBuilding CXX object CMakeFiles/fast_lio__rosidl_typesupport_cpp.dir/rosidl_typesupport_cpp/fast_lio/msg/pose6_d__type_support.cpp.o[0m
[4.960s] [ 34%] [32mBuilding CXX object CMakeFiles/fast_lio__rosidl_typesupport_introspection_cpp.dir/rosidl_typesupport_introspection_cpp/fast_lio/msg/detail/pose6_d__type_support.cpp.o[0m
[4.961s] [ 37%] [32mBuilding CXX object CMakeFiles/fast_lio__rosidl_typesupport_fastrtps_cpp.dir/rosidl_typesupport_fastrtps_cpp/fast_lio/msg/detail/dds_fastrtps/pose6_d__type_support.cpp.o[0m
[5.083s] [ 40%] [32mBuilding CXX object CMakeFiles/fast_lio__rosidl_typesupport_c.dir/rosidl_typesupport_c/fast_lio/msg/pose6_d__type_support.cpp.o[0m
[5.113s] [ 42%] [32mBuilding C object CMakeFiles/fast_lio__rosidl_typesupport_introspection_c.dir/rosidl_typesupport_introspection_c/fast_lio/msg/detail/pose6_d__type_support.c.o[0m
[5.117s] [ 45%] [32m[1mLinking CXX shared library libfast_lio__rosidl_typesupport_c.so[0m
[5.125s] [ 48%] [32mBuilding CXX object CMakeFiles/fast_lio__rosidl_typesupport_fastrtps_c.dir/rosidl_typesupport_fastrtps_c/fast_lio/msg/detail/pose6_d__type_support_c.cpp.o[0m
[5.154s] [ 48%] Built target fast_lio__rosidl_typesupport_c
[5.169s] [ 51%] [32m[1mLinking C shared library libfast_lio__rosidl_typesupport_introspection_c.so[0m
[5.198s] [ 51%] Built target fast_lio__rosidl_typesupport_introspection_c
[5.210s] [ 54%] [32m[1mLinking CXX shared library libfast_lio__rosidl_typesupport_cpp.so[0m
[5.247s] [ 54%] Built target fast_lio__rosidl_typesupport_cpp
[5.267s] [ 62%] [32mBuilding CXX object CMakeFiles/fastlio_mapping.dir/include/ikd-Tree/ikd_Tree.cpp.o[0m
[5.267s] [ 62%] [32mBuilding CXX object CMakeFiles/fastlio_mapping.dir/src/preprocess.cpp.o[0m
[5.267s] [ 62%] [32mBuilding CXX object CMakeFiles/fastlio_mapping.dir/src/laserMapping.cpp.o[0m
[5.368s] [ 65%] [32m[1mLinking CXX shared library libfast_lio__rosidl_typesupport_introspection_cpp.so[0m
[5.375s] [ 68%] [32m[1mLinking CXX shared library libfast_lio__rosidl_typesupport_fastrtps_cpp.so[0m
[5.411s] [ 68%] Built target fast_lio__rosidl_typesupport_introspection_cpp
[5.452s] [ 68%] Built target fast_lio__rosidl_typesupport_fastrtps_cpp
[5.455s] [ 71%] [32m[1mLinking CXX shared library libfast_lio__rosidl_typesupport_fastrtps_c.so[0m
[5.517s] [ 71%] Built target fast_lio__rosidl_typesupport_fastrtps_c
[5.535s] [ 71%] Built target fast_lio
[5.556s] [ 74%] [34m[1mGenerating Python code for ROS interfaces[0m
[6.007s] [ 74%] Built target fast_lio__py
[6.029s] [ 77%] [32mBuilding C object CMakeFiles/fast_lio__rosidl_generator_py.dir/rosidl_generator_py/fast_lio/msg/_pose6_d_s.c.o[0m
[6.197s] [ 80%] [32m[1mLinking C shared library rosidl_generator_py/fast_lio/libfast_lio__rosidl_generator_py.so[0m
[6.240s] [ 80%] Built target fast_lio__rosidl_generator_py
[6.262s] [ 82%] [32mBuilding C object CMakeFiles/fast_lio__rosidl_typesupport_fastrtps_c__pyext.dir/rosidl_generator_py/fast_lio/_fast_lio_s.ep.rosidl_typesupport_fastrtps_c.c.o[0m
[6.262s] [ 85%] [32mBuilding C object CMakeFiles/fast_lio__rosidl_typesupport_c__pyext.dir/rosidl_generator_py/fast_lio/_fast_lio_s.ep.rosidl_typesupport_c.c.o[0m
[6.264s] [ 88%] [32mBuilding C object CMakeFiles/fast_lio__rosidl_typesupport_introspection_c__pyext.dir/rosidl_generator_py/fast_lio/_fast_lio_s.ep.rosidl_typesupport_introspection_c.c.o[0m
[6.382s] [ 91%] [32m[1mLinking C shared library rosidl_generator_py/fast_lio/fast_lio_s__rosidl_typesupport_c.cpython-310-x86_64-linux-gnu.so[0m
[6.382s] [ 94%] [32m[1mLinking C shared library rosidl_generator_py/fast_lio/fast_lio_s__rosidl_typesupport_introspection_c.cpython-310-x86_64-linux-gnu.so[0m
[6.385s] [ 97%] [32m[1mLinking C shared library rosidl_generator_py/fast_lio/fast_lio_s__rosidl_typesupport_fastrtps_c.cpython-310-x86_64-linux-gnu.so[0m
[6.418s] [ 97%] Built target fast_lio__rosidl_typesupport_introspection_c__pyext
[6.418s] [ 97%] Built target fast_lio__rosidl_typesupport_c__pyext
[6.421s] [ 97%] Built target fast_lio__rosidl_typesupport_fastrtps_c__pyext
[11.260s] In file included from [01m[K/usr/include/boost/smart_ptr/detail/sp_thread_sleep.hpp:22[m[K,
[11.260s]                  from [01m[K/usr/include/boost/smart_ptr/detail/yield_k.hpp:23[m[K,
[11.260s]                  from [01m[K/usr/include/boost/smart_ptr/detail/spinlock_gcc_atomic.hpp:14[m[K,
[11.260s]                  from [01m[K/usr/include/boost/smart_ptr/detail/spinlock.hpp:42[m[K,
[11.260s]                  from [01m[K/usr/include/boost/smart_ptr/detail/spinlock_pool.hpp:25[m[K,
[11.261s]                  from [01m[K/usr/include/boost/smart_ptr/shared_ptr.hpp:29[m[K,
[11.261s]                  from [01m[K/usr/include/boost/shared_ptr.hpp:17[m[K,
[11.261s]                  from [01m[K/usr/include/boost/date_time/microsec_time_clock.hpp:18[m[K,
[11.261s]                  from [01m[K/usr/include/boost/interprocess/detail/posix_time_types_wrk.hpp:31[m[K,
[11.261s]                  from [01m[K/usr/include/boost/interprocess/detail/os_thread_functions.hpp:36[m[K,
[11.261s]                  from [01m[K/usr/include/boost/interprocess/sync/file_lock.hpp:26[m[K,
[11.261s]                  from [01m[K/usr/include/pcl-1.12/pcl/io/pcd_io.h:46[m[K,
[11.261s]                  from [01m[K/opt/ros/humble/include/pcl_conversions/pcl_conversions.h:72[m[K,
[11.261s]                  from [01m[K/home/yuanluochen/code/guard/guard_ros/src/FAST_LIO/src/IMU_Processing.hpp:18[m[K,
[11.261s]                  from [01m[K/home/yuanluochen/code/guard/guard_ros/src/FAST_LIO/src/laserMapping.cpp:47[m[K:
[11.261s] [01m[K/usr/include/boost/bind.hpp:36:1:[m[K [01;36m[Knote: [m[K‘[01m[K#pragma message: The practice of declaring the Bind placeholders (_1, _2, ...) in the global namespace is deprecated. Please use <boost/bind/bind.hpp> + using namespace boost::placeholders, or define BOOST_BIND_GLOBAL_PLACEHOLDERS to retain the current behavior.[m[K’
[11.261s]    36 | [01;36m[KBOOST_PRAGMA_MESSAGE[m[K(
[11.261s]       | [01;36m[K^~~~~~~~~~~~~~~~~~~~[m[K
[58.114s] [100%] [32m[1mLinking CXX executable fastlio_mapping[0m
[59.036s] [100%] Built target fastlio_mapping
[59.044s] Invoked command in '/home/yuanluochen/code/guard/guard_ros/build/fast_lio' returned '0': CMAKE_PREFIX_PATH=/home/yuanluochen/code/guard/guard_ros/install/livox_ros_driver2:/home/yuanluochen/code/guard/guard_ros/install/fast_lio:/opt/ros/humble LD_LIBRARY_PATH=/home/yuanluochen/code/guard/guard_ros/install/livox_ros_driver2/lib:/home/yuanluochen/code/guard/guard_ros/install/fast_lio/lib:/opt/ros/humble/opt/rviz_ogre_vendor/lib:/opt/ros/humble/lib/x86_64-linux-gnu:/opt/ros/humble/lib:/usr/local/lib/:/usr/local/lib/:/usr/local/lib/:/usr/local/lib/ /usr/bin/cmake --build /home/yuanluochen/code/guard/guard_ros/build/fast_lio -- -j16 -l16
[59.089s] Invoking command in '/home/yuanluochen/code/guard/guard_ros/build/fast_lio': CMAKE_PREFIX_PATH=/home/yuanluochen/code/guard/guard_ros/install/livox_ros_driver2:/home/yuanluochen/code/guard/guard_ros/install/fast_lio:/opt/ros/humble LD_LIBRARY_PATH=/home/yuanluochen/code/guard/guard_ros/install/livox_ros_driver2/lib:/home/yuanluochen/code/guard/guard_ros/install/fast_lio/lib:/opt/ros/humble/opt/rviz_ogre_vendor/lib:/opt/ros/humble/lib/x86_64-linux-gnu:/opt/ros/humble/lib:/usr/local/lib/:/usr/local/lib/:/usr/local/lib/:/usr/local/lib/ /usr/bin/cmake --install /home/yuanluochen/code/guard/guard_ros/build/fast_lio
[59.094s] -- Install configuration: "Release"
[59.094s] -- Installing: /home/yuanluochen/code/guard/guard_ros/install/fast_lio/share/ament_index/resource_index/rosidl_interfaces/fast_lio
[59.095s] -- Installing: /home/yuanluochen/code/guard/guard_ros/install/fast_lio/include/fast_lio/fast_lio
[59.095s] -- Installing: /home/yuanluochen/code/guard/guard_ros/install/fast_lio/include/fast_lio/fast_lio/msg
[59.095s] -- Installing: /home/yuanluochen/code/guard/guard_ros/install/fast_lio/include/fast_lio/fast_lio/msg/pose6_d.h
[59.095s] -- Installing: /home/yuanluochen/code/guard/guard_ros/install/fast_lio/include/fast_lio/fast_lio/msg/rosidl_generator_c__visibility_control.h
[59.095s] -- Installing: /home/yuanluochen/code/guard/guard_ros/install/fast_lio/include/fast_lio/fast_lio/msg/detail
[59.095s] -- Installing: /home/yuanluochen/code/guard/guard_ros/install/fast_lio/include/fast_lio/fast_lio/msg/detail/pose6_d__functions.c
[59.095s] -- Installing: /home/yuanluochen/code/guard/guard_ros/install/fast_lio/include/fast_lio/fast_lio/msg/detail/pose6_d__struct.h
[59.095s] -- Installing: /home/yuanluochen/code/guard/guard_ros/install/fast_lio/include/fast_lio/fast_lio/msg/detail/pose6_d__type_support.h
[59.095s] -- Installing: /home/yuanluochen/code/guard/guard_ros/install/fast_lio/include/fast_lio/fast_lio/msg/detail/pose6_d__functions.h
[59.095s] -- Installing: /home/yuanluochen/code/guard/guard_ros/install/fast_lio/share/fast_lio/environment/library_path.sh
[59.095s] -- Installing: /home/yuanluochen/code/guard/guard_ros/install/fast_lio/share/fast_lio/environment/library_path.dsv
[59.095s] -- Installing: /home/yuanluochen/code/guard/guard_ros/install/fast_lio/lib/libfast_lio__rosidl_generator_c.so
[59.096s] -- Set runtime path of "/home/yuanluochen/code/guard/guard_ros/install/fast_lio/lib/libfast_lio__rosidl_generator_c.so" to ""
[59.096s] -- Up-to-date: /home/yuanluochen/code/guard/guard_ros/install/fast_lio/include/fast_lio/fast_lio
[59.096s] -- Up-to-date: /home/yuanluochen/code/guard/guard_ros/install/fast_lio/include/fast_lio/fast_lio/msg
[59.096s] -- Installing: /home/yuanluochen/code/guard/guard_ros/install/fast_lio/include/fast_lio/fast_lio/msg/rosidl_typesupport_fastrtps_c__visibility_control.h
[59.096s] -- Up-to-date: /home/yuanluochen/code/guard/guard_ros/install/fast_lio/include/fast_lio/fast_lio/msg/detail
[59.096s] -- Installing: /home/yuanluochen/code/guard/guard_ros/install/fast_lio/include/fast_lio/fast_lio/msg/detail/pose6_d__rosidl_typesupport_fastrtps_c.h
[59.096s] -- Installing: /home/yuanluochen/code/guard/guard_ros/install/fast_lio/lib/libfast_lio__rosidl_typesupport_fastrtps_c.so
[59.096s] -- Set runtime path of "/home/yuanluochen/code/guard/guard_ros/install/fast_lio/lib/libfast_lio__rosidl_typesupport_fastrtps_c.so" to ""
[59.096s] -- Up-to-date: /home/yuanluochen/code/guard/guard_ros/install/fast_lio/include/fast_lio/fast_lio
[59.096s] -- Up-to-date: /home/yuanluochen/code/guard/guard_ros/install/fast_lio/include/fast_lio/fast_lio/msg
[59.096s] -- Installing: /home/yuanluochen/code/guard/guard_ros/install/fast_lio/include/fast_lio/fast_lio/msg/pose6_d.hpp
[59.096s] -- Up-to-date: /home/yuanluochen/code/guard/guard_ros/install/fast_lio/include/fast_lio/fast_lio/msg/detail
[59.096s] -- Installing: /home/yuanluochen/code/guard/guard_ros/install/fast_lio/include/fast_lio/fast_lio/msg/detail/pose6_d__struct.hpp
[59.096s] -- Installing: /home/yuanluochen/code/guard/guard_ros/install/fast_lio/include/fast_lio/fast_lio/msg/detail/pose6_d__builder.hpp
[59.096s] -- Installing: /home/yuanluochen/code/guard/guard_ros/install/fast_lio/include/fast_lio/fast_lio/msg/detail/pose6_d__traits.hpp
[59.096s] -- Up-to-date: /home/yuanluochen/code/guard/guard_ros/install/fast_lio/include/fast_lio/fast_lio
[59.096s] -- Up-to-date: /home/yuanluochen/code/guard/guard_ros/install/fast_lio/include/fast_lio/fast_lio/msg
[59.096s] -- Installing: /home/yuanluochen/code/guard/guard_ros/install/fast_lio/include/fast_lio/fast_lio/msg/rosidl_typesupport_fastrtps_cpp__visibility_control.h
[59.096s] -- Up-to-date: /home/yuanluochen/code/guard/guard_ros/install/fast_lio/include/fast_lio/fast_lio/msg/detail
[59.096s] -- Installing: /home/yuanluochen/code/guard/guard_ros/install/fast_lio/include/fast_lio/fast_lio/msg/detail/pose6_d__rosidl_typesupport_fastrtps_cpp.hpp
[59.096s] -- Installing: /home/yuanluochen/code/guard/guard_ros/install/fast_lio/include/fast_lio/fast_lio/msg/detail/dds_fastrtps
[59.096s] -- Installing: /home/yuanluochen/code/guard/guard_ros/install/fast_lio/lib/libfast_lio__rosidl_typesupport_fastrtps_cpp.so
[59.097s] -- Set runtime path of "/home/yuanluochen/code/guard/guard_ros/install/fast_lio/lib/libfast_lio__rosidl_typesupport_fastrtps_cpp.so" to ""
[59.097s] -- Up-to-date: /home/yuanluochen/code/guard/guard_ros/install/fast_lio/include/fast_lio/fast_lio
[59.097s] -- Up-to-date: /home/yuanluochen/code/guard/guard_ros/install/fast_lio/include/fast_lio/fast_lio/msg
[59.097s] -- Installing: /home/yuanluochen/code/guard/guard_ros/install/fast_lio/include/fast_lio/fast_lio/msg/rosidl_typesupport_introspection_c__visibility_control.h
[59.097s] -- Up-to-date: /home/yuanluochen/code/guard/guard_ros/install/fast_lio/include/fast_lio/fast_lio/msg/detail
[59.097s] -- Installing: /home/yuanluochen/code/guard/guard_ros/install/fast_lio/include/fast_lio/fast_lio/msg/detail/pose6_d__type_support.c
[59.097s] -- Installing: /home/yuanluochen/code/guard/guard_ros/install/fast_lio/include/fast_lio/fast_lio/msg/detail/pose6_d__rosidl_typesupport_introspection_c.h
[59.097s] -- Installing: /home/yuanluochen/code/guard/guard_ros/install/fast_lio/lib/libfast_lio__rosidl_typesupport_introspection_c.so
[59.097s] -- Set runtime path of "/home/yuanluochen/code/guard/guard_ros/install/fast_lio/lib/libfast_lio__rosidl_typesupport_introspection_c.so" to ""
[59.097s] -- Installing: /home/yuanluochen/code/guard/guard_ros/install/fast_lio/lib/libfast_lio__rosidl_typesupport_c.so
[59.097s] -- Set runtime path of "/home/yuanluochen/code/guard/guard_ros/install/fast_lio/lib/libfast_lio__rosidl_typesupport_c.so" to ""
[59.097s] -- Up-to-date: /home/yuanluochen/code/guard/guard_ros/install/fast_lio/include/fast_lio/fast_lio
[59.097s] -- Up-to-date: /home/yuanluochen/code/guard/guard_ros/install/fast_lio/include/fast_lio/fast_lio/msg
[59.097s] -- Up-to-date: /home/yuanluochen/code/guard/guard_ros/install/fast_lio/include/fast_lio/fast_lio/msg/detail
[59.097s] -- Installing: /home/yuanluochen/code/guard/guard_ros/install/fast_lio/include/fast_lio/fast_lio/msg/detail/pose6_d__rosidl_typesupport_introspection_cpp.hpp
[59.097s] -- Installing: /home/yuanluochen/code/guard/guard_ros/install/fast_lio/include/fast_lio/fast_lio/msg/detail/pose6_d__type_support.cpp
[59.097s] -- Installing: /home/yuanluochen/code/guard/guard_ros/install/fast_lio/lib/libfast_lio__rosidl_typesupport_introspection_cpp.so
[59.097s] -- Set runtime path of "/home/yuanluochen/code/guard/guard_ros/install/fast_lio/lib/libfast_lio__rosidl_typesupport_introspection_cpp.so" to ""
[59.098s] -- Installing: /home/yuanluochen/code/guard/guard_ros/install/fast_lio/lib/libfast_lio__rosidl_typesupport_cpp.so
[59.098s] -- Set runtime path of "/home/yuanluochen/code/guard/guard_ros/install/fast_lio/lib/libfast_lio__rosidl_typesupport_cpp.so" to ""
[59.098s] -- Installing: /home/yuanluochen/code/guard/guard_ros/install/fast_lio/share/fast_lio/environment/pythonpath.sh
[59.098s] -- Installing: /home/yuanluochen/code/guard/guard_ros/install/fast_lio/share/fast_lio/environment/pythonpath.dsv
[59.098s] -- Installing: /home/yuanluochen/code/guard/guard_ros/install/fast_lio/local/lib/python3.10/dist-packages/fast_lio-0.0.0-py3.10.egg-info
[59.098s] -- Installing: /home/yuanluochen/code/guard/guard_ros/install/fast_lio/local/lib/python3.10/dist-packages/fast_lio-0.0.0-py3.10.egg-info/PKG-INFO
[59.098s] -- Installing: /home/yuanluochen/code/guard/guard_ros/install/fast_lio/local/lib/python3.10/dist-packages/fast_lio-0.0.0-py3.10.egg-info/top_level.txt
[59.098s] -- Installing: /home/yuanluochen/code/guard/guard_ros/install/fast_lio/local/lib/python3.10/dist-packages/fast_lio-0.0.0-py3.10.egg-info/SOURCES.txt
[59.098s] -- Installing: /home/yuanluochen/code/guard/guard_ros/install/fast_lio/local/lib/python3.10/dist-packages/fast_lio-0.0.0-py3.10.egg-info/dependency_links.txt
[59.098s] -- Installing: /home/yuanluochen/code/guard/guard_ros/install/fast_lio/local/lib/python3.10/dist-packages/fast_lio
[59.098s] -- Installing: /home/yuanluochen/code/guard/guard_ros/install/fast_lio/local/lib/python3.10/dist-packages/fast_lio/fast_lio_s__rosidl_typesupport_introspection_c.cpython-310-x86_64-linux-gnu.so
[59.098s] -- Installing: /home/yuanluochen/code/guard/guard_ros/install/fast_lio/local/lib/python3.10/dist-packages/fast_lio/__init__.py
[59.098s] -- Installing: /home/yuanluochen/code/guard/guard_ros/install/fast_lio/local/lib/python3.10/dist-packages/fast_lio/msg
[59.098s] -- Installing: /home/yuanluochen/code/guard/guard_ros/install/fast_lio/local/lib/python3.10/dist-packages/fast_lio/msg/_pose6_d.py
[59.098s] -- Installing: /home/yuanluochen/code/guard/guard_ros/install/fast_lio/local/lib/python3.10/dist-packages/fast_lio/msg/__init__.py
[59.098s] -- Installing: /home/yuanluochen/code/guard/guard_ros/install/fast_lio/local/lib/python3.10/dist-packages/fast_lio/msg/_pose6_d_s.c
[59.098s] -- Installing: /home/yuanluochen/code/guard/guard_ros/install/fast_lio/local/lib/python3.10/dist-packages/fast_lio/_fast_lio_s.ep.rosidl_typesupport_c.c
[59.098s] -- Installing: /home/yuanluochen/code/guard/guard_ros/install/fast_lio/local/lib/python3.10/dist-packages/fast_lio/_fast_lio_s.ep.rosidl_typesupport_introspection_c.c
[59.098s] -- Installing: /home/yuanluochen/code/guard/guard_ros/install/fast_lio/local/lib/python3.10/dist-packages/fast_lio/fast_lio_s__rosidl_typesupport_fastrtps_c.cpython-310-x86_64-linux-gnu.so
[59.099s] -- Installing: /home/yuanluochen/code/guard/guard_ros/install/fast_lio/local/lib/python3.10/dist-packages/fast_lio/libfast_lio__rosidl_generator_py.so
[59.099s] -- Installing: /home/yuanluochen/code/guard/guard_ros/install/fast_lio/local/lib/python3.10/dist-packages/fast_lio/fast_lio_s__rosidl_typesupport_c.cpython-310-x86_64-linux-gnu.so
[59.099s] -- Installing: /home/yuanluochen/code/guard/guard_ros/install/fast_lio/local/lib/python3.10/dist-packages/fast_lio/_fast_lio_s.ep.rosidl_typesupport_fastrtps_c.c
[59.122s] Listing '/home/yuanluochen/code/guard/guard_ros/install/fast_lio/local/lib/python3.10/dist-packages/fast_lio'...
[59.122s] Compiling '/home/yuanluochen/code/guard/guard_ros/install/fast_lio/local/lib/python3.10/dist-packages/fast_lio/__init__.py'...
[59.122s] Listing '/home/yuanluochen/code/guard/guard_ros/install/fast_lio/local/lib/python3.10/dist-packages/fast_lio/msg'...
[59.122s] Compiling '/home/yuanluochen/code/guard/guard_ros/install/fast_lio/local/lib/python3.10/dist-packages/fast_lio/msg/__init__.py'...
[59.122s] Compiling '/home/yuanluochen/code/guard/guard_ros/install/fast_lio/local/lib/python3.10/dist-packages/fast_lio/msg/_pose6_d.py'...
[59.125s] -- Installing: /home/yuanluochen/code/guard/guard_ros/install/fast_lio/local/lib/python3.10/dist-packages/fast_lio/fast_lio_s__rosidl_typesupport_fastrtps_c.cpython-310-x86_64-linux-gnu.so
[59.125s] -- Set runtime path of "/home/yuanluochen/code/guard/guard_ros/install/fast_lio/local/lib/python3.10/dist-packages/fast_lio/fast_lio_s__rosidl_typesupport_fastrtps_c.cpython-310-x86_64-linux-gnu.so" to ""
[59.125s] -- Installing: /home/yuanluochen/code/guard/guard_ros/install/fast_lio/local/lib/python3.10/dist-packages/fast_lio/fast_lio_s__rosidl_typesupport_introspection_c.cpython-310-x86_64-linux-gnu.so
[59.126s] -- Set runtime path of "/home/yuanluochen/code/guard/guard_ros/install/fast_lio/local/lib/python3.10/dist-packages/fast_lio/fast_lio_s__rosidl_typesupport_introspection_c.cpython-310-x86_64-linux-gnu.so" to ""
[59.126s] -- Installing: /home/yuanluochen/code/guard/guard_ros/install/fast_lio/local/lib/python3.10/dist-packages/fast_lio/fast_lio_s__rosidl_typesupport_c.cpython-310-x86_64-linux-gnu.so
[59.126s] -- Set runtime path of "/home/yuanluochen/code/guard/guard_ros/install/fast_lio/local/lib/python3.10/dist-packages/fast_lio/fast_lio_s__rosidl_typesupport_c.cpython-310-x86_64-linux-gnu.so" to ""
[59.126s] -- Installing: /home/yuanluochen/code/guard/guard_ros/install/fast_lio/lib/libfast_lio__rosidl_generator_py.so
[59.126s] -- Set runtime path of "/home/yuanluochen/code/guard/guard_ros/install/fast_lio/lib/libfast_lio__rosidl_generator_py.so" to ""
[59.126s] -- Installing: /home/yuanluochen/code/guard/guard_ros/install/fast_lio/share/fast_lio/msg/Pose6D.idl
[59.126s] -- Installing: /home/yuanluochen/code/guard/guard_ros/install/fast_lio/share/fast_lio/msg/Pose6D.msg
[59.126s] -- Installing: /home/yuanluochen/code/guard/guard_ros/install/fast_lio/lib/fast_lio/fastlio_mapping
[59.128s] -- Set runtime path of "/home/yuanluochen/code/guard/guard_ros/install/fast_lio/lib/fast_lio/fastlio_mapping" to ""
[59.128s] -- Installing: /home/yuanluochen/code/guard/guard_ros/install/fast_lio/share/fast_lio/config
[59.128s] -- Installing: /home/yuanluochen/code/guard/guard_ros/install/fast_lio/share/fast_lio/config/velodyne.yaml
[59.129s] -- Installing: /home/yuanluochen/code/guard/guard_ros/install/fast_lio/share/fast_lio/config/mid360.yaml
[59.129s] -- Installing: /home/yuanluochen/code/guard/guard_ros/install/fast_lio/share/fast_lio/config/horizon.yaml
[59.129s] -- Installing: /home/yuanluochen/code/guard/guard_ros/install/fast_lio/share/fast_lio/config/avia.yaml
[59.129s] -- Installing: /home/yuanluochen/code/guard/guard_ros/install/fast_lio/share/fast_lio/config/ouster64.yaml
[59.129s] -- Installing: /home/yuanluochen/code/guard/guard_ros/install/fast_lio/share/fast_lio/launch
[59.129s] -- Installing: /home/yuanluochen/code/guard/guard_ros/install/fast_lio/share/fast_lio/launch/mapping_velodyne.launch
[59.129s] -- Installing: /home/yuanluochen/code/guard/guard_ros/install/fast_lio/share/fast_lio/launch/mapping_avia.launch
[59.129s] -- Installing: /home/yuanluochen/code/guard/guard_ros/install/fast_lio/share/fast_lio/launch/mapping.launch.py
[59.129s] -- Installing: /home/yuanluochen/code/guard/guard_ros/install/fast_lio/share/fast_lio/launch/mapping_ouster64.launch
[59.130s] -- Installing: /home/yuanluochen/code/guard/guard_ros/install/fast_lio/share/fast_lio/launch/gdb_debug_example.launch
[59.130s] -- Installing: /home/yuanluochen/code/guard/guard_ros/install/fast_lio/share/fast_lio/launch/mapping_horizon.launch
[59.130s] -- Installing: /home/yuanluochen/code/guard/guard_ros/install/fast_lio/share/fast_lio/rviz
[59.130s] -- Installing: /home/yuanluochen/code/guard/guard_ros/install/fast_lio/share/fast_lio/rviz/fastlio.rviz
[59.130s] -- Installing: /home/yuanluochen/code/guard/guard_ros/install/fast_lio/share/ament_index/resource_index/package_run_dependencies/fast_lio
[59.130s] -- Installing: /home/yuanluochen/code/guard/guard_ros/install/fast_lio/share/ament_index/resource_index/parent_prefix_path/fast_lio
[59.130s] -- Installing: /home/yuanluochen/code/guard/guard_ros/install/fast_lio/share/fast_lio/environment/ament_prefix_path.sh
[59.130s] -- Installing: /home/yuanluochen/code/guard/guard_ros/install/fast_lio/share/fast_lio/environment/ament_prefix_path.dsv
[59.130s] -- Installing: /home/yuanluochen/code/guard/guard_ros/install/fast_lio/share/fast_lio/environment/path.sh
[59.130s] -- Installing: /home/yuanluochen/code/guard/guard_ros/install/fast_lio/share/fast_lio/environment/path.dsv
[59.131s] -- Installing: /home/yuanluochen/code/guard/guard_ros/install/fast_lio/share/fast_lio/local_setup.bash
[59.131s] -- Installing: /home/yuanluochen/code/guard/guard_ros/install/fast_lio/share/fast_lio/local_setup.sh
[59.131s] -- Installing: /home/yuanluochen/code/guard/guard_ros/install/fast_lio/share/fast_lio/local_setup.zsh
[59.131s] -- Installing: /home/yuanluochen/code/guard/guard_ros/install/fast_lio/share/fast_lio/local_setup.dsv
[59.131s] -- Installing: /home/yuanluochen/code/guard/guard_ros/install/fast_lio/share/fast_lio/package.dsv
[59.131s] -- Installing: /home/yuanluochen/code/guard/guard_ros/install/fast_lio/share/ament_index/resource_index/packages/fast_lio
[59.131s] -- Installing: /home/yuanluochen/code/guard/guard_ros/install/fast_lio/share/fast_lio/cmake/export_fast_lio__rosidl_generator_cExport.cmake
[59.131s] -- Installing: /home/yuanluochen/code/guard/guard_ros/install/fast_lio/share/fast_lio/cmake/export_fast_lio__rosidl_generator_cExport-release.cmake
[59.131s] -- Installing: /home/yuanluochen/code/guard/guard_ros/install/fast_lio/share/fast_lio/cmake/export_fast_lio__rosidl_typesupport_fastrtps_cExport.cmake
[59.131s] -- Installing: /home/yuanluochen/code/guard/guard_ros/install/fast_lio/share/fast_lio/cmake/export_fast_lio__rosidl_typesupport_fastrtps_cExport-release.cmake
[59.131s] -- Installing: /home/yuanluochen/code/guard/guard_ros/install/fast_lio/share/fast_lio/cmake/export_fast_lio__rosidl_generator_cppExport.cmake
[59.131s] -- Installing: /home/yuanluochen/code/guard/guard_ros/install/fast_lio/share/fast_lio/cmake/export_fast_lio__rosidl_typesupport_fastrtps_cppExport.cmake
[59.131s] -- Installing: /home/yuanluochen/code/guard/guard_ros/install/fast_lio/share/fast_lio/cmake/export_fast_lio__rosidl_typesupport_fastrtps_cppExport-release.cmake
[59.131s] -- Installing: /home/yuanluochen/code/guard/guard_ros/install/fast_lio/share/fast_lio/cmake/fast_lio__rosidl_typesupport_introspection_cExport.cmake
[59.132s] -- Installing: /home/yuanluochen/code/guard/guard_ros/install/fast_lio/share/fast_lio/cmake/fast_lio__rosidl_typesupport_introspection_cExport-release.cmake
[59.132s] -- Installing: /home/yuanluochen/code/guard/guard_ros/install/fast_lio/share/fast_lio/cmake/fast_lio__rosidl_typesupport_cExport.cmake
[59.132s] -- Installing: /home/yuanluochen/code/guard/guard_ros/install/fast_lio/share/fast_lio/cmake/fast_lio__rosidl_typesupport_cExport-release.cmake
[59.132s] -- Installing: /home/yuanluochen/code/guard/guard_ros/install/fast_lio/share/fast_lio/cmake/fast_lio__rosidl_typesupport_introspection_cppExport.cmake
[59.132s] -- Installing: /home/yuanluochen/code/guard/guard_ros/install/fast_lio/share/fast_lio/cmake/fast_lio__rosidl_typesupport_introspection_cppExport-release.cmake
[59.132s] -- Installing: /home/yuanluochen/code/guard/guard_ros/install/fast_lio/share/fast_lio/cmake/fast_lio__rosidl_typesupport_cppExport.cmake
[59.132s] -- Installing: /home/yuanluochen/code/guard/guard_ros/install/fast_lio/share/fast_lio/cmake/fast_lio__rosidl_typesupport_cppExport-release.cmake
[59.132s] -- Installing: /home/yuanluochen/code/guard/guard_ros/install/fast_lio/share/fast_lio/cmake/export_fast_lio__rosidl_generator_pyExport.cmake
[59.132s] -- Installing: /home/yuanluochen/code/guard/guard_ros/install/fast_lio/share/fast_lio/cmake/export_fast_lio__rosidl_generator_pyExport-release.cmake
[59.132s] -- Installing: /home/yuanluochen/code/guard/guard_ros/install/fast_lio/share/fast_lio/cmake/rosidl_cmake-extras.cmake
[59.132s] -- Installing: /home/yuanluochen/code/guard/guard_ros/install/fast_lio/share/fast_lio/cmake/ament_cmake_export_include_directories-extras.cmake
[59.132s] -- Installing: /home/yuanluochen/code/guard/guard_ros/install/fast_lio/share/fast_lio/cmake/ament_cmake_export_libraries-extras.cmake
[59.132s] -- Installing: /home/yuanluochen/code/guard/guard_ros/install/fast_lio/share/fast_lio/cmake/ament_cmake_export_targets-extras.cmake
[59.132s] -- Installing: /home/yuanluochen/code/guard/guard_ros/install/fast_lio/share/fast_lio/cmake/rosidl_cmake_export_typesupport_targets-extras.cmake
[59.132s] -- Installing: /home/yuanluochen/code/guard/guard_ros/install/fast_lio/share/fast_lio/cmake/ament_cmake_export_dependencies-extras.cmake
[59.132s] -- Installing: /home/yuanluochen/code/guard/guard_ros/install/fast_lio/share/fast_lio/cmake/rosidl_cmake_export_typesupport_libraries-extras.cmake
[59.132s] -- Installing: /home/yuanluochen/code/guard/guard_ros/install/fast_lio/share/fast_lio/cmake/fast_lioConfig.cmake
[59.132s] -- Installing: /home/yuanluochen/code/guard/guard_ros/install/fast_lio/share/fast_lio/cmake/fast_lioConfig-version.cmake
[59.132s] -- Installing: /home/yuanluochen/code/guard/guard_ros/install/fast_lio/share/fast_lio/package.xml
[59.136s] Invoked command in '/home/yuanluochen/code/guard/guard_ros/build/fast_lio' returned '0': CMAKE_PREFIX_PATH=/home/yuanluochen/code/guard/guard_ros/install/livox_ros_driver2:/home/yuanluochen/code/guard/guard_ros/install/fast_lio:/opt/ros/humble LD_LIBRARY_PATH=/home/yuanluochen/code/guard/guard_ros/install/livox_ros_driver2/lib:/home/yuanluochen/code/guard/guard_ros/install/fast_lio/lib:/opt/ros/humble/opt/rviz_ogre_vendor/lib:/opt/ros/humble/lib/x86_64-linux-gnu:/opt/ros/humble/lib:/usr/local/lib/:/usr/local/lib/:/usr/local/lib/:/usr/local/lib/ /usr/bin/cmake --install /home/yuanluochen/code/guard/guard_ros/build/fast_lio
