[  1%] Built target livox_interfaces2__cpp
[  8%] Built target livox_interfaces2__rosidl_generator_c
[  8%] Built target ament_cmake_python_copy_livox_ros_driver2
[ 12%] Built target livox_ros_driver2_node
[ 19%] Built target livox_interfaces2__rosidl_typesupport_cpp
[ 26%] Built target livox_interfaces2__rosidl_typesupport_introspection_cpp
[ 33%] Built target livox_interfaces2__rosidl_typesupport_fastrtps_cpp
[ 40%] Built target livox_interfaces2__rosidl_typesupport_introspection_c
[ 47%] Built target livox_interfaces2__rosidl_typesupport_c
[ 54%] Built target livox_interfaces2__rosidl_typesupport_fastrtps_c
[ 54%] Built target livox_interfaces2
[ 56%] Built target livox_interfaces2__py
[ 84%] Built target livox_ros_driver2
[ 89%] Built target livox_interfaces2__rosidl_generator_py
[100%] Built target livox_ros_driver2__rosidl_typesupport_fastrtps_c__pyext
[100%] Built target livox_ros_driver2__rosidl_typesupport_introspection_c__pyext
[100%] Built target livox_ros_driver2__rosidl_typesupport_c__pyext
running egg_info
writing livox_ros_driver2.egg-info/PKG-INFO
writing dependency_links to livox_ros_driver2.egg-info/dependency_links.txt
writing top-level names to livox_ros_driver2.egg-info/top_level.txt
reading manifest file 'livox_ros_driver2.egg-info/SOURCES.txt'
writing manifest file 'livox_ros_driver2.egg-info/SOURCES.txt'
[100%] Built target ament_cmake_python_build_livox_ros_driver2_egg
-- Install configuration: ""
-- Up-to-date: /home/yuanluochen/code/guard/guard_ros/install/livox_ros_driver2/share/ament_index/resource_index/rosidl_interfaces/livox_ros_driver2
-- Up-to-date: /home/yuanluochen/code/guard/guard_ros/install/livox_ros_driver2/include/livox_ros_driver2/livox_ros_driver2
-- Up-to-date: /home/yuanluochen/code/guard/guard_ros/install/livox_ros_driver2/include/livox_ros_driver2/livox_ros_driver2/msg
-- Up-to-date: /home/yuanluochen/code/guard/guard_ros/install/livox_ros_driver2/include/livox_ros_driver2/livox_ros_driver2/msg/custom_point.h
-- Up-to-date: /home/yuanluochen/code/guard/guard_ros/install/livox_ros_driver2/include/livox_ros_driver2/livox_ros_driver2/msg/custom_msg.h
-- Up-to-date: /home/yuanluochen/code/guard/guard_ros/install/livox_ros_driver2/include/livox_ros_driver2/livox_ros_driver2/msg/rosidl_generator_c__visibility_control.h
-- Up-to-date: /home/yuanluochen/code/guard/guard_ros/install/livox_ros_driver2/include/livox_ros_driver2/livox_ros_driver2/msg/detail
-- Up-to-date: /home/yuanluochen/code/guard/guard_ros/install/livox_ros_driver2/include/livox_ros_driver2/livox_ros_driver2/msg/detail/custom_msg__functions.h
-- Up-to-date: /home/yuanluochen/code/guard/guard_ros/install/livox_ros_driver2/include/livox_ros_driver2/livox_ros_driver2/msg/detail/custom_msg__functions.c
-- Up-to-date: /home/yuanluochen/code/guard/guard_ros/install/livox_ros_driver2/include/livox_ros_driver2/livox_ros_driver2/msg/detail/custom_point__functions.c
-- Up-to-date: /home/yuanluochen/code/guard/guard_ros/install/livox_ros_driver2/include/livox_ros_driver2/livox_ros_driver2/msg/detail/custom_msg__type_support.h
-- Up-to-date: /home/yuanluochen/code/guard/guard_ros/install/livox_ros_driver2/include/livox_ros_driver2/livox_ros_driver2/msg/detail/custom_msg__struct.h
-- Up-to-date: /home/yuanluochen/code/guard/guard_ros/install/livox_ros_driver2/include/livox_ros_driver2/livox_ros_driver2/msg/detail/custom_point__struct.h
-- Up-to-date: /home/yuanluochen/code/guard/guard_ros/install/livox_ros_driver2/include/livox_ros_driver2/livox_ros_driver2/msg/detail/custom_point__functions.h
-- Up-to-date: /home/yuanluochen/code/guard/guard_ros/install/livox_ros_driver2/include/livox_ros_driver2/livox_ros_driver2/msg/detail/custom_point__type_support.h
-- Up-to-date: /home/yuanluochen/code/guard/guard_ros/install/livox_ros_driver2/share/livox_ros_driver2/environment/library_path.sh
-- Up-to-date: /home/yuanluochen/code/guard/guard_ros/install/livox_ros_driver2/share/livox_ros_driver2/environment/library_path.dsv
-- Up-to-date: /home/yuanluochen/code/guard/guard_ros/install/livox_ros_driver2/lib/liblivox_ros_driver2__rosidl_generator_c.so
-- Up-to-date: /home/yuanluochen/code/guard/guard_ros/install/livox_ros_driver2/include/livox_ros_driver2/livox_ros_driver2
-- Up-to-date: /home/yuanluochen/code/guard/guard_ros/install/livox_ros_driver2/include/livox_ros_driver2/livox_ros_driver2/msg
-- Up-to-date: /home/yuanluochen/code/guard/guard_ros/install/livox_ros_driver2/include/livox_ros_driver2/livox_ros_driver2/msg/rosidl_typesupport_fastrtps_c__visibility_control.h
-- Up-to-date: /home/yuanluochen/code/guard/guard_ros/install/livox_ros_driver2/include/livox_ros_driver2/livox_ros_driver2/msg/detail
-- Up-to-date: /home/yuanluochen/code/guard/guard_ros/install/livox_ros_driver2/include/livox_ros_driver2/livox_ros_driver2/msg/detail/custom_msg__rosidl_typesupport_fastrtps_c.h
-- Up-to-date: /home/yuanluochen/code/guard/guard_ros/install/livox_ros_driver2/include/livox_ros_driver2/livox_ros_driver2/msg/detail/custom_point__rosidl_typesupport_fastrtps_c.h
-- Up-to-date: /home/yuanluochen/code/guard/guard_ros/install/livox_ros_driver2/lib/liblivox_ros_driver2__rosidl_typesupport_fastrtps_c.so
-- Up-to-date: /home/yuanluochen/code/guard/guard_ros/install/livox_ros_driver2/include/livox_ros_driver2/livox_ros_driver2
-- Up-to-date: /home/yuanluochen/code/guard/guard_ros/install/livox_ros_driver2/include/livox_ros_driver2/livox_ros_driver2/msg
-- Up-to-date: /home/yuanluochen/code/guard/guard_ros/install/livox_ros_driver2/include/livox_ros_driver2/livox_ros_driver2/msg/rosidl_typesupport_introspection_c__visibility_control.h
-- Up-to-date: /home/yuanluochen/code/guard/guard_ros/install/livox_ros_driver2/include/livox_ros_driver2/livox_ros_driver2/msg/detail
-- Up-to-date: /home/yuanluochen/code/guard/guard_ros/install/livox_ros_driver2/include/livox_ros_driver2/livox_ros_driver2/msg/detail/custom_msg__rosidl_typesupport_introspection_c.h
-- Up-to-date: /home/yuanluochen/code/guard/guard_ros/install/livox_ros_driver2/include/livox_ros_driver2/livox_ros_driver2/msg/detail/custom_point__rosidl_typesupport_introspection_c.h
-- Up-to-date: /home/yuanluochen/code/guard/guard_ros/install/livox_ros_driver2/include/livox_ros_driver2/livox_ros_driver2/msg/detail/custom_point__type_support.c
-- Up-to-date: /home/yuanluochen/code/guard/guard_ros/install/livox_ros_driver2/include/livox_ros_driver2/livox_ros_driver2/msg/detail/custom_msg__type_support.c
-- Up-to-date: /home/yuanluochen/code/guard/guard_ros/install/livox_ros_driver2/lib/liblivox_ros_driver2__rosidl_typesupport_introspection_c.so
-- Up-to-date: /home/yuanluochen/code/guard/guard_ros/install/livox_ros_driver2/lib/liblivox_ros_driver2__rosidl_typesupport_c.so
-- Up-to-date: /home/yuanluochen/code/guard/guard_ros/install/livox_ros_driver2/include/livox_ros_driver2/livox_ros_driver2
-- Up-to-date: /home/yuanluochen/code/guard/guard_ros/install/livox_ros_driver2/include/livox_ros_driver2/livox_ros_driver2/msg
-- Up-to-date: /home/yuanluochen/code/guard/guard_ros/install/livox_ros_driver2/include/livox_ros_driver2/livox_ros_driver2/msg/custom_point.hpp
-- Up-to-date: /home/yuanluochen/code/guard/guard_ros/install/livox_ros_driver2/include/livox_ros_driver2/livox_ros_driver2/msg/custom_msg.hpp
-- Up-to-date: /home/yuanluochen/code/guard/guard_ros/install/livox_ros_driver2/include/livox_ros_driver2/livox_ros_driver2/msg/detail
-- Up-to-date: /home/yuanluochen/code/guard/guard_ros/install/livox_ros_driver2/include/livox_ros_driver2/livox_ros_driver2/msg/detail/custom_msg__builder.hpp
-- Up-to-date: /home/yuanluochen/code/guard/guard_ros/install/livox_ros_driver2/include/livox_ros_driver2/livox_ros_driver2/msg/detail/custom_point__builder.hpp
-- Up-to-date: /home/yuanluochen/code/guard/guard_ros/install/livox_ros_driver2/include/livox_ros_driver2/livox_ros_driver2/msg/detail/custom_point__struct.hpp
-- Up-to-date: /home/yuanluochen/code/guard/guard_ros/install/livox_ros_driver2/include/livox_ros_driver2/livox_ros_driver2/msg/detail/custom_point__traits.hpp
-- Up-to-date: /home/yuanluochen/code/guard/guard_ros/install/livox_ros_driver2/include/livox_ros_driver2/livox_ros_driver2/msg/detail/custom_msg__struct.hpp
-- Up-to-date: /home/yuanluochen/code/guard/guard_ros/install/livox_ros_driver2/include/livox_ros_driver2/livox_ros_driver2/msg/detail/custom_msg__traits.hpp
-- Up-to-date: /home/yuanluochen/code/guard/guard_ros/install/livox_ros_driver2/include/livox_ros_driver2/livox_ros_driver2
-- Up-to-date: /home/yuanluochen/code/guard/guard_ros/install/livox_ros_driver2/include/livox_ros_driver2/livox_ros_driver2/msg
-- Up-to-date: /home/yuanluochen/code/guard/guard_ros/install/livox_ros_driver2/include/livox_ros_driver2/livox_ros_driver2/msg/rosidl_typesupport_fastrtps_cpp__visibility_control.h
-- Up-to-date: /home/yuanluochen/code/guard/guard_ros/install/livox_ros_driver2/include/livox_ros_driver2/livox_ros_driver2/msg/detail
-- Up-to-date: /home/yuanluochen/code/guard/guard_ros/install/livox_ros_driver2/include/livox_ros_driver2/livox_ros_driver2/msg/detail/custom_msg__rosidl_typesupport_fastrtps_cpp.hpp
-- Up-to-date: /home/yuanluochen/code/guard/guard_ros/install/livox_ros_driver2/include/livox_ros_driver2/livox_ros_driver2/msg/detail/custom_point__rosidl_typesupport_fastrtps_cpp.hpp
-- Up-to-date: /home/yuanluochen/code/guard/guard_ros/install/livox_ros_driver2/include/livox_ros_driver2/livox_ros_driver2/msg/detail/dds_fastrtps
-- Up-to-date: /home/yuanluochen/code/guard/guard_ros/install/livox_ros_driver2/lib/liblivox_ros_driver2__rosidl_typesupport_fastrtps_cpp.so
-- Up-to-date: /home/yuanluochen/code/guard/guard_ros/install/livox_ros_driver2/include/livox_ros_driver2/livox_ros_driver2
-- Up-to-date: /home/yuanluochen/code/guard/guard_ros/install/livox_ros_driver2/include/livox_ros_driver2/livox_ros_driver2/msg
-- Up-to-date: /home/yuanluochen/code/guard/guard_ros/install/livox_ros_driver2/include/livox_ros_driver2/livox_ros_driver2/msg/detail
-- Up-to-date: /home/yuanluochen/code/guard/guard_ros/install/livox_ros_driver2/include/livox_ros_driver2/livox_ros_driver2/msg/detail/custom_msg__type_support.cpp
-- Up-to-date: /home/yuanluochen/code/guard/guard_ros/install/livox_ros_driver2/include/livox_ros_driver2/livox_ros_driver2/msg/detail/custom_point__type_support.cpp
-- Up-to-date: /home/yuanluochen/code/guard/guard_ros/install/livox_ros_driver2/include/livox_ros_driver2/livox_ros_driver2/msg/detail/custom_point__rosidl_typesupport_introspection_cpp.hpp
-- Up-to-date: /home/yuanluochen/code/guard/guard_ros/install/livox_ros_driver2/include/livox_ros_driver2/livox_ros_driver2/msg/detail/custom_msg__rosidl_typesupport_introspection_cpp.hpp
-- Up-to-date: /home/yuanluochen/code/guard/guard_ros/install/livox_ros_driver2/lib/liblivox_ros_driver2__rosidl_typesupport_introspection_cpp.so
-- Up-to-date: /home/yuanluochen/code/guard/guard_ros/install/livox_ros_driver2/lib/liblivox_ros_driver2__rosidl_typesupport_cpp.so
-- Up-to-date: /home/yuanluochen/code/guard/guard_ros/install/livox_ros_driver2/share/livox_ros_driver2/environment/pythonpath.sh
-- Up-to-date: /home/yuanluochen/code/guard/guard_ros/install/livox_ros_driver2/share/livox_ros_driver2/environment/pythonpath.dsv
-- Up-to-date: /home/yuanluochen/code/guard/guard_ros/install/livox_ros_driver2/local/lib/python3.10/dist-packages/livox_ros_driver2-1.0.0-py3.10.egg-info
-- Installing: /home/yuanluochen/code/guard/guard_ros/install/livox_ros_driver2/local/lib/python3.10/dist-packages/livox_ros_driver2-1.0.0-py3.10.egg-info/PKG-INFO
-- Installing: /home/yuanluochen/code/guard/guard_ros/install/livox_ros_driver2/local/lib/python3.10/dist-packages/livox_ros_driver2-1.0.0-py3.10.egg-info/top_level.txt
-- Installing: /home/yuanluochen/code/guard/guard_ros/install/livox_ros_driver2/local/lib/python3.10/dist-packages/livox_ros_driver2-1.0.0-py3.10.egg-info/SOURCES.txt
-- Installing: /home/yuanluochen/code/guard/guard_ros/install/livox_ros_driver2/local/lib/python3.10/dist-packages/livox_ros_driver2-1.0.0-py3.10.egg-info/dependency_links.txt
-- Up-to-date: /home/yuanluochen/code/guard/guard_ros/install/livox_ros_driver2/local/lib/python3.10/dist-packages/livox_ros_driver2
-- Up-to-date: /home/yuanluochen/code/guard/guard_ros/install/livox_ros_driver2/local/lib/python3.10/dist-packages/livox_ros_driver2/livox_ros_driver2_s__rosidl_typesupport_fastrtps_c.cpython-310-x86_64-linux-gnu.so
-- Up-to-date: /home/yuanluochen/code/guard/guard_ros/install/livox_ros_driver2/local/lib/python3.10/dist-packages/livox_ros_driver2/_livox_ros_driver2_s.ep.rosidl_typesupport_fastrtps_c.c
-- Up-to-date: /home/yuanluochen/code/guard/guard_ros/install/livox_ros_driver2/local/lib/python3.10/dist-packages/livox_ros_driver2/livox_ros_driver2_s__rosidl_typesupport_c.cpython-310-x86_64-linux-gnu.so
-- Up-to-date: /home/yuanluochen/code/guard/guard_ros/install/livox_ros_driver2/local/lib/python3.10/dist-packages/livox_ros_driver2/_livox_ros_driver2_s.ep.rosidl_typesupport_introspection_c.c
-- Up-to-date: /home/yuanluochen/code/guard/guard_ros/install/livox_ros_driver2/local/lib/python3.10/dist-packages/livox_ros_driver2/liblivox_interfaces2__rosidl_generator_py.so
-- Up-to-date: /home/yuanluochen/code/guard/guard_ros/install/livox_ros_driver2/local/lib/python3.10/dist-packages/livox_ros_driver2/__init__.py
-- Up-to-date: /home/yuanluochen/code/guard/guard_ros/install/livox_ros_driver2/local/lib/python3.10/dist-packages/livox_ros_driver2/msg
-- Up-to-date: /home/yuanluochen/code/guard/guard_ros/install/livox_ros_driver2/local/lib/python3.10/dist-packages/livox_ros_driver2/msg/_custom_msg.py
-- Up-to-date: /home/yuanluochen/code/guard/guard_ros/install/livox_ros_driver2/local/lib/python3.10/dist-packages/livox_ros_driver2/msg/_custom_point.py
-- Up-to-date: /home/yuanluochen/code/guard/guard_ros/install/livox_ros_driver2/local/lib/python3.10/dist-packages/livox_ros_driver2/msg/__init__.py
-- Up-to-date: /home/yuanluochen/code/guard/guard_ros/install/livox_ros_driver2/local/lib/python3.10/dist-packages/livox_ros_driver2/msg/_custom_point_s.c
-- Up-to-date: /home/yuanluochen/code/guard/guard_ros/install/livox_ros_driver2/local/lib/python3.10/dist-packages/livox_ros_driver2/msg/_custom_msg_s.c
-- Up-to-date: /home/yuanluochen/code/guard/guard_ros/install/livox_ros_driver2/local/lib/python3.10/dist-packages/livox_ros_driver2/livox_ros_driver2_s__rosidl_typesupport_introspection_c.cpython-310-x86_64-linux-gnu.so
-- Up-to-date: /home/yuanluochen/code/guard/guard_ros/install/livox_ros_driver2/local/lib/python3.10/dist-packages/livox_ros_driver2/_livox_ros_driver2_s.ep.rosidl_typesupport_c.c
Listing '/home/yuanluochen/code/guard/guard_ros/install/livox_ros_driver2/local/lib/python3.10/dist-packages/livox_ros_driver2'...
Listing '/home/yuanluochen/code/guard/guard_ros/install/livox_ros_driver2/local/lib/python3.10/dist-packages/livox_ros_driver2/msg'...
-- Up-to-date: /home/yuanluochen/code/guard/guard_ros/install/livox_ros_driver2/local/lib/python3.10/dist-packages/livox_ros_driver2/livox_ros_driver2_s__rosidl_typesupport_fastrtps_c.cpython-310-x86_64-linux-gnu.so
-- Up-to-date: /home/yuanluochen/code/guard/guard_ros/install/livox_ros_driver2/local/lib/python3.10/dist-packages/livox_ros_driver2/livox_ros_driver2_s__rosidl_typesupport_introspection_c.cpython-310-x86_64-linux-gnu.so
-- Up-to-date: /home/yuanluochen/code/guard/guard_ros/install/livox_ros_driver2/local/lib/python3.10/dist-packages/livox_ros_driver2/livox_ros_driver2_s__rosidl_typesupport_c.cpython-310-x86_64-linux-gnu.so
-- Up-to-date: /home/yuanluochen/code/guard/guard_ros/install/livox_ros_driver2/lib/liblivox_interfaces2__rosidl_generator_py.so
-- Up-to-date: /home/yuanluochen/code/guard/guard_ros/install/livox_ros_driver2/share/livox_ros_driver2/msg/CustomPoint.idl
-- Up-to-date: /home/yuanluochen/code/guard/guard_ros/install/livox_ros_driver2/share/livox_ros_driver2/msg/CustomMsg.idl
-- Up-to-date: /home/yuanluochen/code/guard/guard_ros/install/livox_ros_driver2/share/livox_ros_driver2/msg/CustomPoint.msg
-- Up-to-date: /home/yuanluochen/code/guard/guard_ros/install/livox_ros_driver2/share/livox_ros_driver2/msg/CustomMsg.msg
-- Up-to-date: /home/yuanluochen/code/guard/guard_ros/install/livox_ros_driver2/lib/livox_ros_driver2/livox_ros_driver2_node
-- Up-to-date: /home/yuanluochen/code/guard/guard_ros/install/livox_ros_driver2/lib/liblivox_ros_driver2.so
-- Up-to-date: /home/yuanluochen/code/guard/guard_ros/install/livox_ros_driver2/share/livox_ros_driver2/config
-- Up-to-date: /home/yuanluochen/code/guard/guard_ros/install/livox_ros_driver2/share/livox_ros_driver2/config/MID360_config.json
-- Up-to-date: /home/yuanluochen/code/guard/guard_ros/install/livox_ros_driver2/share/livox_ros_driver2/config/display_point_cloud_ROS2.rviz
-- Up-to-date: /home/yuanluochen/code/guard/guard_ros/install/livox_ros_driver2/share/livox_ros_driver2/config/mixed_HAP_MID360_config.json
-- Up-to-date: /home/yuanluochen/code/guard/guard_ros/install/livox_ros_driver2/share/livox_ros_driver2/config/HAP_config.json
-- Up-to-date: /home/yuanluochen/code/guard/guard_ros/install/livox_ros_driver2/share/livox_ros_driver2/config/display_point_cloud_ROS1.rviz
-- Up-to-date: /home/yuanluochen/code/guard/guard_ros/install/livox_ros_driver2/share/livox_ros_driver2/launch_ROS2
-- Up-to-date: /home/yuanluochen/code/guard/guard_ros/install/livox_ros_driver2/share/livox_ros_driver2/launch_ROS2/rviz_MID360_launch.py
-- Up-to-date: /home/yuanluochen/code/guard/guard_ros/install/livox_ros_driver2/share/livox_ros_driver2/launch_ROS2/msg_MID360_launch.py
-- Up-to-date: /home/yuanluochen/code/guard/guard_ros/install/livox_ros_driver2/share/livox_ros_driver2/launch_ROS2/__pycache__
-- Up-to-date: /home/yuanluochen/code/guard/guard_ros/install/livox_ros_driver2/share/livox_ros_driver2/launch_ROS2/__pycache__/msg_MID360_launch.cpython-310.pyc
-- Up-to-date: /home/yuanluochen/code/guard/guard_ros/install/livox_ros_driver2/share/livox_ros_driver2/launch_ROS2/rviz_HAP_launch.py
-- Up-to-date: /home/yuanluochen/code/guard/guard_ros/install/livox_ros_driver2/share/livox_ros_driver2/launch_ROS2/rviz_mixed.py
-- Up-to-date: /home/yuanluochen/code/guard/guard_ros/install/livox_ros_driver2/share/livox_ros_driver2/launch_ROS2/msg_HAP_launch.py
-- Up-to-date: /home/yuanluochen/code/guard/guard_ros/install/livox_ros_driver2/share/ament_index/resource_index/package_run_dependencies/livox_ros_driver2
-- Up-to-date: /home/yuanluochen/code/guard/guard_ros/install/livox_ros_driver2/share/ament_index/resource_index/parent_prefix_path/livox_ros_driver2
-- Up-to-date: /home/yuanluochen/code/guard/guard_ros/install/livox_ros_driver2/share/livox_ros_driver2/environment/ament_prefix_path.sh
-- Up-to-date: /home/yuanluochen/code/guard/guard_ros/install/livox_ros_driver2/share/livox_ros_driver2/environment/ament_prefix_path.dsv
-- Up-to-date: /home/yuanluochen/code/guard/guard_ros/install/livox_ros_driver2/share/livox_ros_driver2/environment/path.sh
-- Up-to-date: /home/yuanluochen/code/guard/guard_ros/install/livox_ros_driver2/share/livox_ros_driver2/environment/path.dsv
-- Up-to-date: /home/yuanluochen/code/guard/guard_ros/install/livox_ros_driver2/share/livox_ros_driver2/local_setup.bash
-- Up-to-date: /home/yuanluochen/code/guard/guard_ros/install/livox_ros_driver2/share/livox_ros_driver2/local_setup.sh
-- Up-to-date: /home/yuanluochen/code/guard/guard_ros/install/livox_ros_driver2/share/livox_ros_driver2/local_setup.zsh
-- Up-to-date: /home/yuanluochen/code/guard/guard_ros/install/livox_ros_driver2/share/livox_ros_driver2/local_setup.dsv
-- Installing: /home/yuanluochen/code/guard/guard_ros/install/livox_ros_driver2/share/livox_ros_driver2/package.dsv
-- Up-to-date: /home/yuanluochen/code/guard/guard_ros/install/livox_ros_driver2/share/ament_index/resource_index/packages/livox_ros_driver2
-- Up-to-date: /home/yuanluochen/code/guard/guard_ros/install/livox_ros_driver2/share/livox_ros_driver2/cmake/export_livox_interfaces2__rosidl_generator_cExport.cmake
-- Up-to-date: /home/yuanluochen/code/guard/guard_ros/install/livox_ros_driver2/share/livox_ros_driver2/cmake/export_livox_interfaces2__rosidl_generator_cExport-noconfig.cmake
-- Up-to-date: /home/yuanluochen/code/guard/guard_ros/install/livox_ros_driver2/share/livox_ros_driver2/cmake/export_livox_interfaces2__rosidl_typesupport_fastrtps_cExport.cmake
-- Up-to-date: /home/yuanluochen/code/guard/guard_ros/install/livox_ros_driver2/share/livox_ros_driver2/cmake/export_livox_interfaces2__rosidl_typesupport_fastrtps_cExport-noconfig.cmake
-- Up-to-date: /home/yuanluochen/code/guard/guard_ros/install/livox_ros_driver2/share/livox_ros_driver2/cmake/livox_interfaces2__rosidl_typesupport_introspection_cExport.cmake
-- Up-to-date: /home/yuanluochen/code/guard/guard_ros/install/livox_ros_driver2/share/livox_ros_driver2/cmake/livox_interfaces2__rosidl_typesupport_introspection_cExport-noconfig.cmake
-- Up-to-date: /home/yuanluochen/code/guard/guard_ros/install/livox_ros_driver2/share/livox_ros_driver2/cmake/livox_interfaces2__rosidl_typesupport_cExport.cmake
-- Up-to-date: /home/yuanluochen/code/guard/guard_ros/install/livox_ros_driver2/share/livox_ros_driver2/cmake/livox_interfaces2__rosidl_typesupport_cExport-noconfig.cmake
-- Up-to-date: /home/yuanluochen/code/guard/guard_ros/install/livox_ros_driver2/share/livox_ros_driver2/cmake/export_livox_interfaces2__rosidl_generator_cppExport.cmake
-- Up-to-date: /home/yuanluochen/code/guard/guard_ros/install/livox_ros_driver2/share/livox_ros_driver2/cmake/export_livox_interfaces2__rosidl_typesupport_fastrtps_cppExport.cmake
-- Up-to-date: /home/yuanluochen/code/guard/guard_ros/install/livox_ros_driver2/share/livox_ros_driver2/cmake/export_livox_interfaces2__rosidl_typesupport_fastrtps_cppExport-noconfig.cmake
-- Up-to-date: /home/yuanluochen/code/guard/guard_ros/install/livox_ros_driver2/share/livox_ros_driver2/cmake/livox_interfaces2__rosidl_typesupport_introspection_cppExport.cmake
-- Up-to-date: /home/yuanluochen/code/guard/guard_ros/install/livox_ros_driver2/share/livox_ros_driver2/cmake/livox_interfaces2__rosidl_typesupport_introspection_cppExport-noconfig.cmake
-- Up-to-date: /home/yuanluochen/code/guard/guard_ros/install/livox_ros_driver2/share/livox_ros_driver2/cmake/livox_interfaces2__rosidl_typesupport_cppExport.cmake
-- Up-to-date: /home/yuanluochen/code/guard/guard_ros/install/livox_ros_driver2/share/livox_ros_driver2/cmake/livox_interfaces2__rosidl_typesupport_cppExport-noconfig.cmake
-- Up-to-date: /home/yuanluochen/code/guard/guard_ros/install/livox_ros_driver2/share/livox_ros_driver2/cmake/export_livox_interfaces2__rosidl_generator_pyExport.cmake
-- Up-to-date: /home/yuanluochen/code/guard/guard_ros/install/livox_ros_driver2/share/livox_ros_driver2/cmake/export_livox_interfaces2__rosidl_generator_pyExport-noconfig.cmake
-- Up-to-date: /home/yuanluochen/code/guard/guard_ros/install/livox_ros_driver2/share/ament_index/resource_index/rclcpp_components/livox_ros_driver2
-- Up-to-date: /home/yuanluochen/code/guard/guard_ros/install/livox_ros_driver2/share/livox_ros_driver2/cmake/rosidl_cmake-extras.cmake
-- Up-to-date: /home/yuanluochen/code/guard/guard_ros/install/livox_ros_driver2/share/livox_ros_driver2/cmake/ament_cmake_export_dependencies-extras.cmake
-- Up-to-date: /home/yuanluochen/code/guard/guard_ros/install/livox_ros_driver2/share/livox_ros_driver2/cmake/ament_cmake_export_include_directories-extras.cmake
-- Up-to-date: /home/yuanluochen/code/guard/guard_ros/install/livox_ros_driver2/share/livox_ros_driver2/cmake/ament_cmake_export_libraries-extras.cmake
-- Up-to-date: /home/yuanluochen/code/guard/guard_ros/install/livox_ros_driver2/share/livox_ros_driver2/cmake/ament_cmake_export_targets-extras.cmake
-- Up-to-date: /home/yuanluochen/code/guard/guard_ros/install/livox_ros_driver2/share/livox_ros_driver2/cmake/rosidl_cmake_export_typesupport_targets-extras.cmake
-- Up-to-date: /home/yuanluochen/code/guard/guard_ros/install/livox_ros_driver2/share/livox_ros_driver2/cmake/rosidl_cmake_export_typesupport_libraries-extras.cmake
-- Up-to-date: /home/yuanluochen/code/guard/guard_ros/install/livox_ros_driver2/share/livox_ros_driver2/cmake/livox_ros_driver2Config.cmake
-- Up-to-date: /home/yuanluochen/code/guard/guard_ros/install/livox_ros_driver2/share/livox_ros_driver2/cmake/livox_ros_driver2Config-version.cmake
-- Up-to-date: /home/yuanluochen/code/guard/guard_ros/install/livox_ros_driver2/share/livox_ros_driver2/package.xml
