[0.278s] DEBUG:colcon:Command line arguments: ['/usr/bin/colcon', 'build', '--cmake-args', '-DROS_EDITION=ROS2', '-DHUMBLE_ROS=humble']
[0.278s] DEBUG:colcon:Parsed command line arguments: Namespace(log_base=None, log_level=None, verb_name='build', build_base='build', install_base='install', merge_install=False, symlink_install=False, test_result_base=None, continue_on_error=False, executor='parallel', parallel_workers=16, event_handlers=None, ignore_user_meta=False, metas=['./colcon.meta'], base_paths=['.'], packages_ignore=None, packages_ignore_regex=None, paths=None, packages_up_to=None, packages_up_to_regex=None, packages_above=None, packages_above_and_dependencies=None, packages_above_depth=None, packages_select_by_dep=None, packages_skip_by_dep=None, packages_skip_up_to=None, packages_select_build_failed=False, packages_skip_build_finished=False, packages_select_test_failures=False, packages_skip_test_passed=False, packages_select=None, packages_skip=None, packages_select_regex=None, packages_skip_regex=None, packages_start=None, packages_end=None, allow_overriding=[], cmake_args=['-DROS_EDITION=ROS2', '-DHUMBLE_ROS=humble'], cmake_target=None, cmake_target_skip_unavailable=False, cmake_clean_cache=False, cmake_clean_first=False, cmake_force_configure=False, ament_cmake_args=None, catkin_cmake_args=None, catkin_skip_building_tests=False, verb_parser=<colcon_defaults.argument_parser.defaults.DefaultArgumentsDecorator object at 0x7fcb9c5cee60>, verb_extension=<colcon_core.verb.build.BuildVerb object at 0x7fcb9cf789a0>, main=<bound method BuildVerb.main of <colcon_core.verb.build.BuildVerb object at 0x7fcb9cf789a0>>)
[0.302s] Level 1:colcon.colcon_core.package_discovery:discover_packages(colcon_meta) check parameters
[0.302s] Level 1:colcon.colcon_core.package_discovery:discover_packages(recursive) check parameters
[0.302s] Level 1:colcon.colcon_core.package_discovery:discover_packages(ignore) check parameters
[0.302s] Level 1:colcon.colcon_core.package_discovery:discover_packages(path) check parameters
[0.302s] Level 1:colcon.colcon_core.package_discovery:discover_packages(colcon_meta) discover
[0.302s] Level 1:colcon.colcon_core.package_discovery:discover_packages(recursive) discover
[0.302s] INFO:colcon.colcon_core.package_discovery:Crawling recursively for packages in '/home/yuanluochen/code/guard/guard_ros'
[0.302s] Level 1:colcon.colcon_core.package_identification:_identify(.) by extensions ['ignore', 'ignore_ament_install']
[0.303s] Level 1:colcon.colcon_core.package_identification:_identify(.) by extension 'ignore'
[0.303s] Level 1:colcon.colcon_core.package_identification:_identify(.) by extension 'ignore_ament_install'
[0.303s] Level 1:colcon.colcon_core.package_identification:_identify(.) by extensions ['colcon_pkg']
[0.303s] Level 1:colcon.colcon_core.package_identification:_identify(.) by extension 'colcon_pkg'
[0.303s] Level 1:colcon.colcon_core.package_identification:_identify(.) by extensions ['colcon_meta']
[0.303s] Level 1:colcon.colcon_core.package_identification:_identify(.) by extension 'colcon_meta'
[0.303s] Level 1:colcon.colcon_core.package_identification:_identify(.) by extensions ['ros']
[0.303s] Level 1:colcon.colcon_core.package_identification:_identify(.) by extension 'ros'
[0.311s] Level 1:colcon.colcon_core.package_identification:_identify(.) by extensions ['cmake', 'python']
[0.311s] Level 1:colcon.colcon_core.package_identification:_identify(.) by extension 'cmake'
[0.311s] Level 1:colcon.colcon_core.package_identification:_identify(.) by extension 'python'
[0.311s] Level 1:colcon.colcon_core.package_identification:_identify(.) by extensions ['python_setup_py']
[0.311s] Level 1:colcon.colcon_core.package_identification:_identify(.) by extension 'python_setup_py'
[0.311s] Level 1:colcon.colcon_core.package_identification:_identify(build) by extensions ['ignore', 'ignore_ament_install']
[0.311s] Level 1:colcon.colcon_core.package_identification:_identify(build) by extension 'ignore'
[0.311s] Level 1:colcon.colcon_core.package_identification:_identify(build) ignored
[0.311s] Level 1:colcon.colcon_core.package_identification:_identify(install) by extensions ['ignore', 'ignore_ament_install']
[0.312s] Level 1:colcon.colcon_core.package_identification:_identify(install) by extension 'ignore'
[0.312s] Level 1:colcon.colcon_core.package_identification:_identify(install) ignored
[0.312s] Level 1:colcon.colcon_core.package_identification:_identify(log) by extensions ['ignore', 'ignore_ament_install']
[0.312s] Level 1:colcon.colcon_core.package_identification:_identify(log) by extension 'ignore'
[0.312s] Level 1:colcon.colcon_core.package_identification:_identify(log) ignored
[0.312s] Level 1:colcon.colcon_core.package_identification:_identify(src) by extensions ['ignore', 'ignore_ament_install']
[0.312s] Level 1:colcon.colcon_core.package_identification:_identify(src) by extension 'ignore'
[0.312s] Level 1:colcon.colcon_core.package_identification:_identify(src) by extension 'ignore_ament_install'
[0.312s] Level 1:colcon.colcon_core.package_identification:_identify(src) by extensions ['colcon_pkg']
[0.312s] Level 1:colcon.colcon_core.package_identification:_identify(src) by extension 'colcon_pkg'
[0.312s] Level 1:colcon.colcon_core.package_identification:_identify(src) by extensions ['colcon_meta']
[0.312s] Level 1:colcon.colcon_core.package_identification:_identify(src) by extension 'colcon_meta'
[0.312s] Level 1:colcon.colcon_core.package_identification:_identify(src) by extensions ['ros']
[0.312s] Level 1:colcon.colcon_core.package_identification:_identify(src) by extension 'ros'
[0.312s] Level 1:colcon.colcon_core.package_identification:_identify(src) by extensions ['cmake', 'python']
[0.312s] Level 1:colcon.colcon_core.package_identification:_identify(src) by extension 'cmake'
[0.312s] Level 1:colcon.colcon_core.package_identification:_identify(src) by extension 'python'
[0.312s] Level 1:colcon.colcon_core.package_identification:_identify(src) by extensions ['python_setup_py']
[0.312s] Level 1:colcon.colcon_core.package_identification:_identify(src) by extension 'python_setup_py'
[0.312s] Level 1:colcon.colcon_core.package_identification:_identify(src/FAST_LIO) by extensions ['ignore', 'ignore_ament_install']
[0.312s] Level 1:colcon.colcon_core.package_identification:_identify(src/FAST_LIO) by extension 'ignore'
[0.312s] Level 1:colcon.colcon_core.package_identification:_identify(src/FAST_LIO) by extension 'ignore_ament_install'
[0.312s] Level 1:colcon.colcon_core.package_identification:_identify(src/FAST_LIO) by extensions ['colcon_pkg']
[0.312s] Level 1:colcon.colcon_core.package_identification:_identify(src/FAST_LIO) by extension 'colcon_pkg'
[0.312s] Level 1:colcon.colcon_core.package_identification:_identify(src/FAST_LIO) by extensions ['colcon_meta']
[0.312s] Level 1:colcon.colcon_core.package_identification:_identify(src/FAST_LIO) by extension 'colcon_meta'
[0.312s] Level 1:colcon.colcon_core.package_identification:_identify(src/FAST_LIO) by extensions ['ros']
[0.312s] Level 1:colcon.colcon_core.package_identification:_identify(src/FAST_LIO) by extension 'ros'
[0.316s] DEBUG:colcon.colcon_core.package_identification:Package 'src/FAST_LIO' with type 'ros.ament_cmake' and name 'fast_lio'
[0.316s] Level 1:colcon.colcon_core.package_identification:_identify(src/livox_ros_driver2) by extensions ['ignore', 'ignore_ament_install']
[0.316s] Level 1:colcon.colcon_core.package_identification:_identify(src/livox_ros_driver2) by extension 'ignore'
[0.316s] Level 1:colcon.colcon_core.package_identification:_identify(src/livox_ros_driver2) by extension 'ignore_ament_install'
[0.316s] Level 1:colcon.colcon_core.package_identification:_identify(src/livox_ros_driver2) by extensions ['colcon_pkg']
[0.316s] Level 1:colcon.colcon_core.package_identification:_identify(src/livox_ros_driver2) by extension 'colcon_pkg'
[0.316s] Level 1:colcon.colcon_core.package_identification:_identify(src/livox_ros_driver2) by extensions ['colcon_meta']
[0.316s] Level 1:colcon.colcon_core.package_identification:_identify(src/livox_ros_driver2) by extension 'colcon_meta'
[0.316s] Level 1:colcon.colcon_core.package_identification:_identify(src/livox_ros_driver2) by extensions ['ros']
[0.316s] Level 1:colcon.colcon_core.package_identification:_identify(src/livox_ros_driver2) by extension 'ros'
[0.317s] DEBUG:colcon.colcon_core.package_identification:Package 'src/livox_ros_driver2' with type 'ros.ament_cmake' and name 'livox_ros_driver2'
[0.317s] Level 1:colcon.colcon_core.package_discovery:discover_packages(recursive) using defaults
[0.317s] Level 1:colcon.colcon_core.package_discovery:discover_packages(ignore) discover
[0.317s] Level 1:colcon.colcon_core.package_discovery:discover_packages(ignore) using defaults
[0.317s] Level 1:colcon.colcon_core.package_discovery:discover_packages(path) discover
[0.317s] Level 1:colcon.colcon_core.package_discovery:discover_packages(path) using defaults
[0.336s] Level 1:colcon.colcon_core.package_discovery:discover_packages(prefix_path) check parameters
[0.336s] Level 1:colcon.colcon_core.package_discovery:discover_packages(prefix_path) discover
[0.337s] WARNING:colcon.colcon_ros.prefix_path.ament:The path '/home/yuanluochen/code/guard/guard_ros/install/fast_lio' in the environment variable AMENT_PREFIX_PATH doesn't exist
[0.337s] WARNING:colcon.colcon_ros.prefix_path.ament:The path '/home/yuanluochen/code/guard/guard_ros/install/livox_ros_driver2' in the environment variable AMENT_PREFIX_PATH doesn't exist
[0.338s] WARNING:colcon.colcon_ros.prefix_path.catkin:The path '/home/yuanluochen/code/guard/guard_ros/install/fast_lio' in the environment variable CMAKE_PREFIX_PATH doesn't exist
[0.338s] WARNING:colcon.colcon_ros.prefix_path.catkin:The path '/home/yuanluochen/code/guard/guard_ros/install/livox_ros_driver2' in the environment variable CMAKE_PREFIX_PATH doesn't exist
[0.338s] DEBUG:colcon.colcon_installed_package_information.package_discovery:Found 0 installed packages in /home/yuanluochen/code/guard/guard_ros/install
[0.340s] DEBUG:colcon.colcon_installed_package_information.package_discovery:Found 333 installed packages in /opt/ros/humble
[0.341s] Level 1:colcon.colcon_core.package_discovery:discover_packages(prefix_path) using defaults
[0.387s] Level 5:colcon.colcon_core.verb:set package 'livox_ros_driver2' build argument 'cmake_args' from command line to '['-DROS_EDITION=ROS2', '-DHUMBLE_ROS=humble']'
[0.387s] Level 5:colcon.colcon_core.verb:set package 'livox_ros_driver2' build argument 'cmake_target' from command line to 'None'
[0.387s] Level 5:colcon.colcon_core.verb:set package 'livox_ros_driver2' build argument 'cmake_target_skip_unavailable' from command line to 'False'
[0.387s] Level 5:colcon.colcon_core.verb:set package 'livox_ros_driver2' build argument 'cmake_clean_cache' from command line to 'False'
[0.387s] Level 5:colcon.colcon_core.verb:set package 'livox_ros_driver2' build argument 'cmake_clean_first' from command line to 'False'
[0.387s] Level 5:colcon.colcon_core.verb:set package 'livox_ros_driver2' build argument 'cmake_force_configure' from command line to 'False'
[0.387s] Level 5:colcon.colcon_core.verb:set package 'livox_ros_driver2' build argument 'ament_cmake_args' from command line to 'None'
[0.387s] Level 5:colcon.colcon_core.verb:set package 'livox_ros_driver2' build argument 'catkin_cmake_args' from command line to 'None'
[0.387s] Level 5:colcon.colcon_core.verb:set package 'livox_ros_driver2' build argument 'catkin_skip_building_tests' from command line to 'False'
[0.387s] DEBUG:colcon.colcon_core.verb:Building package 'livox_ros_driver2' with the following arguments: {'ament_cmake_args': None, 'build_base': '/home/yuanluochen/code/guard/guard_ros/build/livox_ros_driver2', 'catkin_cmake_args': None, 'catkin_skip_building_tests': False, 'cmake_args': ['-DROS_EDITION=ROS2', '-DHUMBLE_ROS=humble'], 'cmake_clean_cache': False, 'cmake_clean_first': False, 'cmake_force_configure': False, 'cmake_target': None, 'cmake_target_skip_unavailable': False, 'install_base': '/home/yuanluochen/code/guard/guard_ros/install/livox_ros_driver2', 'merge_install': False, 'path': '/home/yuanluochen/code/guard/guard_ros/src/livox_ros_driver2', 'symlink_install': False, 'test_result_base': None}
[0.388s] Level 5:colcon.colcon_core.verb:set package 'fast_lio' build argument 'cmake_args' from command line to '['-DROS_EDITION=ROS2', '-DHUMBLE_ROS=humble']'
[0.388s] Level 5:colcon.colcon_core.verb:set package 'fast_lio' build argument 'cmake_target' from command line to 'None'
[0.388s] Level 5:colcon.colcon_core.verb:set package 'fast_lio' build argument 'cmake_target_skip_unavailable' from command line to 'False'
[0.388s] Level 5:colcon.colcon_core.verb:set package 'fast_lio' build argument 'cmake_clean_cache' from command line to 'False'
[0.388s] Level 5:colcon.colcon_core.verb:set package 'fast_lio' build argument 'cmake_clean_first' from command line to 'False'
[0.388s] Level 5:colcon.colcon_core.verb:set package 'fast_lio' build argument 'cmake_force_configure' from command line to 'False'
[0.388s] Level 5:colcon.colcon_core.verb:set package 'fast_lio' build argument 'ament_cmake_args' from command line to 'None'
[0.388s] Level 5:colcon.colcon_core.verb:set package 'fast_lio' build argument 'catkin_cmake_args' from command line to 'None'
[0.388s] Level 5:colcon.colcon_core.verb:set package 'fast_lio' build argument 'catkin_skip_building_tests' from command line to 'False'
[0.388s] DEBUG:colcon.colcon_core.verb:Building package 'fast_lio' with the following arguments: {'ament_cmake_args': None, 'build_base': '/home/yuanluochen/code/guard/guard_ros/build/fast_lio', 'catkin_cmake_args': None, 'catkin_skip_building_tests': False, 'cmake_args': ['-DROS_EDITION=ROS2', '-DHUMBLE_ROS=humble'], 'cmake_clean_cache': False, 'cmake_clean_first': False, 'cmake_force_configure': False, 'cmake_target': None, 'cmake_target_skip_unavailable': False, 'install_base': '/home/yuanluochen/code/guard/guard_ros/install/fast_lio', 'merge_install': False, 'path': '/home/yuanluochen/code/guard/guard_ros/src/FAST_LIO', 'symlink_install': False, 'test_result_base': None}
[0.389s] INFO:colcon.colcon_core.executor:Executing jobs using 'parallel' executor
[0.392s] DEBUG:colcon.colcon_parallel_executor.executor.parallel:run_until_complete
[0.392s] INFO:colcon.colcon_ros.task.ament_cmake.build:Building ROS package in '/home/yuanluochen/code/guard/guard_ros/src/livox_ros_driver2' with build type 'ament_cmake'
[0.392s] INFO:colcon.colcon_cmake.task.cmake.build:Building CMake package in '/home/yuanluochen/code/guard/guard_ros/src/livox_ros_driver2'
[0.400s] INFO:colcon.colcon_core.plugin_system:Skipping extension 'colcon_core.shell.bat': Not used on non-Windows systems
[0.400s] INFO:colcon.colcon_core.shell:Skip shell extension 'powershell' for command environment: Not usable outside of PowerShell
[0.400s] DEBUG:colcon.colcon_core.shell:Skip shell extension 'dsv' for command environment
[0.408s] DEBUG:colcon.colcon_core.event_handler.log_command:Invoking command in '/home/yuanluochen/code/guard/guard_ros/build/livox_ros_driver2': CMAKE_PREFIX_PATH=${CMAKE_PREFIX_PATH}:/opt/ros/humble /usr/bin/cmake /home/yuanluochen/code/guard/guard_ros/src/livox_ros_driver2 -DROS_EDITION=ROS2 -DHUMBLE_ROS=humble -DCMAKE_INSTALL_PREFIX=/home/yuanluochen/code/guard/guard_ros/install/livox_ros_driver2
[3.782s] DEBUG:colcon.colcon_core.event_handler.log_command:Invoked command in '/home/yuanluochen/code/guard/guard_ros/build/livox_ros_driver2' returned '0': CMAKE_PREFIX_PATH=${CMAKE_PREFIX_PATH}:/opt/ros/humble /usr/bin/cmake /home/yuanluochen/code/guard/guard_ros/src/livox_ros_driver2 -DROS_EDITION=ROS2 -DHUMBLE_ROS=humble -DCMAKE_INSTALL_PREFIX=/home/yuanluochen/code/guard/guard_ros/install/livox_ros_driver2
[3.784s] DEBUG:colcon.colcon_core.event_handler.log_command:Invoking command in '/home/yuanluochen/code/guard/guard_ros/build/livox_ros_driver2': CMAKE_PREFIX_PATH=${CMAKE_PREFIX_PATH}:/opt/ros/humble /usr/bin/cmake --build /home/yuanluochen/code/guard/guard_ros/build/livox_ros_driver2 -- -j16 -l16
[14.279s] DEBUG:colcon.colcon_core.event_handler.log_command:Invoked command in '/home/yuanluochen/code/guard/guard_ros/build/livox_ros_driver2' returned '0': CMAKE_PREFIX_PATH=${CMAKE_PREFIX_PATH}:/opt/ros/humble /usr/bin/cmake --build /home/yuanluochen/code/guard/guard_ros/build/livox_ros_driver2 -- -j16 -l16
[14.362s] DEBUG:colcon.colcon_core.event_handler.log_command:Invoking command in '/home/yuanluochen/code/guard/guard_ros/build/livox_ros_driver2': CMAKE_PREFIX_PATH=${CMAKE_PREFIX_PATH}:/opt/ros/humble /usr/bin/cmake --install /home/yuanluochen/code/guard/guard_ros/build/livox_ros_driver2
[14.422s] Level 1:colcon.colcon_core.environment:create_environment_scripts_only(livox_ros_driver2)
[14.423s] DEBUG:colcon.colcon_core.event_handler.log_command:Invoked command in '/home/yuanluochen/code/guard/guard_ros/build/livox_ros_driver2' returned '0': CMAKE_PREFIX_PATH=${CMAKE_PREFIX_PATH}:/opt/ros/humble /usr/bin/cmake --install /home/yuanluochen/code/guard/guard_ros/build/livox_ros_driver2
[14.429s] Level 1:colcon.colcon_core.environment:checking '/home/yuanluochen/code/guard/guard_ros/install/livox_ros_driver2' for CMake module files
[14.429s] Level 1:colcon.colcon_core.environment:checking '/home/yuanluochen/code/guard/guard_ros/install/livox_ros_driver2' for CMake config files
[14.429s] Level 1:colcon.colcon_core.shell:create_environment_hook('livox_ros_driver2', 'cmake_prefix_path')
[14.430s] INFO:colcon.colcon_core.shell:Creating environment hook '/home/yuanluochen/code/guard/guard_ros/install/livox_ros_driver2/share/livox_ros_driver2/hook/cmake_prefix_path.ps1'
[14.431s] INFO:colcon.colcon_core.shell:Creating environment descriptor '/home/yuanluochen/code/guard/guard_ros/install/livox_ros_driver2/share/livox_ros_driver2/hook/cmake_prefix_path.dsv'
[14.431s] INFO:colcon.colcon_core.shell:Creating environment hook '/home/yuanluochen/code/guard/guard_ros/install/livox_ros_driver2/share/livox_ros_driver2/hook/cmake_prefix_path.sh'
[14.432s] Level 1:colcon.colcon_core.environment:checking '/home/yuanluochen/code/guard/guard_ros/install/livox_ros_driver2/lib'
[14.432s] Level 1:colcon.colcon_core.shell:create_environment_hook('livox_ros_driver2', 'ld_library_path_lib')
[14.433s] INFO:colcon.colcon_core.shell:Creating environment hook '/home/yuanluochen/code/guard/guard_ros/install/livox_ros_driver2/share/livox_ros_driver2/hook/ld_library_path_lib.ps1'
[14.433s] INFO:colcon.colcon_core.shell:Creating environment descriptor '/home/yuanluochen/code/guard/guard_ros/install/livox_ros_driver2/share/livox_ros_driver2/hook/ld_library_path_lib.dsv'
[14.433s] INFO:colcon.colcon_core.shell:Creating environment hook '/home/yuanluochen/code/guard/guard_ros/install/livox_ros_driver2/share/livox_ros_driver2/hook/ld_library_path_lib.sh'
[14.433s] Level 1:colcon.colcon_core.environment:checking '/home/yuanluochen/code/guard/guard_ros/install/livox_ros_driver2/bin'
[14.433s] Level 1:colcon.colcon_core.environment:checking '/home/yuanluochen/code/guard/guard_ros/install/livox_ros_driver2/lib/pkgconfig/livox_ros_driver2.pc'
[14.434s] Level 1:colcon.colcon_core.environment:checking '/home/yuanluochen/code/guard/guard_ros/install/livox_ros_driver2/lib/python3.10/site-packages'
[14.434s] Level 1:colcon.colcon_core.environment:checking '/home/yuanluochen/code/guard/guard_ros/install/livox_ros_driver2/bin'
[14.435s] INFO:colcon.colcon_core.shell:Creating package script '/home/yuanluochen/code/guard/guard_ros/install/livox_ros_driver2/share/livox_ros_driver2/package.ps1'
[14.435s] INFO:colcon.colcon_core.shell:Creating package descriptor '/home/yuanluochen/code/guard/guard_ros/install/livox_ros_driver2/share/livox_ros_driver2/package.dsv'
[14.436s] INFO:colcon.colcon_core.shell:Creating package script '/home/yuanluochen/code/guard/guard_ros/install/livox_ros_driver2/share/livox_ros_driver2/package.sh'
[14.436s] INFO:colcon.colcon_core.shell:Creating package script '/home/yuanluochen/code/guard/guard_ros/install/livox_ros_driver2/share/livox_ros_driver2/package.bash'
[14.437s] INFO:colcon.colcon_core.shell:Creating package script '/home/yuanluochen/code/guard/guard_ros/install/livox_ros_driver2/share/livox_ros_driver2/package.zsh'
[14.437s] Level 1:colcon.colcon_core.environment:create_file_with_runtime_dependencies(/home/yuanluochen/code/guard/guard_ros/install/livox_ros_driver2/share/colcon-core/packages/livox_ros_driver2)
[14.516s] Level 1:colcon.colcon_core.environment:create_environment_scripts_only(livox_ros_driver2)
[14.517s] Level 1:colcon.colcon_core.environment:checking '/home/yuanluochen/code/guard/guard_ros/install/livox_ros_driver2' for CMake module files
[14.518s] Level 1:colcon.colcon_core.environment:checking '/home/yuanluochen/code/guard/guard_ros/install/livox_ros_driver2' for CMake config files
[14.518s] Level 1:colcon.colcon_core.shell:create_environment_hook('livox_ros_driver2', 'cmake_prefix_path')
[14.518s] INFO:colcon.colcon_core.shell:Creating environment hook '/home/yuanluochen/code/guard/guard_ros/install/livox_ros_driver2/share/livox_ros_driver2/hook/cmake_prefix_path.ps1'
[14.519s] INFO:colcon.colcon_core.shell:Creating environment descriptor '/home/yuanluochen/code/guard/guard_ros/install/livox_ros_driver2/share/livox_ros_driver2/hook/cmake_prefix_path.dsv'
[14.519s] INFO:colcon.colcon_core.shell:Creating environment hook '/home/yuanluochen/code/guard/guard_ros/install/livox_ros_driver2/share/livox_ros_driver2/hook/cmake_prefix_path.sh'
[14.519s] Level 1:colcon.colcon_core.environment:checking '/home/yuanluochen/code/guard/guard_ros/install/livox_ros_driver2/lib'
[14.519s] Level 1:colcon.colcon_core.shell:create_environment_hook('livox_ros_driver2', 'ld_library_path_lib')
[14.520s] INFO:colcon.colcon_core.shell:Creating environment hook '/home/yuanluochen/code/guard/guard_ros/install/livox_ros_driver2/share/livox_ros_driver2/hook/ld_library_path_lib.ps1'
[14.520s] INFO:colcon.colcon_core.shell:Creating environment descriptor '/home/yuanluochen/code/guard/guard_ros/install/livox_ros_driver2/share/livox_ros_driver2/hook/ld_library_path_lib.dsv'
[14.520s] INFO:colcon.colcon_core.shell:Creating environment hook '/home/yuanluochen/code/guard/guard_ros/install/livox_ros_driver2/share/livox_ros_driver2/hook/ld_library_path_lib.sh'
[14.521s] Level 1:colcon.colcon_core.environment:checking '/home/yuanluochen/code/guard/guard_ros/install/livox_ros_driver2/bin'
[14.521s] Level 1:colcon.colcon_core.environment:checking '/home/yuanluochen/code/guard/guard_ros/install/livox_ros_driver2/lib/pkgconfig/livox_ros_driver2.pc'
[14.521s] Level 1:colcon.colcon_core.environment:checking '/home/yuanluochen/code/guard/guard_ros/install/livox_ros_driver2/lib/python3.10/site-packages'
[14.521s] Level 1:colcon.colcon_core.environment:checking '/home/yuanluochen/code/guard/guard_ros/install/livox_ros_driver2/bin'
[14.522s] INFO:colcon.colcon_core.shell:Creating package script '/home/yuanluochen/code/guard/guard_ros/install/livox_ros_driver2/share/livox_ros_driver2/package.ps1'
[14.522s] INFO:colcon.colcon_core.shell:Creating package descriptor '/home/yuanluochen/code/guard/guard_ros/install/livox_ros_driver2/share/livox_ros_driver2/package.dsv'
[14.522s] INFO:colcon.colcon_core.shell:Creating package script '/home/yuanluochen/code/guard/guard_ros/install/livox_ros_driver2/share/livox_ros_driver2/package.sh'
[14.522s] INFO:colcon.colcon_core.shell:Creating package script '/home/yuanluochen/code/guard/guard_ros/install/livox_ros_driver2/share/livox_ros_driver2/package.bash'
[14.523s] INFO:colcon.colcon_core.shell:Creating package script '/home/yuanluochen/code/guard/guard_ros/install/livox_ros_driver2/share/livox_ros_driver2/package.zsh'
[14.523s] Level 1:colcon.colcon_core.environment:create_file_with_runtime_dependencies(/home/yuanluochen/code/guard/guard_ros/install/livox_ros_driver2/share/colcon-core/packages/livox_ros_driver2)
[14.523s] INFO:colcon.colcon_ros.task.ament_cmake.build:Building ROS package in '/home/yuanluochen/code/guard/guard_ros/src/FAST_LIO' with build type 'ament_cmake'
[14.523s] INFO:colcon.colcon_cmake.task.cmake.build:Building CMake package in '/home/yuanluochen/code/guard/guard_ros/src/FAST_LIO'
[14.524s] INFO:colcon.colcon_core.shell:Skip shell extension 'powershell' for command environment: Not usable outside of PowerShell
[14.524s] DEBUG:colcon.colcon_core.shell:Skip shell extension 'dsv' for command environment
[14.533s] DEBUG:colcon.colcon_core.event_handler.log_command:Invoking command in '/home/yuanluochen/code/guard/guard_ros/build/fast_lio': CMAKE_PREFIX_PATH=/home/yuanluochen/code/guard/guard_ros/install/livox_ros_driver2:/home/yuanluochen/code/guard/guard_ros/install/fast_lio:/opt/ros/humble LD_LIBRARY_PATH=/home/yuanluochen/code/guard/guard_ros/install/livox_ros_driver2/lib:/home/yuanluochen/code/guard/guard_ros/install/fast_lio/lib:/opt/ros/humble/opt/rviz_ogre_vendor/lib:/opt/ros/humble/lib/x86_64-linux-gnu:/opt/ros/humble/lib:/usr/local/lib/:/usr/local/lib/:/usr/local/lib/:/usr/local/lib/ /usr/bin/cmake /home/yuanluochen/code/guard/guard_ros/src/FAST_LIO -DROS_EDITION=ROS2 -DHUMBLE_ROS=humble -DCMAKE_INSTALL_PREFIX=/home/yuanluochen/code/guard/guard_ros/install/fast_lio
[18.821s] DEBUG:colcon.colcon_core.event_handler.log_command:Invoked command in '/home/yuanluochen/code/guard/guard_ros/build/fast_lio' returned '0': CMAKE_PREFIX_PATH=/home/yuanluochen/code/guard/guard_ros/install/livox_ros_driver2:/home/yuanluochen/code/guard/guard_ros/install/fast_lio:/opt/ros/humble LD_LIBRARY_PATH=/home/yuanluochen/code/guard/guard_ros/install/livox_ros_driver2/lib:/home/yuanluochen/code/guard/guard_ros/install/fast_lio/lib:/opt/ros/humble/opt/rviz_ogre_vendor/lib:/opt/ros/humble/lib/x86_64-linux-gnu:/opt/ros/humble/lib:/usr/local/lib/:/usr/local/lib/:/usr/local/lib/:/usr/local/lib/ /usr/bin/cmake /home/yuanluochen/code/guard/guard_ros/src/FAST_LIO -DROS_EDITION=ROS2 -DHUMBLE_ROS=humble -DCMAKE_INSTALL_PREFIX=/home/yuanluochen/code/guard/guard_ros/install/fast_lio
[18.823s] DEBUG:colcon.colcon_core.event_handler.log_command:Invoking command in '/home/yuanluochen/code/guard/guard_ros/build/fast_lio': CMAKE_PREFIX_PATH=/home/yuanluochen/code/guard/guard_ros/install/livox_ros_driver2:/home/yuanluochen/code/guard/guard_ros/install/fast_lio:/opt/ros/humble LD_LIBRARY_PATH=/home/yuanluochen/code/guard/guard_ros/install/livox_ros_driver2/lib:/home/yuanluochen/code/guard/guard_ros/install/fast_lio/lib:/opt/ros/humble/opt/rviz_ogre_vendor/lib:/opt/ros/humble/lib/x86_64-linux-gnu:/opt/ros/humble/lib:/usr/local/lib/:/usr/local/lib/:/usr/local/lib/:/usr/local/lib/ /usr/bin/cmake --build /home/yuanluochen/code/guard/guard_ros/build/fast_lio -- -j16 -l16
[73.569s] DEBUG:colcon.colcon_core.event_handler.log_command:Invoked command in '/home/yuanluochen/code/guard/guard_ros/build/fast_lio' returned '0': CMAKE_PREFIX_PATH=/home/yuanluochen/code/guard/guard_ros/install/livox_ros_driver2:/home/yuanluochen/code/guard/guard_ros/install/fast_lio:/opt/ros/humble LD_LIBRARY_PATH=/home/yuanluochen/code/guard/guard_ros/install/livox_ros_driver2/lib:/home/yuanluochen/code/guard/guard_ros/install/fast_lio/lib:/opt/ros/humble/opt/rviz_ogre_vendor/lib:/opt/ros/humble/lib/x86_64-linux-gnu:/opt/ros/humble/lib:/usr/local/lib/:/usr/local/lib/:/usr/local/lib/:/usr/local/lib/ /usr/bin/cmake --build /home/yuanluochen/code/guard/guard_ros/build/fast_lio -- -j16 -l16
[73.614s] DEBUG:colcon.colcon_core.event_handler.log_command:Invoking command in '/home/yuanluochen/code/guard/guard_ros/build/fast_lio': CMAKE_PREFIX_PATH=/home/yuanluochen/code/guard/guard_ros/install/livox_ros_driver2:/home/yuanluochen/code/guard/guard_ros/install/fast_lio:/opt/ros/humble LD_LIBRARY_PATH=/home/yuanluochen/code/guard/guard_ros/install/livox_ros_driver2/lib:/home/yuanluochen/code/guard/guard_ros/install/fast_lio/lib:/opt/ros/humble/opt/rviz_ogre_vendor/lib:/opt/ros/humble/lib/x86_64-linux-gnu:/opt/ros/humble/lib:/usr/local/lib/:/usr/local/lib/:/usr/local/lib/:/usr/local/lib/ /usr/bin/cmake --install /home/yuanluochen/code/guard/guard_ros/build/fast_lio
[73.659s] Level 1:colcon.colcon_core.environment:create_environment_scripts_only(fast_lio)
[73.660s] Level 1:colcon.colcon_core.environment:checking '/home/yuanluochen/code/guard/guard_ros/install/fast_lio' for CMake module files
[73.660s] DEBUG:colcon.colcon_core.event_handler.log_command:Invoked command in '/home/yuanluochen/code/guard/guard_ros/build/fast_lio' returned '0': CMAKE_PREFIX_PATH=/home/yuanluochen/code/guard/guard_ros/install/livox_ros_driver2:/home/yuanluochen/code/guard/guard_ros/install/fast_lio:/opt/ros/humble LD_LIBRARY_PATH=/home/yuanluochen/code/guard/guard_ros/install/livox_ros_driver2/lib:/home/yuanluochen/code/guard/guard_ros/install/fast_lio/lib:/opt/ros/humble/opt/rviz_ogre_vendor/lib:/opt/ros/humble/lib/x86_64-linux-gnu:/opt/ros/humble/lib:/usr/local/lib/:/usr/local/lib/:/usr/local/lib/:/usr/local/lib/ /usr/bin/cmake --install /home/yuanluochen/code/guard/guard_ros/build/fast_lio
[73.661s] Level 1:colcon.colcon_core.environment:checking '/home/yuanluochen/code/guard/guard_ros/install/fast_lio' for CMake config files
[73.661s] Level 1:colcon.colcon_core.shell:create_environment_hook('fast_lio', 'cmake_prefix_path')
[73.661s] INFO:colcon.colcon_core.shell:Creating environment hook '/home/yuanluochen/code/guard/guard_ros/install/fast_lio/share/fast_lio/hook/cmake_prefix_path.ps1'
[73.662s] INFO:colcon.colcon_core.shell:Creating environment descriptor '/home/yuanluochen/code/guard/guard_ros/install/fast_lio/share/fast_lio/hook/cmake_prefix_path.dsv'
[73.662s] INFO:colcon.colcon_core.shell:Creating environment hook '/home/yuanluochen/code/guard/guard_ros/install/fast_lio/share/fast_lio/hook/cmake_prefix_path.sh'
[73.662s] Level 1:colcon.colcon_core.environment:checking '/home/yuanluochen/code/guard/guard_ros/install/fast_lio/lib'
[73.662s] Level 1:colcon.colcon_core.shell:create_environment_hook('fast_lio', 'ld_library_path_lib')
[73.663s] INFO:colcon.colcon_core.shell:Creating environment hook '/home/yuanluochen/code/guard/guard_ros/install/fast_lio/share/fast_lio/hook/ld_library_path_lib.ps1'
[73.663s] INFO:colcon.colcon_core.shell:Creating environment descriptor '/home/yuanluochen/code/guard/guard_ros/install/fast_lio/share/fast_lio/hook/ld_library_path_lib.dsv'
[73.663s] INFO:colcon.colcon_core.shell:Creating environment hook '/home/yuanluochen/code/guard/guard_ros/install/fast_lio/share/fast_lio/hook/ld_library_path_lib.sh'
[73.663s] Level 1:colcon.colcon_core.environment:checking '/home/yuanluochen/code/guard/guard_ros/install/fast_lio/bin'
[73.664s] Level 1:colcon.colcon_core.environment:checking '/home/yuanluochen/code/guard/guard_ros/install/fast_lio/lib/pkgconfig/fast_lio.pc'
[73.664s] Level 1:colcon.colcon_core.environment:checking '/home/yuanluochen/code/guard/guard_ros/install/fast_lio/lib/python3.10/site-packages'
[73.664s] Level 1:colcon.colcon_core.environment:checking '/home/yuanluochen/code/guard/guard_ros/install/fast_lio/bin'
[73.665s] INFO:colcon.colcon_core.shell:Creating package script '/home/yuanluochen/code/guard/guard_ros/install/fast_lio/share/fast_lio/package.ps1'
[73.665s] INFO:colcon.colcon_core.shell:Creating package descriptor '/home/yuanluochen/code/guard/guard_ros/install/fast_lio/share/fast_lio/package.dsv'
[73.665s] INFO:colcon.colcon_core.shell:Creating package script '/home/yuanluochen/code/guard/guard_ros/install/fast_lio/share/fast_lio/package.sh'
[73.665s] INFO:colcon.colcon_core.shell:Creating package script '/home/yuanluochen/code/guard/guard_ros/install/fast_lio/share/fast_lio/package.bash'
[73.665s] INFO:colcon.colcon_core.shell:Creating package script '/home/yuanluochen/code/guard/guard_ros/install/fast_lio/share/fast_lio/package.zsh'
[73.666s] Level 1:colcon.colcon_core.environment:create_file_with_runtime_dependencies(/home/yuanluochen/code/guard/guard_ros/install/fast_lio/share/colcon-core/packages/fast_lio)
[73.711s] Level 1:colcon.colcon_core.environment:create_environment_scripts_only(fast_lio)
[73.713s] Level 1:colcon.colcon_core.environment:checking '/home/yuanluochen/code/guard/guard_ros/install/fast_lio' for CMake module files
[73.713s] Level 1:colcon.colcon_core.environment:checking '/home/yuanluochen/code/guard/guard_ros/install/fast_lio' for CMake config files
[73.713s] Level 1:colcon.colcon_core.shell:create_environment_hook('fast_lio', 'cmake_prefix_path')
[73.714s] INFO:colcon.colcon_core.shell:Creating environment hook '/home/yuanluochen/code/guard/guard_ros/install/fast_lio/share/fast_lio/hook/cmake_prefix_path.ps1'
[73.714s] INFO:colcon.colcon_core.shell:Creating environment descriptor '/home/yuanluochen/code/guard/guard_ros/install/fast_lio/share/fast_lio/hook/cmake_prefix_path.dsv'
[73.714s] INFO:colcon.colcon_core.shell:Creating environment hook '/home/yuanluochen/code/guard/guard_ros/install/fast_lio/share/fast_lio/hook/cmake_prefix_path.sh'
[73.715s] Level 1:colcon.colcon_core.environment:checking '/home/yuanluochen/code/guard/guard_ros/install/fast_lio/lib'
[73.715s] Level 1:colcon.colcon_core.shell:create_environment_hook('fast_lio', 'ld_library_path_lib')
[73.715s] INFO:colcon.colcon_core.shell:Creating environment hook '/home/yuanluochen/code/guard/guard_ros/install/fast_lio/share/fast_lio/hook/ld_library_path_lib.ps1'
[73.716s] INFO:colcon.colcon_core.shell:Creating environment descriptor '/home/yuanluochen/code/guard/guard_ros/install/fast_lio/share/fast_lio/hook/ld_library_path_lib.dsv'
[73.716s] INFO:colcon.colcon_core.shell:Creating environment hook '/home/yuanluochen/code/guard/guard_ros/install/fast_lio/share/fast_lio/hook/ld_library_path_lib.sh'
[73.716s] Level 1:colcon.colcon_core.environment:checking '/home/yuanluochen/code/guard/guard_ros/install/fast_lio/bin'
[73.716s] Level 1:colcon.colcon_core.environment:checking '/home/yuanluochen/code/guard/guard_ros/install/fast_lio/lib/pkgconfig/fast_lio.pc'
[73.716s] Level 1:colcon.colcon_core.environment:checking '/home/yuanluochen/code/guard/guard_ros/install/fast_lio/lib/python3.10/site-packages'
[73.716s] Level 1:colcon.colcon_core.environment:checking '/home/yuanluochen/code/guard/guard_ros/install/fast_lio/bin'
[73.717s] INFO:colcon.colcon_core.shell:Creating package script '/home/yuanluochen/code/guard/guard_ros/install/fast_lio/share/fast_lio/package.ps1'
[73.717s] INFO:colcon.colcon_core.shell:Creating package descriptor '/home/yuanluochen/code/guard/guard_ros/install/fast_lio/share/fast_lio/package.dsv'
[73.718s] INFO:colcon.colcon_core.shell:Creating package script '/home/yuanluochen/code/guard/guard_ros/install/fast_lio/share/fast_lio/package.sh'
[73.718s] INFO:colcon.colcon_core.shell:Creating package script '/home/yuanluochen/code/guard/guard_ros/install/fast_lio/share/fast_lio/package.bash'
[73.718s] INFO:colcon.colcon_core.shell:Creating package script '/home/yuanluochen/code/guard/guard_ros/install/fast_lio/share/fast_lio/package.zsh'
[73.718s] Level 1:colcon.colcon_core.environment:create_file_with_runtime_dependencies(/home/yuanluochen/code/guard/guard_ros/install/fast_lio/share/colcon-core/packages/fast_lio)
[73.719s] DEBUG:colcon.colcon_parallel_executor.executor.parallel:closing loop
[73.719s] DEBUG:colcon.colcon_parallel_executor.executor.parallel:loop closed
[73.719s] DEBUG:colcon.colcon_parallel_executor.executor.parallel:run_until_complete finished with '0'
[73.719s] DEBUG:colcon.colcon_core.event_reactor:joining thread
[73.725s] INFO:colcon.colcon_core.plugin_system:Skipping extension 'colcon_notification.desktop_notification.terminal_notifier': Not used on non-Darwin systems
[73.725s] INFO:colcon.colcon_core.plugin_system:Skipping extension 'colcon_notification.desktop_notification.win32': Not used on non-Windows systems
[73.725s] INFO:colcon.colcon_notification.desktop_notification:Sending desktop notification using 'notify2'
[73.732s] DEBUG:colcon.colcon_core.event_reactor:joined thread
[73.733s] INFO:colcon.colcon_core.shell:Creating prefix script '/home/yuanluochen/code/guard/guard_ros/install/local_setup.ps1'
[73.734s] INFO:colcon.colcon_core.shell:Creating prefix util module '/home/yuanluochen/code/guard/guard_ros/install/_local_setup_util_ps1.py'
[73.735s] INFO:colcon.colcon_core.shell:Creating prefix chain script '/home/yuanluochen/code/guard/guard_ros/install/setup.ps1'
[73.736s] INFO:colcon.colcon_core.shell:Creating prefix script '/home/yuanluochen/code/guard/guard_ros/install/local_setup.sh'
[73.736s] INFO:colcon.colcon_core.shell:Creating prefix util module '/home/yuanluochen/code/guard/guard_ros/install/_local_setup_util_sh.py'
[73.736s] INFO:colcon.colcon_core.shell:Creating prefix chain script '/home/yuanluochen/code/guard/guard_ros/install/setup.sh'
[73.737s] INFO:colcon.colcon_core.shell:Creating prefix script '/home/yuanluochen/code/guard/guard_ros/install/local_setup.bash'
[73.738s] INFO:colcon.colcon_core.shell:Creating prefix chain script '/home/yuanluochen/code/guard/guard_ros/install/setup.bash'
[73.739s] INFO:colcon.colcon_core.shell:Creating prefix script '/home/yuanluochen/code/guard/guard_ros/install/local_setup.zsh'
[73.739s] INFO:colcon.colcon_core.shell:Creating prefix chain script '/home/yuanluochen/code/guard/guard_ros/install/setup.zsh'
