[0.248s] DEBUG:colcon:Command line arguments: ['/usr/bin/colcon', 'build']
[0.248s] DEBUG:colcon:Parsed command line arguments: Namespace(log_base=None, log_level=None, verb_name='build', build_base='build', install_base='install', merge_install=False, symlink_install=False, test_result_base=None, continue_on_error=False, executor='parallel', parallel_workers=16, event_handlers=None, ignore_user_meta=False, metas=['./colcon.meta'], base_paths=['.'], packages_ignore=None, packages_ignore_regex=None, paths=None, packages_up_to=None, packages_up_to_regex=None, packages_above=None, packages_above_and_dependencies=None, packages_above_depth=None, packages_select_by_dep=None, packages_skip_by_dep=None, packages_skip_up_to=None, packages_select_build_failed=False, packages_skip_build_finished=False, packages_select_test_failures=False, packages_skip_test_passed=False, packages_select=None, packages_skip=None, packages_select_regex=None, packages_skip_regex=None, packages_start=None, packages_end=None, allow_overriding=[], cmake_args=None, cmake_target=None, cmake_target_skip_unavailable=False, cmake_clean_cache=False, cmake_clean_first=False, cmake_force_configure=False, ament_cmake_args=None, catkin_cmake_args=None, catkin_skip_building_tests=False, verb_parser=<colcon_defaults.argument_parser.defaults.DefaultArgumentsDecorator object at 0x7fdfb4402950>, verb_extension=<colcon_core.verb.build.BuildVerb object at 0x7fdfb4d86aa0>, main=<bound method BuildVerb.main of <colcon_core.verb.build.BuildVerb object at 0x7fdfb4d86aa0>>)
[0.273s] Level 1:colcon.colcon_core.package_discovery:discover_packages(colcon_meta) check parameters
[0.273s] Level 1:colcon.colcon_core.package_discovery:discover_packages(recursive) check parameters
[0.273s] Level 1:colcon.colcon_core.package_discovery:discover_packages(ignore) check parameters
[0.273s] Level 1:colcon.colcon_core.package_discovery:discover_packages(path) check parameters
[0.273s] Level 1:colcon.colcon_core.package_discovery:discover_packages(colcon_meta) discover
[0.273s] Level 1:colcon.colcon_core.package_discovery:discover_packages(recursive) discover
[0.273s] INFO:colcon.colcon_core.package_discovery:Crawling recursively for packages in '/home/yuanluochen/code/guard/guard_ros'
[0.273s] Level 1:colcon.colcon_core.package_identification:_identify(.) by extensions ['ignore', 'ignore_ament_install']
[0.274s] Level 1:colcon.colcon_core.package_identification:_identify(.) by extension 'ignore'
[0.274s] Level 1:colcon.colcon_core.package_identification:_identify(.) by extension 'ignore_ament_install'
[0.274s] Level 1:colcon.colcon_core.package_identification:_identify(.) by extensions ['colcon_pkg']
[0.274s] Level 1:colcon.colcon_core.package_identification:_identify(.) by extension 'colcon_pkg'
[0.274s] Level 1:colcon.colcon_core.package_identification:_identify(.) by extensions ['colcon_meta']
[0.274s] Level 1:colcon.colcon_core.package_identification:_identify(.) by extension 'colcon_meta'
[0.274s] Level 1:colcon.colcon_core.package_identification:_identify(.) by extensions ['ros']
[0.274s] Level 1:colcon.colcon_core.package_identification:_identify(.) by extension 'ros'
[0.282s] Level 1:colcon.colcon_core.package_identification:_identify(.) by extensions ['cmake', 'python']
[0.282s] Level 1:colcon.colcon_core.package_identification:_identify(.) by extension 'cmake'
[0.282s] Level 1:colcon.colcon_core.package_identification:_identify(.) by extension 'python'
[0.282s] Level 1:colcon.colcon_core.package_identification:_identify(.) by extensions ['python_setup_py']
[0.283s] Level 1:colcon.colcon_core.package_identification:_identify(.) by extension 'python_setup_py'
[0.283s] Level 1:colcon.colcon_core.package_identification:_identify(build) by extensions ['ignore', 'ignore_ament_install']
[0.283s] Level 1:colcon.colcon_core.package_identification:_identify(build) by extension 'ignore'
[0.283s] Level 1:colcon.colcon_core.package_identification:_identify(build) ignored
[0.283s] Level 1:colcon.colcon_core.package_identification:_identify(install) by extensions ['ignore', 'ignore_ament_install']
[0.283s] Level 1:colcon.colcon_core.package_identification:_identify(install) by extension 'ignore'
[0.283s] Level 1:colcon.colcon_core.package_identification:_identify(install) ignored
[0.283s] Level 1:colcon.colcon_core.package_identification:_identify(log) by extensions ['ignore', 'ignore_ament_install']
[0.283s] Level 1:colcon.colcon_core.package_identification:_identify(log) by extension 'ignore'
[0.283s] Level 1:colcon.colcon_core.package_identification:_identify(log) ignored
[0.283s] Level 1:colcon.colcon_core.package_identification:_identify(src) by extensions ['ignore', 'ignore_ament_install']
[0.283s] Level 1:colcon.colcon_core.package_identification:_identify(src) by extension 'ignore'
[0.283s] Level 1:colcon.colcon_core.package_identification:_identify(src) by extension 'ignore_ament_install'
[0.283s] Level 1:colcon.colcon_core.package_identification:_identify(src) by extensions ['colcon_pkg']
[0.283s] Level 1:colcon.colcon_core.package_identification:_identify(src) by extension 'colcon_pkg'
[0.283s] Level 1:colcon.colcon_core.package_identification:_identify(src) by extensions ['colcon_meta']
[0.283s] Level 1:colcon.colcon_core.package_identification:_identify(src) by extension 'colcon_meta'
[0.283s] Level 1:colcon.colcon_core.package_identification:_identify(src) by extensions ['ros']
[0.283s] Level 1:colcon.colcon_core.package_identification:_identify(src) by extension 'ros'
[0.283s] Level 1:colcon.colcon_core.package_identification:_identify(src) by extensions ['cmake', 'python']
[0.283s] Level 1:colcon.colcon_core.package_identification:_identify(src) by extension 'cmake'
[0.283s] Level 1:colcon.colcon_core.package_identification:_identify(src) by extension 'python'
[0.283s] Level 1:colcon.colcon_core.package_identification:_identify(src) by extensions ['python_setup_py']
[0.283s] Level 1:colcon.colcon_core.package_identification:_identify(src) by extension 'python_setup_py'
[0.284s] Level 1:colcon.colcon_core.package_identification:_identify(src/FAST_LIO) by extensions ['ignore', 'ignore_ament_install']
[0.284s] Level 1:colcon.colcon_core.package_identification:_identify(src/FAST_LIO) by extension 'ignore'
[0.284s] Level 1:colcon.colcon_core.package_identification:_identify(src/FAST_LIO) by extension 'ignore_ament_install'
[0.284s] Level 1:colcon.colcon_core.package_identification:_identify(src/FAST_LIO) by extensions ['colcon_pkg']
[0.284s] Level 1:colcon.colcon_core.package_identification:_identify(src/FAST_LIO) by extension 'colcon_pkg'
[0.284s] Level 1:colcon.colcon_core.package_identification:_identify(src/FAST_LIO) by extensions ['colcon_meta']
[0.284s] Level 1:colcon.colcon_core.package_identification:_identify(src/FAST_LIO) by extension 'colcon_meta'
[0.284s] Level 1:colcon.colcon_core.package_identification:_identify(src/FAST_LIO) by extensions ['ros']
[0.284s] Level 1:colcon.colcon_core.package_identification:_identify(src/FAST_LIO) by extension 'ros'
[0.287s] DEBUG:colcon.colcon_core.package_identification:Package 'src/FAST_LIO' with type 'ros.ament_cmake' and name 'fast_lio'
[0.287s] Level 1:colcon.colcon_core.package_identification:_identify(src/livox_ros_driver2) by extensions ['ignore', 'ignore_ament_install']
[0.287s] Level 1:colcon.colcon_core.package_identification:_identify(src/livox_ros_driver2) by extension 'ignore'
[0.287s] Level 1:colcon.colcon_core.package_identification:_identify(src/livox_ros_driver2) by extension 'ignore_ament_install'
[0.287s] Level 1:colcon.colcon_core.package_identification:_identify(src/livox_ros_driver2) by extensions ['colcon_pkg']
[0.287s] Level 1:colcon.colcon_core.package_identification:_identify(src/livox_ros_driver2) by extension 'colcon_pkg'
[0.287s] Level 1:colcon.colcon_core.package_identification:_identify(src/livox_ros_driver2) by extensions ['colcon_meta']
[0.287s] Level 1:colcon.colcon_core.package_identification:_identify(src/livox_ros_driver2) by extension 'colcon_meta'
[0.287s] Level 1:colcon.colcon_core.package_identification:_identify(src/livox_ros_driver2) by extensions ['ros']
[0.287s] Level 1:colcon.colcon_core.package_identification:_identify(src/livox_ros_driver2) by extension 'ros'
[0.288s] DEBUG:colcon.colcon_core.package_identification:Package 'src/livox_ros_driver2' with type 'ros.ament_cmake' and name 'livox_ros_driver2'
[0.288s] Level 1:colcon.colcon_core.package_discovery:discover_packages(recursive) using defaults
[0.288s] Level 1:colcon.colcon_core.package_discovery:discover_packages(ignore) discover
[0.288s] Level 1:colcon.colcon_core.package_discovery:discover_packages(ignore) using defaults
[0.288s] Level 1:colcon.colcon_core.package_discovery:discover_packages(path) discover
[0.288s] Level 1:colcon.colcon_core.package_discovery:discover_packages(path) using defaults
[0.308s] Level 1:colcon.colcon_core.package_discovery:discover_packages(prefix_path) check parameters
[0.308s] Level 1:colcon.colcon_core.package_discovery:discover_packages(prefix_path) discover
[0.310s] DEBUG:colcon.colcon_installed_package_information.package_discovery:Found 340 installed packages in /opt/ros/humble
[0.311s] Level 1:colcon.colcon_core.package_discovery:discover_packages(prefix_path) using defaults
[0.356s] Level 5:colcon.colcon_core.verb:set package 'livox_ros_driver2' build argument 'cmake_args' from command line to 'None'
[0.356s] Level 5:colcon.colcon_core.verb:set package 'livox_ros_driver2' build argument 'cmake_target' from command line to 'None'
[0.356s] Level 5:colcon.colcon_core.verb:set package 'livox_ros_driver2' build argument 'cmake_target_skip_unavailable' from command line to 'False'
[0.356s] Level 5:colcon.colcon_core.verb:set package 'livox_ros_driver2' build argument 'cmake_clean_cache' from command line to 'False'
[0.356s] Level 5:colcon.colcon_core.verb:set package 'livox_ros_driver2' build argument 'cmake_clean_first' from command line to 'False'
[0.356s] Level 5:colcon.colcon_core.verb:set package 'livox_ros_driver2' build argument 'cmake_force_configure' from command line to 'False'
[0.356s] Level 5:colcon.colcon_core.verb:set package 'livox_ros_driver2' build argument 'ament_cmake_args' from command line to 'None'
[0.357s] Level 5:colcon.colcon_core.verb:set package 'livox_ros_driver2' build argument 'catkin_cmake_args' from command line to 'None'
[0.357s] Level 5:colcon.colcon_core.verb:set package 'livox_ros_driver2' build argument 'catkin_skip_building_tests' from command line to 'False'
[0.357s] DEBUG:colcon.colcon_core.verb:Building package 'livox_ros_driver2' with the following arguments: {'ament_cmake_args': None, 'build_base': '/home/yuanluochen/code/guard/guard_ros/build/livox_ros_driver2', 'catkin_cmake_args': None, 'catkin_skip_building_tests': False, 'cmake_args': None, 'cmake_clean_cache': False, 'cmake_clean_first': False, 'cmake_force_configure': False, 'cmake_target': None, 'cmake_target_skip_unavailable': False, 'install_base': '/home/yuanluochen/code/guard/guard_ros/install/livox_ros_driver2', 'merge_install': False, 'path': '/home/yuanluochen/code/guard/guard_ros/src/livox_ros_driver2', 'symlink_install': False, 'test_result_base': None}
[0.357s] Level 5:colcon.colcon_core.verb:set package 'fast_lio' build argument 'cmake_args' from command line to 'None'
[0.357s] Level 5:colcon.colcon_core.verb:set package 'fast_lio' build argument 'cmake_target' from command line to 'None'
[0.357s] Level 5:colcon.colcon_core.verb:set package 'fast_lio' build argument 'cmake_target_skip_unavailable' from command line to 'False'
[0.357s] Level 5:colcon.colcon_core.verb:set package 'fast_lio' build argument 'cmake_clean_cache' from command line to 'False'
[0.357s] Level 5:colcon.colcon_core.verb:set package 'fast_lio' build argument 'cmake_clean_first' from command line to 'False'
[0.357s] Level 5:colcon.colcon_core.verb:set package 'fast_lio' build argument 'cmake_force_configure' from command line to 'False'
[0.357s] Level 5:colcon.colcon_core.verb:set package 'fast_lio' build argument 'ament_cmake_args' from command line to 'None'
[0.357s] Level 5:colcon.colcon_core.verb:set package 'fast_lio' build argument 'catkin_cmake_args' from command line to 'None'
[0.357s] Level 5:colcon.colcon_core.verb:set package 'fast_lio' build argument 'catkin_skip_building_tests' from command line to 'False'
[0.357s] DEBUG:colcon.colcon_core.verb:Building package 'fast_lio' with the following arguments: {'ament_cmake_args': None, 'build_base': '/home/yuanluochen/code/guard/guard_ros/build/fast_lio', 'catkin_cmake_args': None, 'catkin_skip_building_tests': False, 'cmake_args': None, 'cmake_clean_cache': False, 'cmake_clean_first': False, 'cmake_force_configure': False, 'cmake_target': None, 'cmake_target_skip_unavailable': False, 'install_base': '/home/yuanluochen/code/guard/guard_ros/install/fast_lio', 'merge_install': False, 'path': '/home/yuanluochen/code/guard/guard_ros/src/FAST_LIO', 'symlink_install': False, 'test_result_base': None}
[0.358s] INFO:colcon.colcon_core.executor:Executing jobs using 'parallel' executor
[0.360s] DEBUG:colcon.colcon_parallel_executor.executor.parallel:run_until_complete
[0.361s] INFO:colcon.colcon_ros.task.ament_cmake.build:Building ROS package in '/home/yuanluochen/code/guard/guard_ros/src/livox_ros_driver2' with build type 'ament_cmake'
[0.361s] INFO:colcon.colcon_cmake.task.cmake.build:Building CMake package in '/home/yuanluochen/code/guard/guard_ros/src/livox_ros_driver2'
[0.365s] INFO:colcon.colcon_core.plugin_system:Skipping extension 'colcon_core.shell.bat': Not used on non-Windows systems
[0.365s] INFO:colcon.colcon_core.shell:Skip shell extension 'powershell' for command environment: Not usable outside of PowerShell
[0.365s] DEBUG:colcon.colcon_core.shell:Skip shell extension 'dsv' for command environment
[0.373s] DEBUG:colcon.colcon_core.event_handler.log_command:Invoking command in '/home/yuanluochen/code/guard/guard_ros/build/livox_ros_driver2': CMAKE_PREFIX_PATH=/opt/ros/humble /usr/bin/cmake --build /home/yuanluochen/code/guard/guard_ros/build/livox_ros_driver2 -- -j16 -l16
[0.644s] DEBUG:colcon.colcon_core.event_handler.log_command:Invoked command in '/home/yuanluochen/code/guard/guard_ros/build/livox_ros_driver2' returned '0': CMAKE_PREFIX_PATH=/opt/ros/humble /usr/bin/cmake --build /home/yuanluochen/code/guard/guard_ros/build/livox_ros_driver2 -- -j16 -l16
[0.723s] DEBUG:colcon.colcon_core.event_handler.log_command:Invoking command in '/home/yuanluochen/code/guard/guard_ros/build/livox_ros_driver2': CMAKE_PREFIX_PATH=/opt/ros/humble /usr/bin/cmake --install /home/yuanluochen/code/guard/guard_ros/build/livox_ros_driver2
[0.766s] Level 1:colcon.colcon_core.environment:create_environment_scripts_only(livox_ros_driver2)
[0.767s] DEBUG:colcon.colcon_core.event_handler.log_command:Invoked command in '/home/yuanluochen/code/guard/guard_ros/build/livox_ros_driver2' returned '0': CMAKE_PREFIX_PATH=/opt/ros/humble /usr/bin/cmake --install /home/yuanluochen/code/guard/guard_ros/build/livox_ros_driver2
[0.772s] Level 1:colcon.colcon_core.environment:checking '/home/yuanluochen/code/guard/guard_ros/install/livox_ros_driver2' for CMake module files
[0.773s] Level 1:colcon.colcon_core.environment:checking '/home/yuanluochen/code/guard/guard_ros/install/livox_ros_driver2' for CMake config files
[0.774s] Level 1:colcon.colcon_core.shell:create_environment_hook('livox_ros_driver2', 'cmake_prefix_path')
[0.775s] INFO:colcon.colcon_core.shell:Creating environment hook '/home/yuanluochen/code/guard/guard_ros/install/livox_ros_driver2/share/livox_ros_driver2/hook/cmake_prefix_path.ps1'
[0.775s] INFO:colcon.colcon_core.shell:Creating environment descriptor '/home/yuanluochen/code/guard/guard_ros/install/livox_ros_driver2/share/livox_ros_driver2/hook/cmake_prefix_path.dsv'
[0.776s] INFO:colcon.colcon_core.shell:Creating environment hook '/home/yuanluochen/code/guard/guard_ros/install/livox_ros_driver2/share/livox_ros_driver2/hook/cmake_prefix_path.sh'
[0.777s] Level 1:colcon.colcon_core.environment:checking '/home/yuanluochen/code/guard/guard_ros/install/livox_ros_driver2/lib'
[0.777s] Level 1:colcon.colcon_core.shell:create_environment_hook('livox_ros_driver2', 'ld_library_path_lib')
[0.778s] INFO:colcon.colcon_core.shell:Creating environment hook '/home/yuanluochen/code/guard/guard_ros/install/livox_ros_driver2/share/livox_ros_driver2/hook/ld_library_path_lib.ps1'
[0.778s] INFO:colcon.colcon_core.shell:Creating environment descriptor '/home/yuanluochen/code/guard/guard_ros/install/livox_ros_driver2/share/livox_ros_driver2/hook/ld_library_path_lib.dsv'
[0.778s] INFO:colcon.colcon_core.shell:Creating environment hook '/home/yuanluochen/code/guard/guard_ros/install/livox_ros_driver2/share/livox_ros_driver2/hook/ld_library_path_lib.sh'
[0.778s] Level 1:colcon.colcon_core.environment:checking '/home/yuanluochen/code/guard/guard_ros/install/livox_ros_driver2/bin'
[0.778s] Level 1:colcon.colcon_core.environment:checking '/home/yuanluochen/code/guard/guard_ros/install/livox_ros_driver2/lib/pkgconfig/livox_ros_driver2.pc'
[0.779s] Level 1:colcon.colcon_core.environment:checking '/home/yuanluochen/code/guard/guard_ros/install/livox_ros_driver2/lib/python3.10/site-packages'
[0.779s] Level 1:colcon.colcon_core.environment:checking '/home/yuanluochen/code/guard/guard_ros/install/livox_ros_driver2/bin'
[0.780s] INFO:colcon.colcon_core.shell:Creating package script '/home/yuanluochen/code/guard/guard_ros/install/livox_ros_driver2/share/livox_ros_driver2/package.ps1'
[0.780s] INFO:colcon.colcon_core.shell:Creating package descriptor '/home/yuanluochen/code/guard/guard_ros/install/livox_ros_driver2/share/livox_ros_driver2/package.dsv'
[0.781s] INFO:colcon.colcon_core.shell:Creating package script '/home/yuanluochen/code/guard/guard_ros/install/livox_ros_driver2/share/livox_ros_driver2/package.sh'
[0.781s] INFO:colcon.colcon_core.shell:Creating package script '/home/yuanluochen/code/guard/guard_ros/install/livox_ros_driver2/share/livox_ros_driver2/package.bash'
[0.782s] INFO:colcon.colcon_core.shell:Creating package script '/home/yuanluochen/code/guard/guard_ros/install/livox_ros_driver2/share/livox_ros_driver2/package.zsh'
[0.782s] Level 1:colcon.colcon_core.environment:create_file_with_runtime_dependencies(/home/yuanluochen/code/guard/guard_ros/install/livox_ros_driver2/share/colcon-core/packages/livox_ros_driver2)
[0.862s] Level 1:colcon.colcon_core.environment:create_environment_scripts_only(livox_ros_driver2)
[0.863s] Level 1:colcon.colcon_core.environment:checking '/home/yuanluochen/code/guard/guard_ros/install/livox_ros_driver2' for CMake module files
[0.864s] Level 1:colcon.colcon_core.environment:checking '/home/yuanluochen/code/guard/guard_ros/install/livox_ros_driver2' for CMake config files
[0.864s] Level 1:colcon.colcon_core.shell:create_environment_hook('livox_ros_driver2', 'cmake_prefix_path')
[0.865s] INFO:colcon.colcon_core.shell:Creating environment hook '/home/yuanluochen/code/guard/guard_ros/install/livox_ros_driver2/share/livox_ros_driver2/hook/cmake_prefix_path.ps1'
[0.865s] INFO:colcon.colcon_core.shell:Creating environment descriptor '/home/yuanluochen/code/guard/guard_ros/install/livox_ros_driver2/share/livox_ros_driver2/hook/cmake_prefix_path.dsv'
[0.865s] INFO:colcon.colcon_core.shell:Creating environment hook '/home/yuanluochen/code/guard/guard_ros/install/livox_ros_driver2/share/livox_ros_driver2/hook/cmake_prefix_path.sh'
[0.865s] Level 1:colcon.colcon_core.environment:checking '/home/yuanluochen/code/guard/guard_ros/install/livox_ros_driver2/lib'
[0.866s] Level 1:colcon.colcon_core.shell:create_environment_hook('livox_ros_driver2', 'ld_library_path_lib')
[0.866s] INFO:colcon.colcon_core.shell:Creating environment hook '/home/yuanluochen/code/guard/guard_ros/install/livox_ros_driver2/share/livox_ros_driver2/hook/ld_library_path_lib.ps1'
[0.867s] INFO:colcon.colcon_core.shell:Creating environment descriptor '/home/yuanluochen/code/guard/guard_ros/install/livox_ros_driver2/share/livox_ros_driver2/hook/ld_library_path_lib.dsv'
[0.867s] INFO:colcon.colcon_core.shell:Creating environment hook '/home/yuanluochen/code/guard/guard_ros/install/livox_ros_driver2/share/livox_ros_driver2/hook/ld_library_path_lib.sh'
[0.867s] Level 1:colcon.colcon_core.environment:checking '/home/yuanluochen/code/guard/guard_ros/install/livox_ros_driver2/bin'
[0.867s] Level 1:colcon.colcon_core.environment:checking '/home/yuanluochen/code/guard/guard_ros/install/livox_ros_driver2/lib/pkgconfig/livox_ros_driver2.pc'
[0.867s] Level 1:colcon.colcon_core.environment:checking '/home/yuanluochen/code/guard/guard_ros/install/livox_ros_driver2/lib/python3.10/site-packages'
[0.868s] Level 1:colcon.colcon_core.environment:checking '/home/yuanluochen/code/guard/guard_ros/install/livox_ros_driver2/bin'
[0.868s] INFO:colcon.colcon_core.shell:Creating package script '/home/yuanluochen/code/guard/guard_ros/install/livox_ros_driver2/share/livox_ros_driver2/package.ps1'
[0.869s] INFO:colcon.colcon_core.shell:Creating package descriptor '/home/yuanluochen/code/guard/guard_ros/install/livox_ros_driver2/share/livox_ros_driver2/package.dsv'
[0.869s] INFO:colcon.colcon_core.shell:Creating package script '/home/yuanluochen/code/guard/guard_ros/install/livox_ros_driver2/share/livox_ros_driver2/package.sh'
[0.869s] INFO:colcon.colcon_core.shell:Creating package script '/home/yuanluochen/code/guard/guard_ros/install/livox_ros_driver2/share/livox_ros_driver2/package.bash'
[0.869s] INFO:colcon.colcon_core.shell:Creating package script '/home/yuanluochen/code/guard/guard_ros/install/livox_ros_driver2/share/livox_ros_driver2/package.zsh'
[0.870s] Level 1:colcon.colcon_core.environment:create_file_with_runtime_dependencies(/home/yuanluochen/code/guard/guard_ros/install/livox_ros_driver2/share/colcon-core/packages/livox_ros_driver2)
[0.870s] INFO:colcon.colcon_ros.task.ament_cmake.build:Building ROS package in '/home/yuanluochen/code/guard/guard_ros/src/FAST_LIO' with build type 'ament_cmake'
[0.870s] INFO:colcon.colcon_cmake.task.cmake.build:Building CMake package in '/home/yuanluochen/code/guard/guard_ros/src/FAST_LIO'
[0.871s] INFO:colcon.colcon_core.shell:Skip shell extension 'powershell' for command environment: Not usable outside of PowerShell
[0.871s] DEBUG:colcon.colcon_core.shell:Skip shell extension 'dsv' for command environment
[0.880s] DEBUG:colcon.colcon_core.event_handler.log_command:Invoking command in '/home/yuanluochen/code/guard/guard_ros/build/fast_lio': AMENT_PREFIX_PATH=/home/yuanluochen/code/guard/guard_ros/install/livox_ros_driver2:${AMENT_PREFIX_PATH} CMAKE_PREFIX_PATH=/home/yuanluochen/code/guard/guard_ros/install/livox_ros_driver2:/opt/ros/humble LD_LIBRARY_PATH=/home/yuanluochen/code/guard/guard_ros/install/livox_ros_driver2/lib:${LD_LIBRARY_PATH} PYTHONPATH=/home/yuanluochen/code/guard/guard_ros/install/livox_ros_driver2/local/lib/python3.10/dist-packages:${PYTHONPATH} /usr/bin/cmake --build /home/yuanluochen/code/guard/guard_ros/build/fast_lio -- -j16 -l16
[1.151s] DEBUG:colcon.colcon_core.event_handler.log_command:Invoked command in '/home/yuanluochen/code/guard/guard_ros/build/fast_lio' returned '0': AMENT_PREFIX_PATH=/home/yuanluochen/code/guard/guard_ros/install/livox_ros_driver2:${AMENT_PREFIX_PATH} CMAKE_PREFIX_PATH=/home/yuanluochen/code/guard/guard_ros/install/livox_ros_driver2:/opt/ros/humble LD_LIBRARY_PATH=/home/yuanluochen/code/guard/guard_ros/install/livox_ros_driver2/lib:${LD_LIBRARY_PATH} PYTHONPATH=/home/yuanluochen/code/guard/guard_ros/install/livox_ros_driver2/local/lib/python3.10/dist-packages:${PYTHONPATH} /usr/bin/cmake --build /home/yuanluochen/code/guard/guard_ros/build/fast_lio -- -j16 -l16
[1.194s] DEBUG:colcon.colcon_core.event_handler.log_command:Invoking command in '/home/yuanluochen/code/guard/guard_ros/build/fast_lio': AMENT_PREFIX_PATH=/home/yuanluochen/code/guard/guard_ros/install/livox_ros_driver2:${AMENT_PREFIX_PATH} CMAKE_PREFIX_PATH=/home/yuanluochen/code/guard/guard_ros/install/livox_ros_driver2:/opt/ros/humble LD_LIBRARY_PATH=/home/yuanluochen/code/guard/guard_ros/install/livox_ros_driver2/lib:${LD_LIBRARY_PATH} PYTHONPATH=/home/yuanluochen/code/guard/guard_ros/install/livox_ros_driver2/local/lib/python3.10/dist-packages:${PYTHONPATH} /usr/bin/cmake --install /home/yuanluochen/code/guard/guard_ros/build/fast_lio
[1.236s] Level 1:colcon.colcon_core.environment:create_environment_scripts_only(fast_lio)
[1.237s] Level 1:colcon.colcon_core.environment:checking '/home/yuanluochen/code/guard/guard_ros/install/fast_lio' for CMake module files
[1.238s] DEBUG:colcon.colcon_core.event_handler.log_command:Invoked command in '/home/yuanluochen/code/guard/guard_ros/build/fast_lio' returned '0': AMENT_PREFIX_PATH=/home/yuanluochen/code/guard/guard_ros/install/livox_ros_driver2:${AMENT_PREFIX_PATH} CMAKE_PREFIX_PATH=/home/yuanluochen/code/guard/guard_ros/install/livox_ros_driver2:/opt/ros/humble LD_LIBRARY_PATH=/home/yuanluochen/code/guard/guard_ros/install/livox_ros_driver2/lib:${LD_LIBRARY_PATH} PYTHONPATH=/home/yuanluochen/code/guard/guard_ros/install/livox_ros_driver2/local/lib/python3.10/dist-packages:${PYTHONPATH} /usr/bin/cmake --install /home/yuanluochen/code/guard/guard_ros/build/fast_lio
[1.239s] Level 1:colcon.colcon_core.environment:checking '/home/yuanluochen/code/guard/guard_ros/install/fast_lio' for CMake config files
[1.239s] Level 1:colcon.colcon_core.shell:create_environment_hook('fast_lio', 'cmake_prefix_path')
[1.240s] INFO:colcon.colcon_core.shell:Creating environment hook '/home/yuanluochen/code/guard/guard_ros/install/fast_lio/share/fast_lio/hook/cmake_prefix_path.ps1'
[1.241s] INFO:colcon.colcon_core.shell:Creating environment descriptor '/home/yuanluochen/code/guard/guard_ros/install/fast_lio/share/fast_lio/hook/cmake_prefix_path.dsv'
[1.241s] INFO:colcon.colcon_core.shell:Creating environment hook '/home/yuanluochen/code/guard/guard_ros/install/fast_lio/share/fast_lio/hook/cmake_prefix_path.sh'
[1.241s] Level 1:colcon.colcon_core.environment:checking '/home/yuanluochen/code/guard/guard_ros/install/fast_lio/lib'
[1.241s] Level 1:colcon.colcon_core.shell:create_environment_hook('fast_lio', 'ld_library_path_lib')
[1.242s] INFO:colcon.colcon_core.shell:Creating environment hook '/home/yuanluochen/code/guard/guard_ros/install/fast_lio/share/fast_lio/hook/ld_library_path_lib.ps1'
[1.242s] INFO:colcon.colcon_core.shell:Creating environment descriptor '/home/yuanluochen/code/guard/guard_ros/install/fast_lio/share/fast_lio/hook/ld_library_path_lib.dsv'
[1.242s] INFO:colcon.colcon_core.shell:Creating environment hook '/home/yuanluochen/code/guard/guard_ros/install/fast_lio/share/fast_lio/hook/ld_library_path_lib.sh'
[1.242s] Level 1:colcon.colcon_core.environment:checking '/home/yuanluochen/code/guard/guard_ros/install/fast_lio/bin'
[1.242s] Level 1:colcon.colcon_core.environment:checking '/home/yuanluochen/code/guard/guard_ros/install/fast_lio/lib/pkgconfig/fast_lio.pc'
[1.243s] Level 1:colcon.colcon_core.environment:checking '/home/yuanluochen/code/guard/guard_ros/install/fast_lio/lib/python3.10/site-packages'
[1.243s] Level 1:colcon.colcon_core.environment:checking '/home/yuanluochen/code/guard/guard_ros/install/fast_lio/bin'
[1.244s] INFO:colcon.colcon_core.shell:Creating package script '/home/yuanluochen/code/guard/guard_ros/install/fast_lio/share/fast_lio/package.ps1'
[1.244s] INFO:colcon.colcon_core.shell:Creating package descriptor '/home/yuanluochen/code/guard/guard_ros/install/fast_lio/share/fast_lio/package.dsv'
[1.244s] INFO:colcon.colcon_core.shell:Creating package script '/home/yuanluochen/code/guard/guard_ros/install/fast_lio/share/fast_lio/package.sh'
[1.244s] INFO:colcon.colcon_core.shell:Creating package script '/home/yuanluochen/code/guard/guard_ros/install/fast_lio/share/fast_lio/package.bash'
[1.245s] INFO:colcon.colcon_core.shell:Creating package script '/home/yuanluochen/code/guard/guard_ros/install/fast_lio/share/fast_lio/package.zsh'
[1.245s] Level 1:colcon.colcon_core.environment:create_file_with_runtime_dependencies(/home/yuanluochen/code/guard/guard_ros/install/fast_lio/share/colcon-core/packages/fast_lio)
[1.292s] Level 1:colcon.colcon_core.environment:create_environment_scripts_only(fast_lio)
[1.294s] Level 1:colcon.colcon_core.environment:checking '/home/yuanluochen/code/guard/guard_ros/install/fast_lio' for CMake module files
[1.294s] Level 1:colcon.colcon_core.environment:checking '/home/yuanluochen/code/guard/guard_ros/install/fast_lio' for CMake config files
[1.295s] Level 1:colcon.colcon_core.shell:create_environment_hook('fast_lio', 'cmake_prefix_path')
[1.296s] INFO:colcon.colcon_core.shell:Creating environment hook '/home/yuanluochen/code/guard/guard_ros/install/fast_lio/share/fast_lio/hook/cmake_prefix_path.ps1'
[1.297s] INFO:colcon.colcon_core.shell:Creating environment descriptor '/home/yuanluochen/code/guard/guard_ros/install/fast_lio/share/fast_lio/hook/cmake_prefix_path.dsv'
[1.297s] INFO:colcon.colcon_core.shell:Creating environment hook '/home/yuanluochen/code/guard/guard_ros/install/fast_lio/share/fast_lio/hook/cmake_prefix_path.sh'
[1.298s] Level 1:colcon.colcon_core.environment:checking '/home/yuanluochen/code/guard/guard_ros/install/fast_lio/lib'
[1.298s] Level 1:colcon.colcon_core.shell:create_environment_hook('fast_lio', 'ld_library_path_lib')
[1.299s] INFO:colcon.colcon_core.shell:Creating environment hook '/home/yuanluochen/code/guard/guard_ros/install/fast_lio/share/fast_lio/hook/ld_library_path_lib.ps1'
[1.299s] INFO:colcon.colcon_core.shell:Creating environment descriptor '/home/yuanluochen/code/guard/guard_ros/install/fast_lio/share/fast_lio/hook/ld_library_path_lib.dsv'
[1.300s] INFO:colcon.colcon_core.shell:Creating environment hook '/home/yuanluochen/code/guard/guard_ros/install/fast_lio/share/fast_lio/hook/ld_library_path_lib.sh'
[1.300s] Level 1:colcon.colcon_core.environment:checking '/home/yuanluochen/code/guard/guard_ros/install/fast_lio/bin'
[1.300s] Level 1:colcon.colcon_core.environment:checking '/home/yuanluochen/code/guard/guard_ros/install/fast_lio/lib/pkgconfig/fast_lio.pc'
[1.300s] Level 1:colcon.colcon_core.environment:checking '/home/yuanluochen/code/guard/guard_ros/install/fast_lio/lib/python3.10/site-packages'
[1.300s] Level 1:colcon.colcon_core.environment:checking '/home/yuanluochen/code/guard/guard_ros/install/fast_lio/bin'
[1.302s] INFO:colcon.colcon_core.shell:Creating package script '/home/yuanluochen/code/guard/guard_ros/install/fast_lio/share/fast_lio/package.ps1'
[1.302s] INFO:colcon.colcon_core.shell:Creating package descriptor '/home/yuanluochen/code/guard/guard_ros/install/fast_lio/share/fast_lio/package.dsv'
[1.303s] INFO:colcon.colcon_core.shell:Creating package script '/home/yuanluochen/code/guard/guard_ros/install/fast_lio/share/fast_lio/package.sh'
[1.303s] INFO:colcon.colcon_core.shell:Creating package script '/home/yuanluochen/code/guard/guard_ros/install/fast_lio/share/fast_lio/package.bash'
[1.304s] INFO:colcon.colcon_core.shell:Creating package script '/home/yuanluochen/code/guard/guard_ros/install/fast_lio/share/fast_lio/package.zsh'
[1.304s] Level 1:colcon.colcon_core.environment:create_file_with_runtime_dependencies(/home/yuanluochen/code/guard/guard_ros/install/fast_lio/share/colcon-core/packages/fast_lio)
[1.305s] DEBUG:colcon.colcon_parallel_executor.executor.parallel:closing loop
[1.305s] DEBUG:colcon.colcon_parallel_executor.executor.parallel:loop closed
[1.305s] DEBUG:colcon.colcon_parallel_executor.executor.parallel:run_until_complete finished with '0'
[1.305s] DEBUG:colcon.colcon_core.event_reactor:joining thread
[1.311s] INFO:colcon.colcon_core.plugin_system:Skipping extension 'colcon_notification.desktop_notification.terminal_notifier': Not used on non-Darwin systems
[1.311s] INFO:colcon.colcon_core.plugin_system:Skipping extension 'colcon_notification.desktop_notification.win32': Not used on non-Windows systems
[1.311s] INFO:colcon.colcon_notification.desktop_notification:Sending desktop notification using 'notify2'
[1.321s] DEBUG:colcon.colcon_core.event_reactor:joined thread
[1.322s] INFO:colcon.colcon_core.shell:Creating prefix script '/home/yuanluochen/code/guard/guard_ros/install/local_setup.ps1'
[1.323s] INFO:colcon.colcon_core.shell:Creating prefix util module '/home/yuanluochen/code/guard/guard_ros/install/_local_setup_util_ps1.py'
[1.324s] INFO:colcon.colcon_core.shell:Creating prefix chain script '/home/yuanluochen/code/guard/guard_ros/install/setup.ps1'
[1.325s] INFO:colcon.colcon_core.shell:Creating prefix script '/home/yuanluochen/code/guard/guard_ros/install/local_setup.sh'
[1.325s] INFO:colcon.colcon_core.shell:Creating prefix util module '/home/yuanluochen/code/guard/guard_ros/install/_local_setup_util_sh.py'
[1.326s] INFO:colcon.colcon_core.shell:Creating prefix chain script '/home/yuanluochen/code/guard/guard_ros/install/setup.sh'
[1.327s] INFO:colcon.colcon_core.shell:Creating prefix script '/home/yuanluochen/code/guard/guard_ros/install/local_setup.bash'
[1.327s] INFO:colcon.colcon_core.shell:Creating prefix chain script '/home/yuanluochen/code/guard/guard_ros/install/setup.bash'
[1.328s] INFO:colcon.colcon_core.shell:Creating prefix script '/home/yuanluochen/code/guard/guard_ros/install/local_setup.zsh'
[1.329s] INFO:colcon.colcon_core.shell:Creating prefix chain script '/home/yuanluochen/code/guard/guard_ros/install/setup.zsh'
