[0.010s] Invoking command in '/home/yuanluochen/code/guard/guard_ros/build/fast_lio': CMAKE_PREFIX_PATH=/home/yuanluochen/code/guard/guard_ros/install/livox_ros_driver2:/home/yuanluochen/code/guard/guard_ros/install/fast_lio:/opt/ros/humble LD_LIBRARY_PATH=/home/yuanluochen/code/guard/guard_ros/install/livox_ros_driver2/lib:/home/yuanluochen/code/guard/guard_ros/install/fast_lio/lib:/opt/ros/humble/opt/rviz_ogre_vendor/lib:/opt/ros/humble/lib/x86_64-linux-gnu:/opt/ros/humble/lib:/usr/local/lib/ /usr/bin/cmake --build /home/yuanluochen/code/guard/guard_ros/build/fast_lio -- -j16 -l16
[0.058s] [ 11%] Built target fast_lio__cpp
[0.058s] [ 11%] Built target fast_lio__rosidl_generator_c
[0.066s] [ 11%] Built target ament_cmake_python_copy_fast_lio
[0.077s] [ 20%] Built target fast_lio__rosidl_typesupport_c
[0.077s] [ 28%] Built target fast_lio__rosidl_typesupport_fastrtps_c
[0.079s] [ 37%] Built target fast_lio__rosidl_typesupport_introspection_c
[0.080s] [ 45%] Built target fast_lio__rosidl_typesupport_introspection_cpp
[0.081s] [ 54%] Built target fast_lio__rosidl_typesupport_cpp
[0.082s] [ 62%] Built target fast_lio__rosidl_typesupport_fastrtps_cpp
[0.101s] [ 62%] Built target fast_lio
[0.119s] [ 74%] Built target fastlio_mapping
[0.120s] [ 77%] Built target fast_lio__py
[0.139s] [ 82%] Built target fast_lio__rosidl_generator_py
[0.158s] [100%] Built target fast_lio__rosidl_typesupport_introspection_c__pyext
[0.158s] [100%] Built target fast_lio__rosidl_typesupport_c__pyext
[0.158s] [100%] Built target fast_lio__rosidl_typesupport_fastrtps_c__pyext
[0.290s] running egg_info
[0.291s] writing fast_lio.egg-info/PKG-INFO
[0.291s] writing dependency_links to fast_lio.egg-info/dependency_links.txt
[0.291s] writing top-level names to fast_lio.egg-info/top_level.txt
[0.293s] reading manifest file 'fast_lio.egg-info/SOURCES.txt'
[0.293s] writing manifest file 'fast_lio.egg-info/SOURCES.txt'
[0.315s] [100%] Built target ament_cmake_python_build_fast_lio_egg
[0.325s] Invoked command in '/home/yuanluochen/code/guard/guard_ros/build/fast_lio' returned '0': CMAKE_PREFIX_PATH=/home/yuanluochen/code/guard/guard_ros/install/livox_ros_driver2:/home/yuanluochen/code/guard/guard_ros/install/fast_lio:/opt/ros/humble LD_LIBRARY_PATH=/home/yuanluochen/code/guard/guard_ros/install/livox_ros_driver2/lib:/home/yuanluochen/code/guard/guard_ros/install/fast_lio/lib:/opt/ros/humble/opt/rviz_ogre_vendor/lib:/opt/ros/humble/lib/x86_64-linux-gnu:/opt/ros/humble/lib:/usr/local/lib/ /usr/bin/cmake --build /home/yuanluochen/code/guard/guard_ros/build/fast_lio -- -j16 -l16
[0.385s] Invoking command in '/home/yuanluochen/code/guard/guard_ros/build/fast_lio': CMAKE_PREFIX_PATH=/home/yuanluochen/code/guard/guard_ros/install/livox_ros_driver2:/home/yuanluochen/code/guard/guard_ros/install/fast_lio:/opt/ros/humble LD_LIBRARY_PATH=/home/yuanluochen/code/guard/guard_ros/install/livox_ros_driver2/lib:/home/yuanluochen/code/guard/guard_ros/install/fast_lio/lib:/opt/ros/humble/opt/rviz_ogre_vendor/lib:/opt/ros/humble/lib/x86_64-linux-gnu:/opt/ros/humble/lib:/usr/local/lib/ /usr/bin/cmake --install /home/yuanluochen/code/guard/guard_ros/build/fast_lio
[0.392s] -- Install configuration: "Release"
[0.393s] -- Up-to-date: /home/yuanluochen/code/guard/guard_ros/install/fast_lio/share/ament_index/resource_index/rosidl_interfaces/fast_lio
[0.393s] -- Up-to-date: /home/yuanluochen/code/guard/guard_ros/install/fast_lio/include/fast_lio/fast_lio
[0.393s] -- Up-to-date: /home/yuanluochen/code/guard/guard_ros/install/fast_lio/include/fast_lio/fast_lio/msg
[0.393s] -- Up-to-date: /home/yuanluochen/code/guard/guard_ros/install/fast_lio/include/fast_lio/fast_lio/msg/pose6_d.h
[0.393s] -- Up-to-date: /home/yuanluochen/code/guard/guard_ros/install/fast_lio/include/fast_lio/fast_lio/msg/rosidl_generator_c__visibility_control.h
[0.393s] -- Up-to-date: /home/yuanluochen/code/guard/guard_ros/install/fast_lio/include/fast_lio/fast_lio/msg/detail
[0.393s] -- Up-to-date: /home/yuanluochen/code/guard/guard_ros/install/fast_lio/include/fast_lio/fast_lio/msg/detail/pose6_d__functions.c
[0.393s] -- Up-to-date: /home/yuanluochen/code/guard/guard_ros/install/fast_lio/include/fast_lio/fast_lio/msg/detail/pose6_d__struct.h
[0.394s] -- Up-to-date: /home/yuanluochen/code/guard/guard_ros/install/fast_lio/include/fast_lio/fast_lio/msg/detail/pose6_d__type_support.h
[0.394s] -- Up-to-date: /home/yuanluochen/code/guard/guard_ros/install/fast_lio/include/fast_lio/fast_lio/msg/detail/pose6_d__functions.h
[0.394s] -- Up-to-date: /home/yuanluochen/code/guard/guard_ros/install/fast_lio/share/fast_lio/environment/library_path.sh
[0.394s] -- Up-to-date: /home/yuanluochen/code/guard/guard_ros/install/fast_lio/share/fast_lio/environment/library_path.dsv
[0.394s] -- Up-to-date: /home/yuanluochen/code/guard/guard_ros/install/fast_lio/lib/libfast_lio__rosidl_generator_c.so
[0.394s] -- Up-to-date: /home/yuanluochen/code/guard/guard_ros/install/fast_lio/include/fast_lio/fast_lio
[0.394s] -- Up-to-date: /home/yuanluochen/code/guard/guard_ros/install/fast_lio/include/fast_lio/fast_lio/msg
[0.394s] -- Up-to-date: /home/yuanluochen/code/guard/guard_ros/install/fast_lio/include/fast_lio/fast_lio/msg/rosidl_typesupport_fastrtps_c__visibility_control.h
[0.394s] -- Up-to-date: /home/yuanluochen/code/guard/guard_ros/install/fast_lio/include/fast_lio/fast_lio/msg/detail
[0.394s] -- Up-to-date: /home/yuanluochen/code/guard/guard_ros/install/fast_lio/include/fast_lio/fast_lio/msg/detail/pose6_d__rosidl_typesupport_fastrtps_c.h
[0.395s] -- Up-to-date: /home/yuanluochen/code/guard/guard_ros/install/fast_lio/lib/libfast_lio__rosidl_typesupport_fastrtps_c.so
[0.395s] -- Up-to-date: /home/yuanluochen/code/guard/guard_ros/install/fast_lio/include/fast_lio/fast_lio
[0.395s] -- Up-to-date: /home/yuanluochen/code/guard/guard_ros/install/fast_lio/include/fast_lio/fast_lio/msg
[0.395s] -- Up-to-date: /home/yuanluochen/code/guard/guard_ros/install/fast_lio/include/fast_lio/fast_lio/msg/pose6_d.hpp
[0.395s] -- Up-to-date: /home/yuanluochen/code/guard/guard_ros/install/fast_lio/include/fast_lio/fast_lio/msg/detail
[0.395s] -- Up-to-date: /home/yuanluochen/code/guard/guard_ros/install/fast_lio/include/fast_lio/fast_lio/msg/detail/pose6_d__struct.hpp
[0.395s] -- Up-to-date: /home/yuanluochen/code/guard/guard_ros/install/fast_lio/include/fast_lio/fast_lio/msg/detail/pose6_d__builder.hpp
[0.395s] -- Up-to-date: /home/yuanluochen/code/guard/guard_ros/install/fast_lio/include/fast_lio/fast_lio/msg/detail/pose6_d__traits.hpp
[0.395s] -- Up-to-date: /home/yuanluochen/code/guard/guard_ros/install/fast_lio/include/fast_lio/fast_lio
[0.395s] -- Up-to-date: /home/yuanluochen/code/guard/guard_ros/install/fast_lio/include/fast_lio/fast_lio/msg
[0.396s] -- Up-to-date: /home/yuanluochen/code/guard/guard_ros/install/fast_lio/include/fast_lio/fast_lio/msg/rosidl_typesupport_fastrtps_cpp__visibility_control.h
[0.396s] -- Up-to-date: /home/yuanluochen/code/guard/guard_ros/install/fast_lio/include/fast_lio/fast_lio/msg/detail
[0.396s] -- Up-to-date: /home/yuanluochen/code/guard/guard_ros/install/fast_lio/include/fast_lio/fast_lio/msg/detail/pose6_d__rosidl_typesupport_fastrtps_cpp.hpp
[0.396s] -- Up-to-date: /home/yuanluochen/code/guard/guard_ros/install/fast_lio/include/fast_lio/fast_lio/msg/detail/dds_fastrtps
[0.396s] -- Up-to-date: /home/yuanluochen/code/guard/guard_ros/install/fast_lio/lib/libfast_lio__rosidl_typesupport_fastrtps_cpp.so
[0.396s] -- Up-to-date: /home/yuanluochen/code/guard/guard_ros/install/fast_lio/include/fast_lio/fast_lio
[0.396s] -- Up-to-date: /home/yuanluochen/code/guard/guard_ros/install/fast_lio/include/fast_lio/fast_lio/msg
[0.396s] -- Up-to-date: /home/yuanluochen/code/guard/guard_ros/install/fast_lio/include/fast_lio/fast_lio/msg/rosidl_typesupport_introspection_c__visibility_control.h
[0.396s] -- Up-to-date: /home/yuanluochen/code/guard/guard_ros/install/fast_lio/include/fast_lio/fast_lio/msg/detail
[0.396s] -- Up-to-date: /home/yuanluochen/code/guard/guard_ros/install/fast_lio/include/fast_lio/fast_lio/msg/detail/pose6_d__type_support.c
[0.396s] -- Up-to-date: /home/yuanluochen/code/guard/guard_ros/install/fast_lio/include/fast_lio/fast_lio/msg/detail/pose6_d__rosidl_typesupport_introspection_c.h
[0.396s] -- Up-to-date: /home/yuanluochen/code/guard/guard_ros/install/fast_lio/lib/libfast_lio__rosidl_typesupport_introspection_c.so
[0.397s] -- Up-to-date: /home/yuanluochen/code/guard/guard_ros/install/fast_lio/lib/libfast_lio__rosidl_typesupport_c.so
[0.397s] -- Up-to-date: /home/yuanluochen/code/guard/guard_ros/install/fast_lio/include/fast_lio/fast_lio
[0.397s] -- Up-to-date: /home/yuanluochen/code/guard/guard_ros/install/fast_lio/include/fast_lio/fast_lio/msg
[0.397s] -- Up-to-date: /home/yuanluochen/code/guard/guard_ros/install/fast_lio/include/fast_lio/fast_lio/msg/detail
[0.397s] -- Up-to-date: /home/yuanluochen/code/guard/guard_ros/install/fast_lio/include/fast_lio/fast_lio/msg/detail/pose6_d__rosidl_typesupport_introspection_cpp.hpp
[0.397s] -- Up-to-date: /home/yuanluochen/code/guard/guard_ros/install/fast_lio/include/fast_lio/fast_lio/msg/detail/pose6_d__type_support.cpp
[0.397s] -- Up-to-date: /home/yuanluochen/code/guard/guard_ros/install/fast_lio/lib/libfast_lio__rosidl_typesupport_introspection_cpp.so
[0.397s] -- Up-to-date: /home/yuanluochen/code/guard/guard_ros/install/fast_lio/lib/libfast_lio__rosidl_typesupport_cpp.so
[0.397s] -- Up-to-date: /home/yuanluochen/code/guard/guard_ros/install/fast_lio/share/fast_lio/environment/pythonpath.sh
[0.397s] -- Up-to-date: /home/yuanluochen/code/guard/guard_ros/install/fast_lio/share/fast_lio/environment/pythonpath.dsv
[0.397s] -- Up-to-date: /home/yuanluochen/code/guard/guard_ros/install/fast_lio/local/lib/python3.10/dist-packages/fast_lio-0.0.0-py3.10.egg-info
[0.397s] -- Installing: /home/yuanluochen/code/guard/guard_ros/install/fast_lio/local/lib/python3.10/dist-packages/fast_lio-0.0.0-py3.10.egg-info/PKG-INFO
[0.398s] -- Installing: /home/yuanluochen/code/guard/guard_ros/install/fast_lio/local/lib/python3.10/dist-packages/fast_lio-0.0.0-py3.10.egg-info/top_level.txt
[0.398s] -- Installing: /home/yuanluochen/code/guard/guard_ros/install/fast_lio/local/lib/python3.10/dist-packages/fast_lio-0.0.0-py3.10.egg-info/SOURCES.txt
[0.398s] -- Installing: /home/yuanluochen/code/guard/guard_ros/install/fast_lio/local/lib/python3.10/dist-packages/fast_lio-0.0.0-py3.10.egg-info/dependency_links.txt
[0.398s] -- Up-to-date: /home/yuanluochen/code/guard/guard_ros/install/fast_lio/local/lib/python3.10/dist-packages/fast_lio
[0.398s] -- Up-to-date: /home/yuanluochen/code/guard/guard_ros/install/fast_lio/local/lib/python3.10/dist-packages/fast_lio/fast_lio_s__rosidl_typesupport_introspection_c.cpython-310-x86_64-linux-gnu.so
[0.398s] -- Up-to-date: /home/yuanluochen/code/guard/guard_ros/install/fast_lio/local/lib/python3.10/dist-packages/fast_lio/__init__.py
[0.398s] -- Up-to-date: /home/yuanluochen/code/guard/guard_ros/install/fast_lio/local/lib/python3.10/dist-packages/fast_lio/msg
[0.398s] -- Up-to-date: /home/yuanluochen/code/guard/guard_ros/install/fast_lio/local/lib/python3.10/dist-packages/fast_lio/msg/_pose6_d.py
[0.398s] -- Up-to-date: /home/yuanluochen/code/guard/guard_ros/install/fast_lio/local/lib/python3.10/dist-packages/fast_lio/msg/__init__.py
[0.398s] -- Up-to-date: /home/yuanluochen/code/guard/guard_ros/install/fast_lio/local/lib/python3.10/dist-packages/fast_lio/msg/_pose6_d_s.c
[0.398s] -- Up-to-date: /home/yuanluochen/code/guard/guard_ros/install/fast_lio/local/lib/python3.10/dist-packages/fast_lio/_fast_lio_s.ep.rosidl_typesupport_c.c
[0.398s] -- Up-to-date: /home/yuanluochen/code/guard/guard_ros/install/fast_lio/local/lib/python3.10/dist-packages/fast_lio/_fast_lio_s.ep.rosidl_typesupport_introspection_c.c
[0.399s] -- Up-to-date: /home/yuanluochen/code/guard/guard_ros/install/fast_lio/local/lib/python3.10/dist-packages/fast_lio/fast_lio_s__rosidl_typesupport_fastrtps_c.cpython-310-x86_64-linux-gnu.so
[0.399s] -- Up-to-date: /home/yuanluochen/code/guard/guard_ros/install/fast_lio/local/lib/python3.10/dist-packages/fast_lio/libfast_lio__rosidl_generator_py.so
[0.399s] -- Up-to-date: /home/yuanluochen/code/guard/guard_ros/install/fast_lio/local/lib/python3.10/dist-packages/fast_lio/fast_lio_s__rosidl_typesupport_c.cpython-310-x86_64-linux-gnu.so
[0.399s] -- Up-to-date: /home/yuanluochen/code/guard/guard_ros/install/fast_lio/local/lib/python3.10/dist-packages/fast_lio/_fast_lio_s.ep.rosidl_typesupport_fastrtps_c.c
[0.422s] Listing '/home/yuanluochen/code/guard/guard_ros/install/fast_lio/local/lib/python3.10/dist-packages/fast_lio'...
[0.422s] Listing '/home/yuanluochen/code/guard/guard_ros/install/fast_lio/local/lib/python3.10/dist-packages/fast_lio/msg'...
[0.426s] -- Up-to-date: /home/yuanluochen/code/guard/guard_ros/install/fast_lio/local/lib/python3.10/dist-packages/fast_lio/fast_lio_s__rosidl_typesupport_fastrtps_c.cpython-310-x86_64-linux-gnu.so
[0.426s] -- Up-to-date: /home/yuanluochen/code/guard/guard_ros/install/fast_lio/local/lib/python3.10/dist-packages/fast_lio/fast_lio_s__rosidl_typesupport_introspection_c.cpython-310-x86_64-linux-gnu.so
[0.426s] -- Up-to-date: /home/yuanluochen/code/guard/guard_ros/install/fast_lio/local/lib/python3.10/dist-packages/fast_lio/fast_lio_s__rosidl_typesupport_c.cpython-310-x86_64-linux-gnu.so
[0.426s] -- Up-to-date: /home/yuanluochen/code/guard/guard_ros/install/fast_lio/lib/libfast_lio__rosidl_generator_py.so
[0.426s] -- Up-to-date: /home/yuanluochen/code/guard/guard_ros/install/fast_lio/share/fast_lio/msg/Pose6D.idl
[0.426s] -- Up-to-date: /home/yuanluochen/code/guard/guard_ros/install/fast_lio/share/fast_lio/msg/Pose6D.msg
[0.426s] -- Up-to-date: /home/yuanluochen/code/guard/guard_ros/install/fast_lio/lib/fast_lio/fastlio_mapping
[0.426s] -- Up-to-date: /home/yuanluochen/code/guard/guard_ros/install/fast_lio/share/fast_lio/config
[0.427s] -- Up-to-date: /home/yuanluochen/code/guard/guard_ros/install/fast_lio/share/fast_lio/config/velodyne.yaml
[0.427s] -- Up-to-date: /home/yuanluochen/code/guard/guard_ros/install/fast_lio/share/fast_lio/config/mid360.yaml
[0.427s] -- Up-to-date: /home/yuanluochen/code/guard/guard_ros/install/fast_lio/share/fast_lio/config/horizon.yaml
[0.427s] -- Up-to-date: /home/yuanluochen/code/guard/guard_ros/install/fast_lio/share/fast_lio/config/avia.yaml
[0.427s] -- Up-to-date: /home/yuanluochen/code/guard/guard_ros/install/fast_lio/share/fast_lio/config/ouster64.yaml
[0.427s] -- Up-to-date: /home/yuanluochen/code/guard/guard_ros/install/fast_lio/share/fast_lio/launch
[0.427s] -- Up-to-date: /home/yuanluochen/code/guard/guard_ros/install/fast_lio/share/fast_lio/launch/mapping_velodyne.launch
[0.427s] -- Up-to-date: /home/yuanluochen/code/guard/guard_ros/install/fast_lio/share/fast_lio/launch/mapping_avia.launch
[0.427s] -- Up-to-date: /home/yuanluochen/code/guard/guard_ros/install/fast_lio/share/fast_lio/launch/mapping.launch.py
[0.428s] -- Up-to-date: /home/yuanluochen/code/guard/guard_ros/install/fast_lio/share/fast_lio/launch/mapping_ouster64.launch
[0.428s] -- Up-to-date: /home/yuanluochen/code/guard/guard_ros/install/fast_lio/share/fast_lio/launch/gdb_debug_example.launch
[0.428s] -- Up-to-date: /home/yuanluochen/code/guard/guard_ros/install/fast_lio/share/fast_lio/launch/mapping_horizon.launch
[0.428s] -- Up-to-date: /home/yuanluochen/code/guard/guard_ros/install/fast_lio/share/fast_lio/rviz
[0.428s] -- Up-to-date: /home/yuanluochen/code/guard/guard_ros/install/fast_lio/share/fast_lio/rviz/fastlio.rviz
[0.428s] -- Up-to-date: /home/yuanluochen/code/guard/guard_ros/install/fast_lio/share/ament_index/resource_index/package_run_dependencies/fast_lio
[0.428s] -- Up-to-date: /home/yuanluochen/code/guard/guard_ros/install/fast_lio/share/ament_index/resource_index/parent_prefix_path/fast_lio
[0.428s] -- Up-to-date: /home/yuanluochen/code/guard/guard_ros/install/fast_lio/share/fast_lio/environment/ament_prefix_path.sh
[0.428s] -- Up-to-date: /home/yuanluochen/code/guard/guard_ros/install/fast_lio/share/fast_lio/environment/ament_prefix_path.dsv
[0.428s] -- Up-to-date: /home/yuanluochen/code/guard/guard_ros/install/fast_lio/share/fast_lio/environment/path.sh
[0.428s] -- Up-to-date: /home/yuanluochen/code/guard/guard_ros/install/fast_lio/share/fast_lio/environment/path.dsv
[0.429s] -- Up-to-date: /home/yuanluochen/code/guard/guard_ros/install/fast_lio/share/fast_lio/local_setup.bash
[0.429s] -- Up-to-date: /home/yuanluochen/code/guard/guard_ros/install/fast_lio/share/fast_lio/local_setup.sh
[0.429s] -- Up-to-date: /home/yuanluochen/code/guard/guard_ros/install/fast_lio/share/fast_lio/local_setup.zsh
[0.429s] -- Up-to-date: /home/yuanluochen/code/guard/guard_ros/install/fast_lio/share/fast_lio/local_setup.dsv
[0.429s] -- Up-to-date: /home/yuanluochen/code/guard/guard_ros/install/fast_lio/share/fast_lio/package.dsv
[0.429s] -- Up-to-date: /home/yuanluochen/code/guard/guard_ros/install/fast_lio/share/ament_index/resource_index/packages/fast_lio
[0.429s] -- Up-to-date: /home/yuanluochen/code/guard/guard_ros/install/fast_lio/share/fast_lio/cmake/export_fast_lio__rosidl_generator_cExport.cmake
[0.429s] -- Up-to-date: /home/yuanluochen/code/guard/guard_ros/install/fast_lio/share/fast_lio/cmake/export_fast_lio__rosidl_generator_cExport-release.cmake
[0.429s] -- Up-to-date: /home/yuanluochen/code/guard/guard_ros/install/fast_lio/share/fast_lio/cmake/export_fast_lio__rosidl_typesupport_fastrtps_cExport.cmake
[0.429s] -- Up-to-date: /home/yuanluochen/code/guard/guard_ros/install/fast_lio/share/fast_lio/cmake/export_fast_lio__rosidl_typesupport_fastrtps_cExport-release.cmake
[0.429s] -- Up-to-date: /home/yuanluochen/code/guard/guard_ros/install/fast_lio/share/fast_lio/cmake/export_fast_lio__rosidl_generator_cppExport.cmake
[0.430s] -- Up-to-date: /home/yuanluochen/code/guard/guard_ros/install/fast_lio/share/fast_lio/cmake/export_fast_lio__rosidl_typesupport_fastrtps_cppExport.cmake
[0.430s] -- Up-to-date: /home/yuanluochen/code/guard/guard_ros/install/fast_lio/share/fast_lio/cmake/export_fast_lio__rosidl_typesupport_fastrtps_cppExport-release.cmake
[0.433s] -- Up-to-date: /home/yuanluochen/code/guard/guard_ros/install/fast_lio/share/fast_lio/cmake/fast_lio__rosidl_typesupport_introspection_cExport.cmake
[0.433s] -- Up-to-date: /home/yuanluochen/code/guard/guard_ros/install/fast_lio/share/fast_lio/cmake/fast_lio__rosidl_typesupport_introspection_cExport-release.cmake
[0.433s] -- Up-to-date: /home/yuanluochen/code/guard/guard_ros/install/fast_lio/share/fast_lio/cmake/fast_lio__rosidl_typesupport_cExport.cmake
[0.434s] -- Up-to-date: /home/yuanluochen/code/guard/guard_ros/install/fast_lio/share/fast_lio/cmake/fast_lio__rosidl_typesupport_cExport-release.cmake
[0.434s] -- Up-to-date: /home/yuanluochen/code/guard/guard_ros/install/fast_lio/share/fast_lio/cmake/fast_lio__rosidl_typesupport_introspection_cppExport.cmake
[0.434s] -- Up-to-date: /home/yuanluochen/code/guard/guard_ros/install/fast_lio/share/fast_lio/cmake/fast_lio__rosidl_typesupport_introspection_cppExport-release.cmake
[0.434s] -- Up-to-date: /home/yuanluochen/code/guard/guard_ros/install/fast_lio/share/fast_lio/cmake/fast_lio__rosidl_typesupport_cppExport.cmake
[0.434s] -- Up-to-date: /home/yuanluochen/code/guard/guard_ros/install/fast_lio/share/fast_lio/cmake/fast_lio__rosidl_typesupport_cppExport-release.cmake
[0.434s] -- Up-to-date: /home/yuanluochen/code/guard/guard_ros/install/fast_lio/share/fast_lio/cmake/export_fast_lio__rosidl_generator_pyExport.cmake
[0.435s] -- Up-to-date: /home/yuanluochen/code/guard/guard_ros/install/fast_lio/share/fast_lio/cmake/export_fast_lio__rosidl_generator_pyExport-release.cmake
[0.435s] -- Up-to-date: /home/yuanluochen/code/guard/guard_ros/install/fast_lio/share/fast_lio/cmake/rosidl_cmake-extras.cmake
[0.435s] -- Up-to-date: /home/yuanluochen/code/guard/guard_ros/install/fast_lio/share/fast_lio/cmake/ament_cmake_export_include_directories-extras.cmake
[0.435s] -- Up-to-date: /home/yuanluochen/code/guard/guard_ros/install/fast_lio/share/fast_lio/cmake/ament_cmake_export_libraries-extras.cmake
[0.435s] -- Up-to-date: /home/yuanluochen/code/guard/guard_ros/install/fast_lio/share/fast_lio/cmake/ament_cmake_export_targets-extras.cmake
[0.435s] -- Up-to-date: /home/yuanluochen/code/guard/guard_ros/install/fast_lio/share/fast_lio/cmake/rosidl_cmake_export_typesupport_targets-extras.cmake
[0.435s] -- Up-to-date: /home/yuanluochen/code/guard/guard_ros/install/fast_lio/share/fast_lio/cmake/ament_cmake_export_dependencies-extras.cmake
[0.436s] -- Up-to-date: /home/yuanluochen/code/guard/guard_ros/install/fast_lio/share/fast_lio/cmake/rosidl_cmake_export_typesupport_libraries-extras.cmake
[0.436s] -- Up-to-date: /home/yuanluochen/code/guard/guard_ros/install/fast_lio/share/fast_lio/cmake/fast_lioConfig.cmake
[0.436s] -- Up-to-date: /home/yuanluochen/code/guard/guard_ros/install/fast_lio/share/fast_lio/cmake/fast_lioConfig-version.cmake
[0.436s] -- Up-to-date: /home/yuanluochen/code/guard/guard_ros/install/fast_lio/share/fast_lio/package.xml
[0.436s] Invoked command in '/home/yuanluochen/code/guard/guard_ros/build/fast_lio' returned '0': CMAKE_PREFIX_PATH=/home/yuanluochen/code/guard/guard_ros/install/livox_ros_driver2:/home/yuanluochen/code/guard/guard_ros/install/fast_lio:/opt/ros/humble LD_LIBRARY_PATH=/home/yuanluochen/code/guard/guard_ros/install/livox_ros_driver2/lib:/home/yuanluochen/code/guard/guard_ros/install/fast_lio/lib:/opt/ros/humble/opt/rviz_ogre_vendor/lib:/opt/ros/humble/lib/x86_64-linux-gnu:/opt/ros/humble/lib:/usr/local/lib/ /usr/bin/cmake --install /home/yuanluochen/code/guard/guard_ros/build/fast_lio
