[0.012s] Invoking command in '/home/yuanluochen/code/guard/guard_ros/build/livox_ros_driver2': CMAKE_PREFIX_PATH=${CMAKE_PREFIX_PATH}:/opt/ros/humble /usr/bin/cmake --build /home/yuanluochen/code/guard/guard_ros/build/livox_ros_driver2 -- -j16 -l16
[0.048s] [  1%] Built target livox_interfaces2__cpp
[0.049s] [  8%] Built target livox_interfaces2__rosidl_generator_c
[0.051s] [ 12%] Built target livox_ros_driver2_node
[0.054s] [ 12%] Built target ament_cmake_python_copy_livox_ros_driver2
[0.064s] [ 19%] Built target livox_interfaces2__rosidl_typesupport_fastrtps_cpp
[0.064s] [ 26%] Built target livox_interfaces2__rosidl_typesupport_cpp
[0.064s] [ 33%] Built target livox_interfaces2__rosidl_typesupport_c
[0.065s] [ 40%] Built target livox_interfaces2__rosidl_typesupport_fastrtps_c
[0.065s] [ 47%] Built target livox_interfaces2__rosidl_typesupport_introspection_c
[0.065s] [ 54%] Built target livox_interfaces2__rosidl_typesupport_introspection_cpp
[0.081s] [ 54%] Built target livox_interfaces2
[0.096s] [ 56%] Built target livox_interfaces2__py
[0.098s] [ 84%] Built target livox_ros_driver2
[0.111s] [ 89%] Built target livox_interfaces2__rosidl_generator_py
[0.126s] [ 96%] Built target livox_ros_driver2__rosidl_typesupport_fastrtps_c__pyext
[0.126s] [ 98%] Built target livox_ros_driver2__rosidl_typesupport_introspection_c__pyext
[0.126s] [100%] Built target livox_ros_driver2__rosidl_typesupport_c__pyext
[0.242s] running egg_info
[0.242s] writing livox_ros_driver2.egg-info/PKG-INFO
[0.243s] writing dependency_links to livox_ros_driver2.egg-info/dependency_links.txt
[0.243s] writing top-level names to livox_ros_driver2.egg-info/top_level.txt
[0.244s] reading manifest file 'livox_ros_driver2.egg-info/SOURCES.txt'
[0.245s] writing manifest file 'livox_ros_driver2.egg-info/SOURCES.txt'
[0.263s] [100%] Built target ament_cmake_python_build_livox_ros_driver2_egg
[0.272s] Invoked command in '/home/yuanluochen/code/guard/guard_ros/build/livox_ros_driver2' returned '0': CMAKE_PREFIX_PATH=${CMAKE_PREFIX_PATH}:/opt/ros/humble /usr/bin/cmake --build /home/yuanluochen/code/guard/guard_ros/build/livox_ros_driver2 -- -j16 -l16
[0.371s] Invoking command in '/home/yuanluochen/code/guard/guard_ros/build/livox_ros_driver2': CMAKE_PREFIX_PATH=${CMAKE_PREFIX_PATH}:/opt/ros/humble /usr/bin/cmake --install /home/yuanluochen/code/guard/guard_ros/build/livox_ros_driver2
[0.377s] -- Install configuration: ""
[0.377s] -- Up-to-date: /home/yuanluochen/code/guard/guard_ros/install/livox_ros_driver2/share/ament_index/resource_index/rosidl_interfaces/livox_ros_driver2
[0.377s] -- Up-to-date: /home/yuanluochen/code/guard/guard_ros/install/livox_ros_driver2/include/livox_ros_driver2/livox_ros_driver2
[0.377s] -- Up-to-date: /home/yuanluochen/code/guard/guard_ros/install/livox_ros_driver2/include/livox_ros_driver2/livox_ros_driver2/msg
[0.377s] -- Up-to-date: /home/yuanluochen/code/guard/guard_ros/install/livox_ros_driver2/include/livox_ros_driver2/livox_ros_driver2/msg/custom_point.h
[0.377s] -- Up-to-date: /home/yuanluochen/code/guard/guard_ros/install/livox_ros_driver2/include/livox_ros_driver2/livox_ros_driver2/msg/custom_msg.h
[0.377s] -- Up-to-date: /home/yuanluochen/code/guard/guard_ros/install/livox_ros_driver2/include/livox_ros_driver2/livox_ros_driver2/msg/rosidl_generator_c__visibility_control.h
[0.377s] -- Up-to-date: /home/yuanluochen/code/guard/guard_ros/install/livox_ros_driver2/include/livox_ros_driver2/livox_ros_driver2/msg/detail
[0.377s] -- Up-to-date: /home/yuanluochen/code/guard/guard_ros/install/livox_ros_driver2/include/livox_ros_driver2/livox_ros_driver2/msg/detail/custom_msg__functions.h
[0.377s] -- Up-to-date: /home/yuanluochen/code/guard/guard_ros/install/livox_ros_driver2/include/livox_ros_driver2/livox_ros_driver2/msg/detail/custom_msg__functions.c
[0.377s] -- Up-to-date: /home/yuanluochen/code/guard/guard_ros/install/livox_ros_driver2/include/livox_ros_driver2/livox_ros_driver2/msg/detail/custom_point__functions.c
[0.377s] -- Up-to-date: /home/yuanluochen/code/guard/guard_ros/install/livox_ros_driver2/include/livox_ros_driver2/livox_ros_driver2/msg/detail/custom_msg__type_support.h
[0.377s] -- Up-to-date: /home/yuanluochen/code/guard/guard_ros/install/livox_ros_driver2/include/livox_ros_driver2/livox_ros_driver2/msg/detail/custom_msg__struct.h
[0.377s] -- Up-to-date: /home/yuanluochen/code/guard/guard_ros/install/livox_ros_driver2/include/livox_ros_driver2/livox_ros_driver2/msg/detail/custom_point__struct.h
[0.377s] -- Up-to-date: /home/yuanluochen/code/guard/guard_ros/install/livox_ros_driver2/include/livox_ros_driver2/livox_ros_driver2/msg/detail/custom_point__functions.h
[0.378s] -- Up-to-date: /home/yuanluochen/code/guard/guard_ros/install/livox_ros_driver2/include/livox_ros_driver2/livox_ros_driver2/msg/detail/custom_point__type_support.h
[0.378s] -- Up-to-date: /home/yuanluochen/code/guard/guard_ros/install/livox_ros_driver2/share/livox_ros_driver2/environment/library_path.sh
[0.378s] -- Up-to-date: /home/yuanluochen/code/guard/guard_ros/install/livox_ros_driver2/share/livox_ros_driver2/environment/library_path.dsv
[0.378s] -- Up-to-date: /home/yuanluochen/code/guard/guard_ros/install/livox_ros_driver2/lib/liblivox_ros_driver2__rosidl_generator_c.so
[0.378s] -- Up-to-date: /home/yuanluochen/code/guard/guard_ros/install/livox_ros_driver2/include/livox_ros_driver2/livox_ros_driver2
[0.378s] -- Up-to-date: /home/yuanluochen/code/guard/guard_ros/install/livox_ros_driver2/include/livox_ros_driver2/livox_ros_driver2/msg
[0.378s] -- Up-to-date: /home/yuanluochen/code/guard/guard_ros/install/livox_ros_driver2/include/livox_ros_driver2/livox_ros_driver2/msg/rosidl_typesupport_fastrtps_c__visibility_control.h
[0.378s] -- Up-to-date: /home/yuanluochen/code/guard/guard_ros/install/livox_ros_driver2/include/livox_ros_driver2/livox_ros_driver2/msg/detail
[0.378s] -- Up-to-date: /home/yuanluochen/code/guard/guard_ros/install/livox_ros_driver2/include/livox_ros_driver2/livox_ros_driver2/msg/detail/custom_msg__rosidl_typesupport_fastrtps_c.h
[0.378s] -- Up-to-date: /home/yuanluochen/code/guard/guard_ros/install/livox_ros_driver2/include/livox_ros_driver2/livox_ros_driver2/msg/detail/custom_point__rosidl_typesupport_fastrtps_c.h
[0.378s] -- Up-to-date: /home/yuanluochen/code/guard/guard_ros/install/livox_ros_driver2/lib/liblivox_ros_driver2__rosidl_typesupport_fastrtps_c.so
[0.378s] -- Up-to-date: /home/yuanluochen/code/guard/guard_ros/install/livox_ros_driver2/include/livox_ros_driver2/livox_ros_driver2
[0.378s] -- Up-to-date: /home/yuanluochen/code/guard/guard_ros/install/livox_ros_driver2/include/livox_ros_driver2/livox_ros_driver2/msg
[0.378s] -- Up-to-date: /home/yuanluochen/code/guard/guard_ros/install/livox_ros_driver2/include/livox_ros_driver2/livox_ros_driver2/msg/rosidl_typesupport_introspection_c__visibility_control.h
[0.378s] -- Up-to-date: /home/yuanluochen/code/guard/guard_ros/install/livox_ros_driver2/include/livox_ros_driver2/livox_ros_driver2/msg/detail
[0.378s] -- Up-to-date: /home/yuanluochen/code/guard/guard_ros/install/livox_ros_driver2/include/livox_ros_driver2/livox_ros_driver2/msg/detail/custom_msg__rosidl_typesupport_introspection_c.h
[0.378s] -- Up-to-date: /home/yuanluochen/code/guard/guard_ros/install/livox_ros_driver2/include/livox_ros_driver2/livox_ros_driver2/msg/detail/custom_point__rosidl_typesupport_introspection_c.h
[0.378s] -- Up-to-date: /home/yuanluochen/code/guard/guard_ros/install/livox_ros_driver2/include/livox_ros_driver2/livox_ros_driver2/msg/detail/custom_point__type_support.c
[0.378s] -- Up-to-date: /home/yuanluochen/code/guard/guard_ros/install/livox_ros_driver2/include/livox_ros_driver2/livox_ros_driver2/msg/detail/custom_msg__type_support.c
[0.379s] -- Up-to-date: /home/yuanluochen/code/guard/guard_ros/install/livox_ros_driver2/lib/liblivox_ros_driver2__rosidl_typesupport_introspection_c.so
[0.379s] -- Up-to-date: /home/yuanluochen/code/guard/guard_ros/install/livox_ros_driver2/lib/liblivox_ros_driver2__rosidl_typesupport_c.so
[0.379s] -- Up-to-date: /home/yuanluochen/code/guard/guard_ros/install/livox_ros_driver2/include/livox_ros_driver2/livox_ros_driver2
[0.379s] -- Up-to-date: /home/yuanluochen/code/guard/guard_ros/install/livox_ros_driver2/include/livox_ros_driver2/livox_ros_driver2/msg
[0.379s] -- Up-to-date: /home/yuanluochen/code/guard/guard_ros/install/livox_ros_driver2/include/livox_ros_driver2/livox_ros_driver2/msg/custom_point.hpp
[0.379s] -- Up-to-date: /home/yuanluochen/code/guard/guard_ros/install/livox_ros_driver2/include/livox_ros_driver2/livox_ros_driver2/msg/custom_msg.hpp
[0.379s] -- Up-to-date: /home/yuanluochen/code/guard/guard_ros/install/livox_ros_driver2/include/livox_ros_driver2/livox_ros_driver2/msg/detail
[0.379s] -- Up-to-date: /home/yuanluochen/code/guard/guard_ros/install/livox_ros_driver2/include/livox_ros_driver2/livox_ros_driver2/msg/detail/custom_msg__builder.hpp
[0.379s] -- Up-to-date: /home/yuanluochen/code/guard/guard_ros/install/livox_ros_driver2/include/livox_ros_driver2/livox_ros_driver2/msg/detail/custom_point__builder.hpp
[0.379s] -- Up-to-date: /home/yuanluochen/code/guard/guard_ros/install/livox_ros_driver2/include/livox_ros_driver2/livox_ros_driver2/msg/detail/custom_point__struct.hpp
[0.379s] -- Up-to-date: /home/yuanluochen/code/guard/guard_ros/install/livox_ros_driver2/include/livox_ros_driver2/livox_ros_driver2/msg/detail/custom_point__traits.hpp
[0.379s] -- Up-to-date: /home/yuanluochen/code/guard/guard_ros/install/livox_ros_driver2/include/livox_ros_driver2/livox_ros_driver2/msg/detail/custom_msg__struct.hpp
[0.379s] -- Up-to-date: /home/yuanluochen/code/guard/guard_ros/install/livox_ros_driver2/include/livox_ros_driver2/livox_ros_driver2/msg/detail/custom_msg__traits.hpp
[0.379s] -- Up-to-date: /home/yuanluochen/code/guard/guard_ros/install/livox_ros_driver2/include/livox_ros_driver2/livox_ros_driver2
[0.379s] -- Up-to-date: /home/yuanluochen/code/guard/guard_ros/install/livox_ros_driver2/include/livox_ros_driver2/livox_ros_driver2/msg
[0.379s] -- Up-to-date: /home/yuanluochen/code/guard/guard_ros/install/livox_ros_driver2/include/livox_ros_driver2/livox_ros_driver2/msg/rosidl_typesupport_fastrtps_cpp__visibility_control.h
[0.379s] -- Up-to-date: /home/yuanluochen/code/guard/guard_ros/install/livox_ros_driver2/include/livox_ros_driver2/livox_ros_driver2/msg/detail
[0.379s] -- Up-to-date: /home/yuanluochen/code/guard/guard_ros/install/livox_ros_driver2/include/livox_ros_driver2/livox_ros_driver2/msg/detail/custom_msg__rosidl_typesupport_fastrtps_cpp.hpp
[0.379s] -- Up-to-date: /home/yuanluochen/code/guard/guard_ros/install/livox_ros_driver2/include/livox_ros_driver2/livox_ros_driver2/msg/detail/custom_point__rosidl_typesupport_fastrtps_cpp.hpp
[0.380s] -- Up-to-date: /home/yuanluochen/code/guard/guard_ros/install/livox_ros_driver2/include/livox_ros_driver2/livox_ros_driver2/msg/detail/dds_fastrtps
[0.380s] -- Up-to-date: /home/yuanluochen/code/guard/guard_ros/install/livox_ros_driver2/lib/liblivox_ros_driver2__rosidl_typesupport_fastrtps_cpp.so
[0.380s] -- Up-to-date: /home/yuanluochen/code/guard/guard_ros/install/livox_ros_driver2/include/livox_ros_driver2/livox_ros_driver2
[0.380s] -- Up-to-date: /home/yuanluochen/code/guard/guard_ros/install/livox_ros_driver2/include/livox_ros_driver2/livox_ros_driver2/msg
[0.380s] -- Up-to-date: /home/yuanluochen/code/guard/guard_ros/install/livox_ros_driver2/include/livox_ros_driver2/livox_ros_driver2/msg/detail
[0.380s] -- Up-to-date: /home/yuanluochen/code/guard/guard_ros/install/livox_ros_driver2/include/livox_ros_driver2/livox_ros_driver2/msg/detail/custom_msg__type_support.cpp
[0.380s] -- Up-to-date: /home/yuanluochen/code/guard/guard_ros/install/livox_ros_driver2/include/livox_ros_driver2/livox_ros_driver2/msg/detail/custom_point__type_support.cpp
[0.380s] -- Up-to-date: /home/yuanluochen/code/guard/guard_ros/install/livox_ros_driver2/include/livox_ros_driver2/livox_ros_driver2/msg/detail/custom_point__rosidl_typesupport_introspection_cpp.hpp
[0.380s] -- Up-to-date: /home/yuanluochen/code/guard/guard_ros/install/livox_ros_driver2/include/livox_ros_driver2/livox_ros_driver2/msg/detail/custom_msg__rosidl_typesupport_introspection_cpp.hpp
[0.380s] -- Up-to-date: /home/yuanluochen/code/guard/guard_ros/install/livox_ros_driver2/lib/liblivox_ros_driver2__rosidl_typesupport_introspection_cpp.so
[0.380s] -- Up-to-date: /home/yuanluochen/code/guard/guard_ros/install/livox_ros_driver2/lib/liblivox_ros_driver2__rosidl_typesupport_cpp.so
[0.380s] -- Up-to-date: /home/yuanluochen/code/guard/guard_ros/install/livox_ros_driver2/share/livox_ros_driver2/environment/pythonpath.sh
[0.380s] -- Up-to-date: /home/yuanluochen/code/guard/guard_ros/install/livox_ros_driver2/share/livox_ros_driver2/environment/pythonpath.dsv
[0.380s] -- Up-to-date: /home/yuanluochen/code/guard/guard_ros/install/livox_ros_driver2/local/lib/python3.10/dist-packages/livox_ros_driver2-1.0.0-py3.10.egg-info
[0.380s] -- Installing: /home/yuanluochen/code/guard/guard_ros/install/livox_ros_driver2/local/lib/python3.10/dist-packages/livox_ros_driver2-1.0.0-py3.10.egg-info/PKG-INFO
[0.380s] -- Installing: /home/yuanluochen/code/guard/guard_ros/install/livox_ros_driver2/local/lib/python3.10/dist-packages/livox_ros_driver2-1.0.0-py3.10.egg-info/top_level.txt
[0.380s] -- Installing: /home/yuanluochen/code/guard/guard_ros/install/livox_ros_driver2/local/lib/python3.10/dist-packages/livox_ros_driver2-1.0.0-py3.10.egg-info/SOURCES.txt
[0.380s] -- Installing: /home/yuanluochen/code/guard/guard_ros/install/livox_ros_driver2/local/lib/python3.10/dist-packages/livox_ros_driver2-1.0.0-py3.10.egg-info/dependency_links.txt
[0.380s] -- Up-to-date: /home/yuanluochen/code/guard/guard_ros/install/livox_ros_driver2/local/lib/python3.10/dist-packages/livox_ros_driver2
[0.380s] -- Up-to-date: /home/yuanluochen/code/guard/guard_ros/install/livox_ros_driver2/local/lib/python3.10/dist-packages/livox_ros_driver2/livox_ros_driver2_s__rosidl_typesupport_fastrtps_c.cpython-310-x86_64-linux-gnu.so
[0.381s] -- Up-to-date: /home/yuanluochen/code/guard/guard_ros/install/livox_ros_driver2/local/lib/python3.10/dist-packages/livox_ros_driver2/_livox_ros_driver2_s.ep.rosidl_typesupport_fastrtps_c.c
[0.381s] -- Up-to-date: /home/yuanluochen/code/guard/guard_ros/install/livox_ros_driver2/local/lib/python3.10/dist-packages/livox_ros_driver2/livox_ros_driver2_s__rosidl_typesupport_c.cpython-310-x86_64-linux-gnu.so
[0.381s] -- Up-to-date: /home/yuanluochen/code/guard/guard_ros/install/livox_ros_driver2/local/lib/python3.10/dist-packages/livox_ros_driver2/_livox_ros_driver2_s.ep.rosidl_typesupport_introspection_c.c
[0.381s] -- Up-to-date: /home/yuanluochen/code/guard/guard_ros/install/livox_ros_driver2/local/lib/python3.10/dist-packages/livox_ros_driver2/liblivox_interfaces2__rosidl_generator_py.so
[0.381s] -- Up-to-date: /home/yuanluochen/code/guard/guard_ros/install/livox_ros_driver2/local/lib/python3.10/dist-packages/livox_ros_driver2/__init__.py
[0.381s] -- Up-to-date: /home/yuanluochen/code/guard/guard_ros/install/livox_ros_driver2/local/lib/python3.10/dist-packages/livox_ros_driver2/msg
[0.381s] -- Up-to-date: /home/yuanluochen/code/guard/guard_ros/install/livox_ros_driver2/local/lib/python3.10/dist-packages/livox_ros_driver2/msg/_custom_msg.py
[0.381s] -- Up-to-date: /home/yuanluochen/code/guard/guard_ros/install/livox_ros_driver2/local/lib/python3.10/dist-packages/livox_ros_driver2/msg/_custom_point.py
[0.381s] -- Up-to-date: /home/yuanluochen/code/guard/guard_ros/install/livox_ros_driver2/local/lib/python3.10/dist-packages/livox_ros_driver2/msg/__init__.py
[0.381s] -- Up-to-date: /home/yuanluochen/code/guard/guard_ros/install/livox_ros_driver2/local/lib/python3.10/dist-packages/livox_ros_driver2/msg/_custom_point_s.c
[0.381s] -- Up-to-date: /home/yuanluochen/code/guard/guard_ros/install/livox_ros_driver2/local/lib/python3.10/dist-packages/livox_ros_driver2/msg/_custom_msg_s.c
[0.381s] -- Up-to-date: /home/yuanluochen/code/guard/guard_ros/install/livox_ros_driver2/local/lib/python3.10/dist-packages/livox_ros_driver2/livox_ros_driver2_s__rosidl_typesupport_introspection_c.cpython-310-x86_64-linux-gnu.so
[0.381s] -- Up-to-date: /home/yuanluochen/code/guard/guard_ros/install/livox_ros_driver2/local/lib/python3.10/dist-packages/livox_ros_driver2/_livox_ros_driver2_s.ep.rosidl_typesupport_c.c
[0.404s] Listing '/home/yuanluochen/code/guard/guard_ros/install/livox_ros_driver2/local/lib/python3.10/dist-packages/livox_ros_driver2'...
[0.404s] Listing '/home/yuanluochen/code/guard/guard_ros/install/livox_ros_driver2/local/lib/python3.10/dist-packages/livox_ros_driver2/msg'...
[0.408s] -- Up-to-date: /home/yuanluochen/code/guard/guard_ros/install/livox_ros_driver2/local/lib/python3.10/dist-packages/livox_ros_driver2/livox_ros_driver2_s__rosidl_typesupport_fastrtps_c.cpython-310-x86_64-linux-gnu.so
[0.408s] -- Up-to-date: /home/yuanluochen/code/guard/guard_ros/install/livox_ros_driver2/local/lib/python3.10/dist-packages/livox_ros_driver2/livox_ros_driver2_s__rosidl_typesupport_introspection_c.cpython-310-x86_64-linux-gnu.so
[0.408s] -- Up-to-date: /home/yuanluochen/code/guard/guard_ros/install/livox_ros_driver2/local/lib/python3.10/dist-packages/livox_ros_driver2/livox_ros_driver2_s__rosidl_typesupport_c.cpython-310-x86_64-linux-gnu.so
[0.408s] -- Up-to-date: /home/yuanluochen/code/guard/guard_ros/install/livox_ros_driver2/lib/liblivox_interfaces2__rosidl_generator_py.so
[0.408s] -- Up-to-date: /home/yuanluochen/code/guard/guard_ros/install/livox_ros_driver2/share/livox_ros_driver2/msg/CustomPoint.idl
[0.408s] -- Up-to-date: /home/yuanluochen/code/guard/guard_ros/install/livox_ros_driver2/share/livox_ros_driver2/msg/CustomMsg.idl
[0.408s] -- Up-to-date: /home/yuanluochen/code/guard/guard_ros/install/livox_ros_driver2/share/livox_ros_driver2/msg/CustomPoint.msg
[0.408s] -- Up-to-date: /home/yuanluochen/code/guard/guard_ros/install/livox_ros_driver2/share/livox_ros_driver2/msg/CustomMsg.msg
[0.409s] -- Up-to-date: /home/yuanluochen/code/guard/guard_ros/install/livox_ros_driver2/lib/livox_ros_driver2/livox_ros_driver2_node
[0.409s] -- Up-to-date: /home/yuanluochen/code/guard/guard_ros/install/livox_ros_driver2/lib/liblivox_ros_driver2.so
[0.409s] -- Up-to-date: /home/yuanluochen/code/guard/guard_ros/install/livox_ros_driver2/share/livox_ros_driver2/config
[0.409s] -- Up-to-date: /home/yuanluochen/code/guard/guard_ros/install/livox_ros_driver2/share/livox_ros_driver2/config/MID360_config.json
[0.409s] -- Up-to-date: /home/yuanluochen/code/guard/guard_ros/install/livox_ros_driver2/share/livox_ros_driver2/config/display_point_cloud_ROS2.rviz
[0.409s] -- Up-to-date: /home/yuanluochen/code/guard/guard_ros/install/livox_ros_driver2/share/livox_ros_driver2/config/mixed_HAP_MID360_config.json
[0.409s] -- Up-to-date: /home/yuanluochen/code/guard/guard_ros/install/livox_ros_driver2/share/livox_ros_driver2/config/HAP_config.json
[0.409s] -- Up-to-date: /home/yuanluochen/code/guard/guard_ros/install/livox_ros_driver2/share/livox_ros_driver2/config/display_point_cloud_ROS1.rviz
[0.409s] -- Up-to-date: /home/yuanluochen/code/guard/guard_ros/install/livox_ros_driver2/share/livox_ros_driver2/launch_ROS2
[0.409s] -- Up-to-date: /home/yuanluochen/code/guard/guard_ros/install/livox_ros_driver2/share/livox_ros_driver2/launch_ROS2/rviz_MID360_launch.py
[0.409s] -- Up-to-date: /home/yuanluochen/code/guard/guard_ros/install/livox_ros_driver2/share/livox_ros_driver2/launch_ROS2/msg_MID360_launch.py
[0.409s] -- Up-to-date: /home/yuanluochen/code/guard/guard_ros/install/livox_ros_driver2/share/livox_ros_driver2/launch_ROS2/__pycache__
[0.410s] -- Up-to-date: /home/yuanluochen/code/guard/guard_ros/install/livox_ros_driver2/share/livox_ros_driver2/launch_ROS2/__pycache__/msg_MID360_launch.cpython-310.pyc
[0.410s] -- Up-to-date: /home/yuanluochen/code/guard/guard_ros/install/livox_ros_driver2/share/livox_ros_driver2/launch_ROS2/rviz_HAP_launch.py
[0.410s] -- Up-to-date: /home/yuanluochen/code/guard/guard_ros/install/livox_ros_driver2/share/livox_ros_driver2/launch_ROS2/rviz_mixed.py
[0.410s] -- Up-to-date: /home/yuanluochen/code/guard/guard_ros/install/livox_ros_driver2/share/livox_ros_driver2/launch_ROS2/msg_HAP_launch.py
[0.410s] -- Up-to-date: /home/yuanluochen/code/guard/guard_ros/install/livox_ros_driver2/share/ament_index/resource_index/package_run_dependencies/livox_ros_driver2
[0.410s] -- Up-to-date: /home/yuanluochen/code/guard/guard_ros/install/livox_ros_driver2/share/ament_index/resource_index/parent_prefix_path/livox_ros_driver2
[0.410s] -- Up-to-date: /home/yuanluochen/code/guard/guard_ros/install/livox_ros_driver2/share/livox_ros_driver2/environment/ament_prefix_path.sh
[0.410s] -- Up-to-date: /home/yuanluochen/code/guard/guard_ros/install/livox_ros_driver2/share/livox_ros_driver2/environment/ament_prefix_path.dsv
[0.410s] -- Up-to-date: /home/yuanluochen/code/guard/guard_ros/install/livox_ros_driver2/share/livox_ros_driver2/environment/path.sh
[0.410s] -- Up-to-date: /home/yuanluochen/code/guard/guard_ros/install/livox_ros_driver2/share/livox_ros_driver2/environment/path.dsv
[0.410s] -- Up-to-date: /home/yuanluochen/code/guard/guard_ros/install/livox_ros_driver2/share/livox_ros_driver2/local_setup.bash
[0.410s] -- Up-to-date: /home/yuanluochen/code/guard/guard_ros/install/livox_ros_driver2/share/livox_ros_driver2/local_setup.sh
[0.410s] -- Up-to-date: /home/yuanluochen/code/guard/guard_ros/install/livox_ros_driver2/share/livox_ros_driver2/local_setup.zsh
[0.410s] -- Up-to-date: /home/yuanluochen/code/guard/guard_ros/install/livox_ros_driver2/share/livox_ros_driver2/local_setup.dsv
[0.410s] -- Up-to-date: /home/yuanluochen/code/guard/guard_ros/install/livox_ros_driver2/share/livox_ros_driver2/package.dsv
[0.410s] -- Up-to-date: /home/yuanluochen/code/guard/guard_ros/install/livox_ros_driver2/share/ament_index/resource_index/packages/livox_ros_driver2
[0.410s] -- Up-to-date: /home/yuanluochen/code/guard/guard_ros/install/livox_ros_driver2/share/livox_ros_driver2/cmake/export_livox_interfaces2__rosidl_generator_cExport.cmake
[0.410s] -- Up-to-date: /home/yuanluochen/code/guard/guard_ros/install/livox_ros_driver2/share/livox_ros_driver2/cmake/export_livox_interfaces2__rosidl_generator_cExport-noconfig.cmake
[0.411s] -- Up-to-date: /home/yuanluochen/code/guard/guard_ros/install/livox_ros_driver2/share/livox_ros_driver2/cmake/export_livox_interfaces2__rosidl_typesupport_fastrtps_cExport.cmake
[0.411s] -- Up-to-date: /home/yuanluochen/code/guard/guard_ros/install/livox_ros_driver2/share/livox_ros_driver2/cmake/export_livox_interfaces2__rosidl_typesupport_fastrtps_cExport-noconfig.cmake
[0.411s] -- Up-to-date: /home/yuanluochen/code/guard/guard_ros/install/livox_ros_driver2/share/livox_ros_driver2/cmake/livox_interfaces2__rosidl_typesupport_introspection_cExport.cmake
[0.411s] -- Up-to-date: /home/yuanluochen/code/guard/guard_ros/install/livox_ros_driver2/share/livox_ros_driver2/cmake/livox_interfaces2__rosidl_typesupport_introspection_cExport-noconfig.cmake
[0.411s] -- Up-to-date: /home/yuanluochen/code/guard/guard_ros/install/livox_ros_driver2/share/livox_ros_driver2/cmake/livox_interfaces2__rosidl_typesupport_cExport.cmake
[0.411s] -- Up-to-date: /home/yuanluochen/code/guard/guard_ros/install/livox_ros_driver2/share/livox_ros_driver2/cmake/livox_interfaces2__rosidl_typesupport_cExport-noconfig.cmake
[0.411s] -- Up-to-date: /home/yuanluochen/code/guard/guard_ros/install/livox_ros_driver2/share/livox_ros_driver2/cmake/export_livox_interfaces2__rosidl_generator_cppExport.cmake
[0.411s] -- Up-to-date: /home/yuanluochen/code/guard/guard_ros/install/livox_ros_driver2/share/livox_ros_driver2/cmake/export_livox_interfaces2__rosidl_typesupport_fastrtps_cppExport.cmake
[0.411s] -- Up-to-date: /home/yuanluochen/code/guard/guard_ros/install/livox_ros_driver2/share/livox_ros_driver2/cmake/export_livox_interfaces2__rosidl_typesupport_fastrtps_cppExport-noconfig.cmake
[0.411s] -- Up-to-date: /home/yuanluochen/code/guard/guard_ros/install/livox_ros_driver2/share/livox_ros_driver2/cmake/livox_interfaces2__rosidl_typesupport_introspection_cppExport.cmake
[0.411s] -- Up-to-date: /home/yuanluochen/code/guard/guard_ros/install/livox_ros_driver2/share/livox_ros_driver2/cmake/livox_interfaces2__rosidl_typesupport_introspection_cppExport-noconfig.cmake
[0.411s] -- Up-to-date: /home/yuanluochen/code/guard/guard_ros/install/livox_ros_driver2/share/livox_ros_driver2/cmake/livox_interfaces2__rosidl_typesupport_cppExport.cmake
[0.411s] -- Up-to-date: /home/yuanluochen/code/guard/guard_ros/install/livox_ros_driver2/share/livox_ros_driver2/cmake/livox_interfaces2__rosidl_typesupport_cppExport-noconfig.cmake
[0.411s] -- Up-to-date: /home/yuanluochen/code/guard/guard_ros/install/livox_ros_driver2/share/livox_ros_driver2/cmake/export_livox_interfaces2__rosidl_generator_pyExport.cmake
[0.411s] -- Up-to-date: /home/yuanluochen/code/guard/guard_ros/install/livox_ros_driver2/share/livox_ros_driver2/cmake/export_livox_interfaces2__rosidl_generator_pyExport-noconfig.cmake
[0.411s] -- Up-to-date: /home/yuanluochen/code/guard/guard_ros/install/livox_ros_driver2/share/ament_index/resource_index/rclcpp_components/livox_ros_driver2
[0.411s] -- Up-to-date: /home/yuanluochen/code/guard/guard_ros/install/livox_ros_driver2/share/livox_ros_driver2/cmake/rosidl_cmake-extras.cmake
[0.411s] -- Up-to-date: /home/yuanluochen/code/guard/guard_ros/install/livox_ros_driver2/share/livox_ros_driver2/cmake/ament_cmake_export_dependencies-extras.cmake
[0.411s] -- Up-to-date: /home/yuanluochen/code/guard/guard_ros/install/livox_ros_driver2/share/livox_ros_driver2/cmake/ament_cmake_export_include_directories-extras.cmake
[0.411s] -- Up-to-date: /home/yuanluochen/code/guard/guard_ros/install/livox_ros_driver2/share/livox_ros_driver2/cmake/ament_cmake_export_libraries-extras.cmake
[0.411s] -- Up-to-date: /home/yuanluochen/code/guard/guard_ros/install/livox_ros_driver2/share/livox_ros_driver2/cmake/ament_cmake_export_targets-extras.cmake
[0.411s] -- Up-to-date: /home/yuanluochen/code/guard/guard_ros/install/livox_ros_driver2/share/livox_ros_driver2/cmake/rosidl_cmake_export_typesupport_targets-extras.cmake
[0.412s] -- Up-to-date: /home/yuanluochen/code/guard/guard_ros/install/livox_ros_driver2/share/livox_ros_driver2/cmake/rosidl_cmake_export_typesupport_libraries-extras.cmake
[0.412s] -- Up-to-date: /home/yuanluochen/code/guard/guard_ros/install/livox_ros_driver2/share/livox_ros_driver2/cmake/livox_ros_driver2Config.cmake
[0.412s] -- Up-to-date: /home/yuanluochen/code/guard/guard_ros/install/livox_ros_driver2/share/livox_ros_driver2/cmake/livox_ros_driver2Config-version.cmake
[0.412s] -- Up-to-date: /home/yuanluochen/code/guard/guard_ros/install/livox_ros_driver2/share/livox_ros_driver2/package.xml
[0.413s] Invoked command in '/home/yuanluochen/code/guard/guard_ros/build/livox_ros_driver2' returned '0': CMAKE_PREFIX_PATH=${CMAKE_PREFIX_PATH}:/opt/ros/humble /usr/bin/cmake --install /home/yuanluochen/code/guard/guard_ros/build/livox_ros_driver2
